2024-06-18 08:42:37,402 [INFO] Activator:176 - 


2024-06-18 08:42:37,409 [INFO] Activator:177 - !SESSION log4j initialized
2024-06-18 08:42:45,858 [INFO] LogOutputStream:77 - [STDOUT_REDIRECT] 
2024-06-18 08:42:53,442 [INFO] ApplicationProperties:184 - Using Application install path: C:\ST\STM32CubeIDE_1.13.0\STM32CubeIDE\plugins\com.st.stm32cube.common.mx_6.9.2.202309101412
2024-06-18 08:42:53,459 [INFO] DbMcusXml:78 - Set database path to: C:\ST\STM32CubeIDE_1.13.0\STM32CubeIDE\plugins\com.st.stm32cube.common.mx_6.9.2.202309101412\\db\/mcu/
2024-06-18 08:42:53,459 [INFO] ApiDb:274 - Set plugin database path to: C:\ST\STM32CubeIDE_1.13.0\STM32CubeIDE\plugins\com.st.stm32cube.common.mx_6.9.2.202309101412\\db\/plugins/boardmanager/
2024-06-18 08:42:53,459 [WARN] ApiDb:259 - Overriding images path with different value:  => C:\ST\STM32CubeIDE_1.13.0\STM32CubeIDE\plugins\com.st.stm32cube.common.mx_6.9.2.202309101412\\db\/plugins/mcufinder/images/
2024-06-18 08:42:53,477 [INFO] ApiDb:250 - Set database path to: C:\Users\OS\.stmcufinder\plugins\mcufinder//mcu/
2024-06-18 08:42:53,478 [INFO] DbMcusAds:125 - Set database path to: C:\Users\OS\.stmcufinder\plugins\mcufinder//mcu/
2024-06-18 08:42:53,480 [INFO] CrossReferenceDbSqlite:203 - Set database path to: C:\Users\OS\.stmcufinder\plugins\mcufinder//mcu/cs/
2024-06-18 08:42:53,592 [INFO] RulesReader:64 - Compatibility file has been processed (293 Rules)
2024-06-18 08:42:53,681 [INFO] DbMcusXml:78 - Set database path to: C:\ST\STM32CubeIDE_1.13.0\STM32CubeIDE\plugins\com.st.stm32cube.common.mx_6.9.2.202309101412\\db\/mcu/
2024-06-18 08:42:53,681 [INFO] ApiDb:274 - Set plugin database path to: C:\ST\STM32CubeIDE_1.13.0\STM32CubeIDE\plugins\com.st.stm32cube.common.mx_6.9.2.202309101412\\db\/plugins/boardmanager/
2024-06-18 08:42:53,682 [INFO] ApiDb:261 - Set plugin images path to: C:\ST\STM32CubeIDE_1.13.0\STM32CubeIDE\plugins\com.st.stm32cube.common.mx_6.9.2.202309101412\\db\/plugins/mcufinder/images/
2024-06-18 08:42:53,682 [WARN] DbFile:41 - Overriding database path with different value: C:\Users\OS\.stmcufinder\plugins\mcufinder/ => C:\Users\OS\.stmcufinder\plugins\mcufinder
2024-06-18 08:42:53,682 [INFO] ApiDb:250 - Set database path to: C:\Users\OS\.stmcufinder\plugins\mcufinder//mcu/
2024-06-18 08:42:53,682 [WARN] DbFile:41 - Overriding database path with different value: C:\Users\OS\.stmcufinder\plugins\mcufinder/ => C:\Users\OS\.stmcufinder\plugins\mcufinder
2024-06-18 08:42:53,682 [INFO] DbMcusAds:125 - Set database path to: C:\Users\OS\.stmcufinder\plugins\mcufinder//mcu/
2024-06-18 08:42:53,682 [WARN] DbFile:41 - Overriding database path with different value: C:\Users\OS\.stmcufinder\plugins\mcufinder/ => C:\Users\OS\.stmcufinder\plugins\mcufinder
2024-06-18 08:42:53,682 [WARN] DbFile:41 - Overriding database path with different value: C:\Users\OS\.stmcufinder\plugins\mcufinder/ => C:\Users\OS\.stmcufinder\plugins\mcufinder
2024-06-18 08:42:53,682 [INFO] CrossReferenceDbSqlite:203 - Set database path to: C:\Users\OS\.stmcufinder\plugins\mcufinder//mcu/cs/
2024-06-18 08:42:53,757 [INFO] MainPanel:262 - HeapMemory: 268435456
2024-06-18 08:42:53,845 [INFO] DbMcusXml:78 - Set database path to: C:\ST\STM32CubeIDE_1.13.0\STM32CubeIDE\plugins\com.st.stm32cube.common.mx_6.9.2.202309101412\\db\/mcu/
2024-06-18 08:42:53,845 [INFO] ApiDb:274 - Set plugin database path to: C:\ST\STM32CubeIDE_1.13.0\STM32CubeIDE\plugins\com.st.stm32cube.common.mx_6.9.2.202309101412\\db\/plugins/boardmanager/
2024-06-18 08:42:53,845 [INFO] ApiDb:261 - Set plugin images path to: C:\ST\STM32CubeIDE_1.13.0\STM32CubeIDE\plugins\com.st.stm32cube.common.mx_6.9.2.202309101412\\db\/plugins/mcufinder/images/
2024-06-18 08:42:53,846 [WARN] DbFile:41 - Overriding database path with different value: C:\Users\OS\.stmcufinder\plugins\mcufinder/ => C:\Users\OS\.stmcufinder\plugins\mcufinder
2024-06-18 08:42:53,846 [INFO] ApiDb:250 - Set database path to: C:\Users\OS\.stmcufinder\plugins\mcufinder//mcu/
2024-06-18 08:42:53,846 [WARN] DbFile:41 - Overriding database path with different value: C:\Users\OS\.stmcufinder\plugins\mcufinder/ => C:\Users\OS\.stmcufinder\plugins\mcufinder
2024-06-18 08:42:53,846 [INFO] DbMcusAds:125 - Set database path to: C:\Users\OS\.stmcufinder\plugins\mcufinder//mcu/
2024-06-18 08:42:53,846 [WARN] DbFile:41 - Overriding database path with different value: C:\Users\OS\.stmcufinder\plugins\mcufinder/ => C:\Users\OS\.stmcufinder\plugins\mcufinder
2024-06-18 08:42:53,846 [WARN] DbFile:41 - Overriding database path with different value: C:\Users\OS\.stmcufinder\plugins\mcufinder/ => C:\Users\OS\.stmcufinder\plugins\mcufinder
2024-06-18 08:42:53,846 [INFO] CrossReferenceDbSqlite:203 - Set database path to: C:\Users\OS\.stmcufinder\plugins\mcufinder//mcu/cs/
2024-06-18 08:42:53,863 [INFO] ApplicationProperties:184 - Using Application install path: C:\ST\STM32CubeIDE_1.13.0\STM32CubeIDE\plugins\com.st.stm32cube.common.mx_6.9.2.202309101412
2024-06-18 08:42:53,865 [INFO] PluginManage:196 - Search for loadable plugins [exclusion list=, ]
2024-06-18 08:42:53,866 [INFO] PluginManage:310 - Check plugin analytics
2024-06-18 08:42:59,001 [INFO] AnalyticsPlugin:253 - Accepted Software Licenses: STM32CubeMX.6.10.0
2024-06-18 08:42:59,001 [INFO] AnalyticsPlugin:255 - Accepted CMSIS Pack Licenses: 
2024-06-18 08:42:59,001 [INFO] AnalyticsPlugin:257 - Accepted Firmware Licenses: 
2024-06-18 08:42:59,004 [INFO] PluginManage:359 - Loaded plugin analytics (category:tool,tabindex:-1)
2024-06-18 08:42:59,004 [INFO] PluginManage:310 - Check plugin cadmodel
2024-06-18 08:42:59,018 [INFO] CADModel:105 - Init CAD model plugin
2024-06-18 08:42:59,018 [INFO] PluginManage:359 - Loaded plugin cadmodel (category:power,tabindex:5)
2024-06-18 08:42:59,018 [INFO] PluginManage:310 - Check plugin clock
2024-06-18 08:42:59,036 [INFO] PluginManage:359 - Loaded plugin clock (category:base,tabindex:2)
2024-06-18 08:42:59,037 [INFO] PluginManage:310 - Check plugin ddr
2024-06-18 08:42:59,039 [INFO] PluginManage:359 - Loaded plugin ddr (category:tool,tabindex:6)
2024-06-18 08:42:59,039 [INFO] PluginManage:310 - Check plugin filemanager
2024-06-18 08:42:59,151 [INFO] PluginManage:359 - Loaded plugin filemanager (category:base,tabindex:10)
2024-06-18 08:42:59,151 [INFO] PluginManage:310 - Check plugin ipmanager
2024-06-18 08:42:59,157 [INFO] PluginManage:359 - Loaded plugin ipmanager (category:base,tabindex:5)
2024-06-18 08:42:59,157 [INFO] PluginManage:310 - Check plugin lpbam
2024-06-18 08:42:59,174 [INFO] PluginManage:359 - Loaded plugin lpbam (category:base,tabindex:0)
2024-06-18 08:42:59,174 [INFO] PluginManage:310 - Check plugin memorymap
2024-06-18 08:42:59,195 [INFO] PluginManage:359 - Loaded plugin memorymap (category:base,tabindex:4)
2024-06-18 08:42:59,195 [INFO] PluginManage:310 - Check plugin pinoutandconfiguration
2024-06-18 08:42:59,210 [INFO] PluginManage:359 - Loaded plugin pinoutandconfiguration (category:base,tabindex:1)
2024-06-18 08:42:59,210 [INFO] PluginManage:310 - Check plugin pinoutconfig
2024-06-18 08:42:59,294 [WARN] SupportedApi:132 - Cannot load RTOS API schema: s4s-elt-must-match.1: The content of 'definitions' must match (annotation?, (simpleType | complexType)?, (unique | key | keyref)*)). A problem was found starting at: attribute.
2024-06-18 08:42:59,422 [INFO] PluginManage:359 - Loaded plugin pinoutconfig (category:base,tabindex:0)
2024-06-18 08:42:59,422 [INFO] PluginManage:310 - Check plugin power
2024-06-18 08:42:59,442 [INFO] PluginManage:359 - Loaded plugin power (category:power,tabindex:4)
2024-06-18 08:42:59,442 [INFO] PluginManage:310 - Check plugin projectmanager
2024-06-18 08:42:59,455 [INFO] PluginManage:359 - Loaded plugin projectmanager (category:projectmanager,tabindex:3)
2024-06-18 08:42:59,455 [INFO] PluginManage:310 - Check plugin thirdparty
2024-06-18 08:42:59,722 [INFO] PluginManage:359 - Loaded plugin thirdparty (category:base,tabindex:-1)
2024-06-18 08:42:59,722 [WARN] IntegrityCheckThread:84 - waiting for thirdparty lock release [integrity check]
2024-06-18 08:42:59,722 [INFO] PluginManage:310 - Check plugin tools
2024-06-18 08:42:59,722 [INFO] IntegrityCheckThread:86 - entering critical section [integrity check]
2024-06-18 08:42:59,723 [INFO] ThirdPartyUpdaterWithRetryManager:70 - Updater plugin not ready yet. [1/15]
2024-06-18 08:42:59,754 [INFO] PluginManage:359 - Loaded plugin tools (category:base,tabindex:7)
2024-06-18 08:42:59,754 [INFO] PluginManage:310 - Check plugin tutovideos
2024-06-18 08:42:59,924 [INFO] PluginManage:359 - Loaded plugin tutovideos (category:base,tabindex:-1)
2024-06-18 08:42:59,924 [INFO] PluginManage:310 - Check plugin updater
2024-06-18 08:42:59,933 [INFO] PluginManage:359 - Loaded plugin updater (category:base,tabindex:12)
2024-06-18 08:42:59,934 [INFO] PluginManage:310 - Check plugin userauth
2024-06-18 08:42:59,939 [INFO] UserAuth:113 - Init User Auth plugin
2024-06-18 08:42:59,939 [INFO] PluginManage:359 - Loaded plugin userauth (category:base,tabindex:14)
2024-06-18 08:42:59,939 [INFO] PluginManage:283 - PluginManage : Loaded plugins [17]
2024-06-18 08:43:00,132 [INFO] PinOutPanel:1499 - setPackage(No Configuration,No Configuration)
2024-06-18 08:43:00,223 [INFO] CADModel:165 - CPN selected for project level
2024-06-18 08:43:00,223 [INFO] CADModel:114 - Register for checkConnection events
2024-06-18 08:43:00,249 [INFO] IPUIPlugin:80 - create IPUIPlugin
2024-06-18 08:43:00,249 [INFO] PluginManager:220 - loadIPPluginJar : add adc
2024-06-18 08:43:00,282 [INFO] IPUIPlugin:80 - create IPUIPlugin
2024-06-18 08:43:00,282 [INFO] PluginManager:220 - loadIPPluginJar : add aes
2024-06-18 08:43:00,321 [INFO] IPUIPlugin:80 - create IPUIPlugin
2024-06-18 08:43:00,321 [INFO] PluginManager:220 - loadIPPluginJar : add can
2024-06-18 08:43:00,343 [INFO] IPUIPlugin:80 - create IPUIPlugin
2024-06-18 08:43:00,343 [INFO] PluginManager:220 - loadIPPluginJar : add comp
2024-06-18 08:43:00,373 [INFO] IPUIPlugin:80 - create IPUIPlugin
2024-06-18 08:43:00,373 [INFO] PluginManager:220 - loadIPPluginJar : add cryp
2024-06-18 08:43:00,400 [INFO] IPUIPlugin:80 - create IPUIPlugin
2024-06-18 08:43:00,400 [INFO] PluginManager:220 - loadIPPluginJar : add dfsdm
2024-06-18 08:43:00,412 [INFO] IPUIPlugin:80 - create IPUIPlugin
2024-06-18 08:43:00,412 [INFO] PluginManager:220 - loadIPPluginJar : add dma
2024-06-18 08:43:00,453 [INFO] IPUIPlugin:80 - create IPUIPlugin
2024-06-18 08:43:00,453 [INFO] PluginManager:220 - loadIPPluginJar : add dma3
2024-06-18 08:43:00,472 [INFO] IPUIPlugin:80 - create IPUIPlugin
2024-06-18 08:43:00,472 [INFO] PluginManager:220 - loadIPPluginJar : add fatfs
2024-06-18 08:43:00,515 [INFO] IPUIPlugin:80 - create IPUIPlugin
2024-06-18 08:43:00,515 [INFO] PluginManager:220 - loadIPPluginJar : add fmc
2024-06-18 08:43:00,528 [INFO] IPUIPlugin:80 - create IPUIPlugin
2024-06-18 08:43:00,529 [INFO] PluginManager:220 - loadIPPluginJar : add freertos
2024-06-18 08:43:00,548 [INFO] IPUIPlugin:80 - create IPUIPlugin
2024-06-18 08:43:00,548 [INFO] PluginManager:220 - loadIPPluginJar : add genericplugin
2024-06-18 08:43:00,639 [INFO] IPUIPlugin:80 - create IPUIPlugin
2024-06-18 08:43:00,639 [INFO] PluginManager:220 - loadIPPluginJar : add gfxmmu
2024-06-18 08:43:00,776 [INFO] IPUIPlugin:80 - create IPUIPlugin
2024-06-18 08:43:00,776 [INFO] PluginManager:220 - loadIPPluginJar : add gic
2024-06-18 08:43:00,787 [INFO] IPUIPlugin:80 - create IPUIPlugin
2024-06-18 08:43:00,787 [INFO] PluginManager:220 - loadIPPluginJar : add gpio
2024-06-18 08:43:00,871 [INFO] IPUIPlugin:80 - create IPUIPlugin
2024-06-18 08:43:00,871 [INFO] PluginManager:220 - loadIPPluginJar : add gtzc
2024-06-18 08:43:00,901 [INFO] IPUIPlugin:80 - create IPUIPlugin
2024-06-18 08:43:00,901 [INFO] PluginManager:220 - loadIPPluginJar : add hash
2024-06-18 08:43:00,951 [INFO] IPUIPlugin:80 - create IPUIPlugin
2024-06-18 08:43:00,951 [INFO] PluginManager:220 - loadIPPluginJar : add i2c
2024-06-18 08:43:00,986 [INFO] IPUIPlugin:80 - create IPUIPlugin
2024-06-18 08:43:00,986 [INFO] PluginManager:220 - loadIPPluginJar : add i2s
2024-06-18 08:43:01,028 [INFO] IPUIPlugin:80 - create IPUIPlugin
2024-06-18 08:43:01,028 [INFO] PluginManager:220 - loadIPPluginJar : add i3c
2024-06-18 08:43:01,130 [INFO] IPUIPlugin:80 - create IPUIPlugin
2024-06-18 08:43:01,130 [INFO] PluginManager:220 - loadIPPluginJar : add ipddr
2024-06-18 08:43:01,222 [INFO] IPUIPlugin:80 - create IPUIPlugin
2024-06-18 08:43:01,222 [INFO] PluginManager:220 - loadIPPluginJar : add linkedlist
2024-06-18 08:43:01,256 [INFO] IPUIPlugin:80 - create IPUIPlugin
2024-06-18 08:43:01,256 [INFO] PluginManager:220 - loadIPPluginJar : add lorawan
2024-06-18 08:43:01,290 [INFO] IPUIPlugin:80 - create IPUIPlugin
2024-06-18 08:43:01,290 [INFO] PluginManager:220 - loadIPPluginJar : add ltdc
2024-06-18 08:43:01,302 [INFO] IPUIPlugin:80 - create IPUIPlugin
2024-06-18 08:43:01,303 [INFO] PluginManager:220 - loadIPPluginJar : add mdma
2024-06-18 08:43:01,314 [INFO] IPUIPlugin:80 - create IPUIPlugin
2024-06-18 08:43:01,314 [INFO] PluginManager:220 - loadIPPluginJar : add nvic
2024-06-18 08:43:01,348 [INFO] IPUIPlugin:80 - create IPUIPlugin
2024-06-18 08:43:01,348 [INFO] PluginManager:220 - loadIPPluginJar : add opamp
2024-06-18 08:43:01,405 [INFO] IPUIPlugin:80 - create IPUIPlugin
2024-06-18 08:43:01,405 [INFO] PluginManager:220 - loadIPPluginJar : add openamp
2024-06-18 08:43:01,446 [INFO] IPUIPlugin:80 - create IPUIPlugin
2024-06-18 08:43:01,447 [INFO] PluginManager:220 - loadIPPluginJar : add pdm2pcm
2024-06-18 08:43:01,459 [INFO] IPUIPlugin:80 - create IPUIPlugin
2024-06-18 08:43:01,461 [INFO] PluginManager:220 - loadIPPluginJar : add plateformsettings
2024-06-18 08:43:01,482 [INFO] IPUIPlugin:80 - create IPUIPlugin
2024-06-18 08:43:01,482 [INFO] PluginManager:220 - loadIPPluginJar : add quadspi
2024-06-18 08:43:01,493 [INFO] IPUIPlugin:80 - create IPUIPlugin
2024-06-18 08:43:01,493 [INFO] PluginManager:220 - loadIPPluginJar : add resmgrutility
2024-06-18 08:43:01,537 [INFO] IPUIPlugin:80 - create IPUIPlugin
2024-06-18 08:43:01,537 [INFO] PluginManager:220 - loadIPPluginJar : add sai
2024-06-18 08:43:01,573 [INFO] IPUIPlugin:80 - create IPUIPlugin
2024-06-18 08:43:01,573 [INFO] PluginManager:220 - loadIPPluginJar : add spi
2024-06-18 08:43:01,626 [INFO] IPUIPlugin:80 - create IPUIPlugin
2024-06-18 08:43:01,627 [INFO] PluginManager:220 - loadIPPluginJar : add stm32_wpan
2024-06-18 08:43:01,648 [INFO] IPUIPlugin:80 - create IPUIPlugin
2024-06-18 08:43:01,648 [INFO] PluginManager:220 - loadIPPluginJar : add tim
2024-06-18 08:43:01,700 [INFO] IPUIPlugin:80 - create IPUIPlugin
2024-06-18 08:43:01,700 [INFO] PluginManager:220 - loadIPPluginJar : add touchsensing
2024-06-18 08:43:01,721 [INFO] IPUIPlugin:80 - create IPUIPlugin
2024-06-18 08:43:01,721 [INFO] PluginManager:220 - loadIPPluginJar : add tracer_emb
2024-06-18 08:43:01,743 [INFO] IPUIPlugin:80 - create IPUIPlugin
2024-06-18 08:43:01,743 [INFO] PluginManager:220 - loadIPPluginJar : add ts
2024-06-18 08:43:01,764 [INFO] IPUIPlugin:80 - create IPUIPlugin
2024-06-18 08:43:01,765 [INFO] PluginManager:220 - loadIPPluginJar : add tsc
2024-06-18 08:43:01,785 [INFO] IPUIPlugin:80 - create IPUIPlugin
2024-06-18 08:43:01,785 [INFO] PluginManager:220 - loadIPPluginJar : add ucpd
2024-06-18 08:43:01,844 [INFO] IPUIPlugin:80 - create IPUIPlugin
2024-06-18 08:43:01,844 [INFO] PluginManager:220 - loadIPPluginJar : add usart
2024-06-18 08:43:01,884 [INFO] IPUIPlugin:80 - create IPUIPlugin
2024-06-18 08:43:01,884 [INFO] PluginManager:220 - loadIPPluginJar : add usbx
2024-06-18 08:43:02,009 [INFO] CADModel:165 - CPN selected for project level
2024-06-18 08:43:02,009 [INFO] CADModel:114 - Register for checkConnection events
2024-06-18 08:43:02,009 [FATAL] Updater:308 - Updater called before beeing initialized
2024-06-18 08:43:02,009 [ERROR] CADModel:125 - Updater not yet initialized, retry later 
2024-06-18 08:43:02,137 [INFO] CADModel:165 - CPN selected for project level
2024-06-18 08:43:02,137 [INFO] CADModel:114 - Register for checkConnection events
2024-06-18 08:43:02,137 [FATAL] Updater:308 - Updater called before beeing initialized
2024-06-18 08:43:02,137 [ERROR] CADModel:125 - Updater not yet initialized, retry later 
2024-06-18 08:43:02,141 [FATAL] Updater:308 - Updater called before beeing initialized
2024-06-18 08:43:02,233 [FATAL] Updater:308 - Updater called before beeing initialized
2024-06-18 08:43:02,244 [INFO] DbMcusAds:53 - JSON generation date=Thu May 16 16:22:00 ICT 2024 (1715851320852)
2024-06-18 08:43:02,244 [FATAL] Updater:308 - Updater called before beeing initialized
2024-06-18 08:43:02,281 [WARN] DetailPanel:346 - Failed to get advertising image, set to default
2024-06-18 08:43:02,367 [FATAL] Updater:308 - Updater called before beeing initialized
2024-06-18 08:43:02,369 [FATAL] Updater:308 - Updater called before beeing initialized
2024-06-18 08:43:02,369 [FATAL] Updater:308 - Updater called before beeing initialized
2024-06-18 08:43:02,369 [WARN] DetailPanel:346 - Failed to get advertising image, set to default
2024-06-18 08:43:02,370 [FATAL] Updater:308 - Updater called before beeing initialized
2024-06-18 08:43:02,417 [ERROR] Updater:1120 - MainUpdater not yet initialized. External WinMGr cannot be set.
2024-06-18 08:43:02,427 [INFO] Updater:1056 - Updater Version found : 6.9.2
2024-06-18 08:43:02,447 [INFO] ApplicationProperties:184 - Using Application install path: C:\ST\STM32CubeIDE_1.13.0\STM32CubeIDE\plugins\com.st.stm32cube.common.mx_6.9.2.202309101412
2024-06-18 08:43:02,724 [INFO] ThirdPartyUpdaterWithRetryManager:70 - Updater plugin not ready yet. [2/15]
2024-06-18 08:43:03,621 [INFO] MainUpdater:2868 - connection check result : 10
2024-06-18 08:43:03,622 [INFO] MainUpdater:285 - Updater Check For Update Now.
2024-06-18 08:43:03,622 [INFO] MicroXplorer:498 - Change Database Version : DB.6.0.92
2024-06-18 08:43:03,638 [INFO] McuFinderGlobals:63 - Set McuFinder mode to 2 (CubeIDE integrated)
2024-06-18 08:43:03,638 [INFO] UserAuth:179 - activating auth plugin
2024-06-18 08:43:03,641 [INFO] UserAuth:393 - Internet connection configuration mode: 1
2024-06-18 08:43:03,672 [INFO] JxBrowserEngine:151 - Initiate JxBrowser Engine with user profile folder
2024-06-18 08:43:03,833 [INFO] CheckServerUpdateThread:120 - End of CheckServer Thread
2024-06-18 08:43:05,619 [INFO] WebApp:157 - Instantiating new browser for Auth
2024-06-18 08:43:05,932 [WARN] PackLoader:240 - Cannot read IP mode file for STMicroelectronics.FP-SNS-MOTENVWB1.1.4.0
2024-06-18 08:43:05,949 [WARN] PackLoader:240 - Cannot read IP mode file for STMicroelectronics.X-CUBE-SMBUS.2.1.0
2024-06-18 08:43:05,959 [WARN] PackLoader:240 - Cannot read IP mode file for STMicroelectronics.X-CUBE-TOUCHGFX.4.23.0
2024-06-18 08:43:05,970 [WARN] PackLoader:240 - Cannot read IP mode file for STMicroelectronics.X-CUBE-TOUCHGFX.4.23.2
2024-06-18 08:43:06,017 [WARN] PackLoader:240 - Cannot read IP mode file for STMicroelectronics.X-CUBE-AZRTOS-F7.1.1.0
2024-06-18 08:43:06,043 [WARN] PackLoader:240 - Cannot read IP mode file for STMicroelectronics.FP-SNS-MOTENV1.4.3.2
2024-06-18 08:43:06,063 [WARN] PackLoader:240 - Cannot read IP mode file for STMicroelectronics.FP-SNS-FLIGHT1.5.0.2
2024-06-18 08:43:06,088 [WARN] PackLoader:240 - Cannot read IP mode file for STMicroelectronics.X-CUBE-DISPLAY.3.0.0
2024-06-18 08:43:06,117 [WARN] PackLoader:240 - Cannot read IP mode file for STMicroelectronics.X-CUBE-BLE1.7.0.0
2024-06-18 08:43:06,136 [WARN] PackLoader:240 - Cannot read IP mode file for emotas.I-CUBE-CANOPEN.1.3.0
2024-06-18 08:43:06,170 [WARN] PackLoader:240 - Cannot read IP mode file for STMicroelectronics.X-CUBE-BLEMGR.3.1.0
2024-06-18 08:43:06,187 [WARN] PackLoader:240 - Cannot read IP mode file for STMicroelectronics.FP-SNS-SMARTAG2.1.2.0
2024-06-18 08:43:06,207 [INFO] LogOutputStream:77 - [STDOUT_REDIRECT] 1 : Invalid condition id : UX_CORESTACK_Condition cause : null
2024-06-18 08:43:06,207 [INFO] LogOutputStream:77 - [STDOUT_REDIRECT] 1 : Invalid condition id : UX_CORESTACK_Condition cause : null
2024-06-18 08:43:06,208 [INFO] LogOutputStream:77 - [STDOUT_REDIRECT] 1 : Invalid condition id : UX_CORESTACK_Condition cause : null
2024-06-18 08:43:06,209 [INFO] LogOutputStream:77 - [STDOUT_REDIRECT] 1 : Invalid condition id : UX_CORESTACK_Condition cause : null
2024-06-18 08:43:06,210 [INFO] LogOutputStream:77 - [STDOUT_REDIRECT] 1 : Invalid condition id : UX_CORESTACK_Condition cause : null
2024-06-18 08:43:06,214 [WARN] PackLoader:240 - Cannot read IP mode file for STMicroelectronics.X-CUBE-AZRTOS-WL.2.0.0
2024-06-18 08:43:06,228 [WARN] PackLoader:240 - Cannot read IP mode file for STMicroelectronics.FP-SNS-MOTENV1.5.0.0
2024-06-18 08:43:06,244 [WARN] PackLoader:240 - Cannot read IP mode file for WES.I-CUBE-Cesium.1.3.0
2024-06-18 08:43:06,257 [WARN] PackLoader:240 - Cannot read IP mode file for STMicroelectronics.X-CUBE-BLE2.3.3.0
2024-06-18 08:43:06,270 [WARN] PackLoader:240 - Cannot read IP mode file for STMicroelectronics.X-CUBE-TCPP.4.1.0
2024-06-18 08:43:06,288 [WARN] PackLoader:240 - Cannot read IP mode file for STMicroelectronics.X-CUBE-ALGOBUILD.1.3.0
2024-06-18 08:43:06,300 [INFO] WebApp:753 - Register for checkConnection events
2024-06-18 08:43:06,300 [INFO] WebApp:390 - Apply proxy settings
2024-06-18 08:43:06,301 [INFO] WebApp:475 - Chromium requires no authentication
2024-06-18 08:43:06,308 [INFO] WebApp:418 - Direct internet connection detected
2024-06-18 08:43:06,318 [WARN] PackLoader:240 - Cannot read IP mode file for STMicroelectronics.X-CUBE-AZRTOS-G0.1.1.0
2024-06-18 08:43:06,336 [WARN] PackLoader:240 - Cannot read IP mode file for STMicroelectronics.X-CUBE-SAFEA1.1.2.2
2024-06-18 08:43:06,354 [WARN] PackLoader:240 - Cannot read IP mode file for STMicroelectronics.X-CUBE-NFC4.3.0.0
2024-06-18 08:43:06,369 [WARN] PackLoader:240 - Cannot read IP mode file for wolfSSL.I-CUBE-wolfMQTT.1.18.0
2024-06-18 08:43:06,384 [WARN] PackLoader:240 - Cannot read IP mode file for STMicroelectronics.FP-ATR-SIGFOX1.3.2.0
2024-06-18 08:43:06,400 [WARN] PackLoader:240 - Cannot read IP mode file for STMicroelectronics.X-CUBE-EEPRMA1.5.1.0
2024-06-18 08:43:06,445 [WARN] PackLoader:240 - Cannot read IP mode file for SEGGER.I-CUBE-embOS.1.3.1
2024-06-18 08:43:06,493 [WARN] PackLoader:240 - Cannot read IP mode file for STMicroelectronics.X-CUBE-ALGOBUILD.1.4.0
2024-06-18 08:43:06,522 [WARN] PackLoader:240 - Cannot read IP mode file for STMicroelectronics.X-CUBE-GNSS1.6.0.0
2024-06-18 08:43:06,560 [WARN] PackLoader:240 - Cannot read IP mode file for STMicroelectronics.X-CUBE-AZRTOS-F4.1.1.0
2024-06-18 08:43:06,587 [WARN] PackLoader:240 - Cannot read IP mode file for STMicroelectronics.X-CUBE-FREERTOS.1.2.0
2024-06-18 08:43:06,612 [WARN] PackLoader:240 - Cannot read IP mode file for wolfSSL.I-CUBE-wolfSSL.5.6.6
2024-06-18 08:43:06,618 [INFO] WebApp:188 - Starting web application
2024-06-18 08:43:06,618 [INFO] WebApp:520 - Web application path used C:\ST\STM32CubeIDE_1.13.0\STM32CubeIDE\plugins\com.st.stm32cube.common.mx_6.9.2.202309101412\db\plugins\mcufinder\reactClient1\index.html
2024-06-18 08:43:06,656 [WARN] PackLoader:240 - Cannot read IP mode file for STMicroelectronics.X-CUBE-AZRTOS-L5.2.0.0
2024-06-18 08:43:06,684 [WARN] PackLoader:240 - Cannot read IP mode file for STMicroelectronics.X-CUBE-NFC6.3.1.0
2024-06-18 08:43:06,710 [WARN] PackLoader:240 - Cannot read IP mode file for ITTIA_DB.I-CUBE-ITTIADB.8.8.0
2024-06-18 08:43:06,734 [WARN] PackLoader:240 - Cannot read IP mode file for STMicroelectronics.X-CUBE-AI.9.0.0
2024-06-18 08:43:06,752 [WARN] PackLoader:240 - Cannot read IP mode file for STMicroelectronics.X-CUBE-NFC7.1.0.1
2024-06-18 08:43:06,768 [WARN] PackLoader:240 - Cannot read IP mode file for STMicroelectronics.X-CUBE-AI.8.1.0
2024-06-18 08:43:06,802 [WARN] ConditionMgr:438 - getConditionDescription Invalid condition id : LAN8742 Phy interface Condition cause : null
2024-06-18 08:43:06,803 [WARN] PackLoader:240 - Cannot read IP mode file for STMicroelectronics.X-CUBE-AZRTOS-L4.2.0.0
2024-06-18 08:43:06,805 [WARN] ConditionMgr:1039 - genDependencies : Invalid condition id : LAN8742 Phy interface Condition cause : null
2024-06-18 08:43:06,805 [WARN] ConditionMgr:1039 - genDependencies : Invalid condition id : LAN8742 Phy interface Condition cause : null
2024-06-18 08:43:06,805 [WARN] ConditionMgr:1039 - genDependencies : Invalid condition id : LAN8742 Phy interface Condition cause : null
2024-06-18 08:43:06,821 [WARN] PackLoader:240 - Cannot read IP mode file for STMicroelectronics.X-CUBE-SFXS2LP1.4.0.0
2024-06-18 08:43:06,859 [WARN] ConditionMgr:438 - getConditionDescription Invalid condition id : UX DEVICE CLASS RTOS Condition cause : null
2024-06-18 08:43:06,859 [WARN] ConditionMgr:438 - getConditionDescription Invalid condition id : UX DEVICE CLASS RTOS Condition cause : null
2024-06-18 08:43:06,862 [WARN] PackLoader:240 - Cannot read IP mode file for STMicroelectronics.X-CUBE-AZRTOS-WB.2.0.0
2024-06-18 08:43:06,863 [WARN] ConditionMgr:1039 - genDependencies : Invalid condition id : UX DEVICE CLASS RTOS Condition cause : null
2024-06-18 08:43:06,863 [WARN] ConditionMgr:1039 - genDependencies : Invalid condition id : UX DEVICE CLASS RTOS Condition cause : null
2024-06-18 08:43:06,863 [WARN] ConditionMgr:1039 - genDependencies : Invalid condition id : UX DEVICE CLASS RTOS Condition cause : null
2024-06-18 08:43:06,864 [WARN] ConditionMgr:1039 - genDependencies : Invalid condition id : UX DEVICE CLASS RTOS Condition cause : null
2024-06-18 08:43:06,864 [WARN] ConditionMgr:1039 - genDependencies : Invalid condition id : UX DEVICE CLASS RTOS Condition cause : null
2024-06-18 08:43:06,896 [WARN] PackLoader:240 - Cannot read IP mode file for STMicroelectronics.X-CUBE-SUBG2.5.0.0
2024-06-18 08:43:06,912 [WARN] PackLoader:240 - Cannot read IP mode file for Cesanta.I-CUBE-Mongoose.7.13.0
2024-06-18 08:43:06,937 [WARN] PackLoader:240 - Cannot read IP mode file for STMicroelectronics.X-CUBE-AZRTOS-G4.2.0.0
2024-06-18 08:43:06,958 [WARN] PackLoader:240 - Cannot read IP mode file for Infineon.AIROC-Wi-Fi-Bluetooth-STM32.1.5.1
2024-06-18 08:43:06,974 [WARN] PackLoader:240 - Cannot read IP mode file for STMicroelectronics.FP-SNS-MOTENVWB1.1.3.1
2024-06-18 08:43:06,987 [WARN] PackLoader:240 - Cannot read IP mode file for STMicroelectronics.X-CUBE-ISPU.2.0.0
2024-06-18 08:43:07,000 [WARN] PackLoader:240 - Cannot read IP mode file for STMicroelectronics.X-CUBE-ALS.1.0.2
2024-06-18 08:43:07,063 [WARN] PackLoader:240 - Cannot read IP mode file for STMicroelectronics.X-CUBE-MEMS1.10.0.0
2024-06-18 08:43:07,157 [WARN] PackLoader:240 - Cannot read IP mode file for STMicroelectronics.X-CUBE-FREERTOS.1.1.0
2024-06-18 08:43:07,172 [WARN] PackLoader:240 - Cannot read IP mode file for portGmbH.I-Cube-SoM-uGOAL.1.1.0
2024-06-18 08:43:07,184 [WARN] PackLoader:240 - Cannot read IP mode file for STMicroelectronics.X-CUBE-ALS.1.0.1
2024-06-18 08:43:07,212 [WARN] PackLoader:240 - Cannot read IP mode file for STMicroelectronics.X-CUBE-AZRTOS-H7RS.1.0.0
2024-06-18 08:43:07,226 [WARN] PackLoader:240 - Cannot read IP mode file for STMicroelectronics.FP-ATR-ASTRA1.2.0.0
2024-06-18 08:43:07,244 [WARN] PackLoader:240 - Cannot read IP mode file for STMicroelectronics.X-CUBE-TOF1.3.4.1
2024-06-18 08:43:07,293 [WARN] PackLoader:240 - Cannot read IP mode file for STMicroelectronics.X-CUBE-AZRTOS-H7.3.2.0
2024-06-18 08:43:07,296 [INFO] ThirdParty:978 - Integrity check success = true
2024-06-18 08:43:07,296 [INFO] IntegrityCheckThread:100 - exiting critical section [integrity check]
2024-06-18 08:43:07,297 [INFO] IntegrityCheckThread:103 - End integrity checks thread
2024-06-18 08:43:13,049 [ERROR] LogOutputStream:75 - [STDERR_REDIRECT] SLF4J: Failed to load class "org.slf4j.impl.StaticLoggerBinder".
2024-06-18 08:43:13,049 [ERROR] LogOutputStream:75 - [STDERR_REDIRECT] SLF4J: Defaulting to no-operation (NOP) logger implementation
2024-06-18 08:43:13,050 [ERROR] LogOutputStream:75 - [STDERR_REDIRECT] SLF4J: See http://www.slf4j.org/codes.html#StaticLoggerBinder for further details.
2024-06-18 08:47:36,918 [INFO] McuFinderGlobals:63 - Set McuFinder mode to 2 (CubeIDE integrated)
2024-06-18 08:47:36,946 [INFO] MainUpdater:2868 - connection check result : 10
2024-06-18 08:47:36,952 [INFO] MainUpdater:2868 - connection check result : 10
2024-06-18 08:47:37,108 [INFO] MicroXplorer:468 - Change Database Path : 
2024-06-18 08:47:37,108 [INFO] MicroXplorer:498 - Change Database Version : DB.6.0.92
2024-06-18 08:47:37,112 [WARN] ThirdParty:871 - waiting for thirdparty lock release [close project]
2024-06-18 08:47:37,112 [INFO] ThirdParty:873 - entering critical section [close project]
2024-06-18 08:47:37,115 [INFO] ThirdParty:883 - exiting critical section [close project]
2024-06-18 08:47:37,117 [INFO] PinOutPanel:1499 - setPackage(No Configuration,No Configuration)
2024-06-18 08:47:37,126 [INFO] UtilMem:75 - Begin LoadConfig() Used Memory: 785597552 Bytes (1073741824)
2024-06-18 08:47:37,130 [INFO] MicroXplorer:468 - Change Database Path : 
2024-06-18 08:47:37,131 [INFO] MicroXplorer:498 - Change Database Version : DB.6.0.92
2024-06-18 08:47:37,131 [INFO] OpenFileManager:308 - Change cursor
2024-06-18 08:47:37,176 [INFO] Mcu:1946 - Initializing MCU STM32F407V(E-G)Tx STM32F407VGTx STM32F407VGT6
2024-06-18 08:47:38,959 [INFO] Context:659 - Trying to add GPIOservice into a context  which must be forbidden
2024-06-18 08:47:39,696 [INFO] RtosManager:555 - Registered RTOS mode: class=CMSIS, group=RTOS, mode=CMSIS_V1, owner=FREERTOS
2024-06-18 08:47:39,696 [INFO] RtosManager:555 - Registered RTOS mode: class=CMSIS, group=RTOS2, mode=CMSIS_V2, owner=FREERTOS
2024-06-18 08:47:39,696 [INFO] RtosManager:555 - Registered RTOS mode: class=RTOS, group=Core, mode=CMSIS_V1, owner=FREERTOS
2024-06-18 08:47:39,696 [INFO] RtosManager:555 - Registered RTOS mode: class=RTOS, group=Core, mode=CMSIS_V2, owner=FREERTOS
2024-06-18 08:47:39,696 [WARN] ModelIntegratedComponent:184 - Missing modes for component STMicroelectronics:FreeRTOS:0.0.1:STMicroelectronics:RTOS:FreeRTOS:Core:::10.2.0:
2024-06-18 08:47:39,709 [WARN] ModelIntegratedComponent:63 - No mode defined for component null
2024-06-18 08:47:39,709 [WARN] ModelIntegratedComponent:63 - No mode defined for component null
2024-06-18 08:47:39,709 [WARN] ModelIntegratedComponent:63 - No mode defined for component null
2024-06-18 08:47:39,709 [WARN] ModelIntegratedComponent:63 - No mode defined for component null
2024-06-18 08:47:39,709 [WARN] ModelIntegratedComponent:63 - No mode defined for component null
2024-06-18 08:47:39,709 [WARN] ModelIntegratedComponent:63 - No mode defined for component null
2024-06-18 08:47:39,709 [WARN] ModelIntegratedComponent:63 - No mode defined for component null
2024-06-18 08:47:39,709 [WARN] ModelIntegratedComponent:63 - No mode defined for component null
2024-06-18 08:47:39,709 [WARN] ModelIntegratedComponent:63 - No mode defined for component null
2024-06-18 08:47:39,709 [WARN] ModelIntegratedComponent:63 - No mode defined for component null
2024-06-18 08:47:39,709 [WARN] ModelIntegratedComponent:63 - No mode defined for component null
2024-06-18 08:47:39,709 [WARN] ModelIntegratedComponent:63 - No mode defined for component null
2024-06-18 08:47:39,709 [WARN] ModelIntegratedComponent:63 - No mode defined for component null
2024-06-18 08:47:39,709 [WARN] ModelIntegratedComponent:63 - No mode defined for component null
2024-06-18 08:47:39,709 [WARN] ModelIntegratedComponent:63 - No mode defined for component null
2024-06-18 08:47:39,709 [WARN] ModelIntegratedComponent:63 - No mode defined for component null
2024-06-18 08:47:39,709 [WARN] ModelIntegratedComponent:63 - No mode defined for component null
2024-06-18 08:47:39,709 [WARN] ModelIntegratedComponent:63 - No mode defined for component null
2024-06-18 08:47:39,709 [WARN] ModelIntegratedComponent:63 - No mode defined for component null
2024-06-18 08:47:39,710 [WARN] ModelIntegratedComponent:63 - No mode defined for component null
2024-06-18 08:47:39,710 [WARN] ModelIntegratedComponent:63 - No mode defined for component null
2024-06-18 08:47:39,710 [WARN] ModelIntegratedComponent:63 - No mode defined for component null
2024-06-18 08:47:39,710 [WARN] ModelIntegratedComponent:63 - No mode defined for component null
2024-06-18 08:47:39,710 [WARN] ModelIntegratedComponent:63 - No mode defined for component null
2024-06-18 08:47:39,710 [WARN] ModelIntegratedComponent:63 - No mode defined for component null
2024-06-18 08:47:39,710 [WARN] ModelIntegratedComponent:63 - No mode defined for component null
2024-06-18 08:47:39,710 [WARN] ModelIntegratedComponent:63 - No mode defined for component null
2024-06-18 08:47:39,710 [WARN] ModelIntegratedComponent:63 - No mode defined for component null
2024-06-18 08:47:39,710 [WARN] ModelIntegratedComponent:63 - No mode defined for component null
2024-06-18 08:47:39,710 [WARN] ModelIntegratedComponent:63 - No mode defined for component null
2024-06-18 08:47:39,710 [WARN] ModelIntegratedComponent:63 - No mode defined for component null
2024-06-18 08:47:39,710 [WARN] ModelIntegratedComponent:63 - No mode defined for component null
2024-06-18 08:47:39,710 [WARN] ModelIntegratedComponent:63 - No mode defined for component null
2024-06-18 08:47:39,805 [INFO] ThirdPartyModel:298 - Start build external matchings
2024-06-18 08:47:40,166 [INFO] ThirdPartyModel:316 - End build external matchings
2024-06-18 08:47:40,176 [INFO] RtosManager:919 - Current active RTOS is FREERTOS [Cortex-M4NS]
2024-06-18 08:47:40,184 [INFO] ImportTextPane:194 - (OptionalMessage_ERROR) IP (RCC) : Parameter (RTCHSEDivFreq_Value) has invalid value (12500000)
2024-06-18 08:47:40,474 [INFO] UtilMem:75 - End LoadConfig() Used Memory: 745135304 Bytes (1073741824)
2024-06-18 08:47:40,636 [INFO] ApiDb:581 - Connected to CubeFinder SQLite database (C:\Users\OS\.stmcufinder\plugins\mcufinder\mcu\cube-finder-db.db)
2024-06-18 08:47:40,699 [INFO] ApiDb:668 - CubeFinder database Data Model version=2.1
2024-06-18 08:47:40,699 [INFO] ApiDb:669 - CubeFinder database Configuration version=3.0.39
2024-06-18 08:47:40,700 [INFO] ApiDb:670 - CubeFinder database generation date=2024-06-06 (1717689626)
2024-06-18 08:47:40,700 [INFO] ApiDb:671 - CubeFinder database FW Pack versions=[FP-ATR-ASTRA1_V2.0.0, FP-SNS-FLIGHT1_V5.0.2, FP-SNS-MOTENV1_V5.0.0, FP-SNS-MOTENVWB1_V1.4.0, FP-SNS-SMARTAG2_V1.2.0, STM32Cube_FW_C0_V1.2.0, STM32Cube_FW_F4_V1.28.0, STM32Cube_FW_F7_V1.17.2, STM32Cube_FW_G0_V1.6.2, STM32Cube_FW_G4_V1.6.0, STM32Cube_FW_H5_V1.3.0, STM32Cube_FW_H7RS_V1.1.0, STM32Cube_FW_H7_V1.11.2, STM32Cube_FW_L0_V1.12.2, STM32Cube_FW_L5_V1.5.1, STM32Cube_FW_U0_V1.1.0, STM32Cube_FW_U5_V1.6.0, STM32Cube_FW_WB0_V1.0.0, STM32Cube_FW_WBA_V1.4.0, STM32Cube_FW_WB_V1.20.0, STM32Cube_FW_WL_V1.3.0, X-CUBE-ALGOBUILD_V1.4.0, X-CUBE-ALS_V1.0.2, X-CUBE-AZRTOS-F4_V1.1.0, X-CUBE-AZRTOS-F7_V1.1.0, X-CUBE-AZRTOS-G0_V1.1.0, X-CUBE-AZRTOS-G4_V2.0.0, X-CUBE-AZRTOS-H7RS_V1.0.0, X-CUBE-AZRTOS-H7_V3.2.0, X-CUBE-AZRTOS-L4_V2.0.0, X-CUBE-AZRTOS-L5_V1.1.0, X-CUBE-AZRTOS-WB_V2.0.0, X-CUBE-AZRTOS-WL_V2.0.0, X-CUBE-BLE1_V7.0.0, X-CUBE-BLE2_V3.3.0, X-CUBE-BLEMGR_V3.1.0, X-CUBE-EEPRMA1_V5.1.0, X-CUBE-FREERTOS_V1.2.0, X-CUBE-GNSS1_V6.0.0, X-CUBE-MEMS1_V10.0.0, X-CUBE-NFC4_V3.0.0, X-CUBE-NFC7_V1.0.1, X-CUBE-SFXS2LP1_V4.0.0, X-CUBE-SUBG2_V5.0.0, X-CUBE-TOF1_V3.4.1]
2024-06-18 08:47:43,055 [INFO] ApiDb:240 - Found 323 in-development CPN: [B-G473E-ZEST1S, B-WB1M-WPAN1, B-WL5M-SUBG1, NUCLEO-C031C6, NUCLEO-H503RB, NUCLEO-H563ZI, NUCLEO-U545RE-Q, NUCLEO-U5A5ZJ-Q, NUCLEO-WBA52CG, STEVAL-PROTEUS1, STEVAL-SMARTAG2, STEVAL-STWINBX1, STM320518-EVAL, STM32C0116-DK, STM32C011D6Y3TR, STM32C011D6Y6TR, STM32C011F4P3, STM32C011F4P6, STM32C011F4U3, STM32C011F4U6TR, STM32C011F6P3, STM32C011F6P6, STM32C011F6U3, STM32C011F6U6TR, STM32C011J4M3, STM32C011J4M6, STM32C011J6M3, STM32C011J6M6, STM32C0316-DK, STM32C031C4T3, STM32C031C4T6, STM32C031C4U3, STM32C031C4U6, STM32C031C6T3, STM32C031C6T6, STM32C031C6U3, STM32C031C6U6, STM32C031F4P3, STM32C031F4P6, STM32C031F6P3, STM32C031F6P6, STM32C031G4U3, STM32C031G4U6, STM32C031G6U3, STM32C031G6U6, STM32C031K4T3, STM32C031K4T6, STM32C031K4U3, STM32C031K4U6, STM32C031K6T3, STM32C031K6T6, STM32C031K6U3, STM32C031K6U6, STM32G071K8TXN, STM32G071K8UXN, STM32G081GBU6N, STM32G081KBT6N, STM32G081KBUXN, STM32G0B1CCT6N, STM32G0B1KCT6, STM32G0B1NEY6TR, STM32G0B1RCT6N, STM32G0C1CCT6, STM32G0C1CCT6N, STM32G0C1CCU6N, STM32G0C1CET6N, STM32G0C1CEU6N, STM32G0C1KCT6, STM32G0C1NEY6TR, STM32G0C1RCI6N, STM32G0C1RCT6N, STM32G0C1REI6N, STM32G0C1RET6N, STM32G0C1VCI6, STM32G0C1VEI6, STM32G471CCT6, STM32G471CCU6, STM32G471CET3, STM32G471CET6, STM32G471CEU3, STM32G471CEU6, STM32G471MCT6, STM32G471MET3, STM32G471MET6, STM32G471MEY6TR, STM32G471QCT6, STM32G471QET3, STM32G471RCT6, STM32G471RET3, STM32G471RET6, STM32G471VCH6, STM32G471VCI6, STM32G471VCT6, STM32G471VEH3, STM32G471VEH6, STM32G471VEI3, STM32G471VEI6, STM32G471VET3, STM32G471VET6, STM32G474CCT6, STM32H503CBT6, STM32H503CBU6, STM32H503EBY6TR, STM32H503KBU6, STM32H503RBT6, STM32H562AGI6, STM32H562AII6, STM32H562IGK6, STM32H562IGT6, STM32H562IIK6, STM32H562IIT6, STM32H562RGT6, STM32H562RGV6, STM32H562RIT6, STM32H562RIV6, STM32H562VGT6, STM32H562VIT6, STM32H562ZGT6, STM32H562ZIT6, STM32H563AGI6, STM32H563AII3Q, STM32H563AII6, STM32H563IGK6, STM32H563IGT6, STM32H563IIK3Q, STM32H563IIK6, STM32H563IIT3Q, STM32H563IIT6, STM32H563MIY3QTR, STM32H563RGT6, STM32H563RGV6, STM32H563RIT6, STM32H563RIV6, STM32H563VGT6, STM32H563VIT3Q, STM32H563VIT6, STM32H563ZGT6, STM32H563ZIT3Q, STM32H563ZIT6, STM32H573AII3Q, STM32H573AII6, STM32H573I-DK, STM32H573IIK3Q, STM32H573IIK6, STM32H573IIT3Q, STM32H573IIT6, STM32H573MIY3QTR, STM32H573RIT6, STM32H573RIV6, STM32H573VIT3Q, STM32H573VIT6, STM32H573ZIT3Q, STM32H573ZIT6, STM32L4R5QGI6STR, STM32MP131AAE3, STM32MP131AAF3, STM32MP131AAG3, STM32MP131CAE3, STM32MP131CAF3, STM32MP131CAG3, STM32MP131DAE7, STM32MP131DAF7, STM32MP131DAG7, STM32MP131FAE7, STM32MP131FAF7, STM32MP131FAG7, STM32MP133AAE3, STM32MP133AAF3, STM32MP133AAG3, STM32MP133CAE3, STM32MP133CAF3, STM32MP133CAG3, STM32MP133DAE7, STM32MP133DAF7, STM32MP133DAG7, STM32MP133FAE7, STM32MP133FAF7, STM32MP133FAG7, STM32MP135AAE3, STM32MP135AAF3, STM32MP135AAG3, STM32MP135CAE3, STM32MP135CAF3, STM32MP135CAG3, STM32MP135DAE7, STM32MP135DAF7, STM32MP135DAG7, STM32MP135F-DK, STM32MP135FAE7, STM32MP135FAF7, STM32MP135FAF7T, STM32MP135FAF7U, STM32MP135FAG7, STM32U535CBT6, STM32U535CBT6Q, STM32U535CBU6, STM32U535CBU6Q, STM32U535CCT6, STM32U535CCT6Q, STM32U535CCU6, STM32U535CCU6Q, STM32U535CET6, STM32U535CET6Q, STM32U535CEU6, STM32U535CEU6Q, STM32U535JEY6QTR, STM32U535NCY6QTR, STM32U535NEY6QTR, STM32U535RBI6, STM32U535RBI6Q, STM32U535RBT6, STM32U535RBT6Q, STM32U535RCI6, STM32U535RCI6Q, STM32U535RCT6, STM32U535RCT6Q, STM32U535REI6, STM32U535REI6Q, STM32U535RET6, STM32U535RET6Q, STM32U535VCI6, STM32U535VCI6Q, STM32U535VCT6, STM32U535VCT6Q, STM32U535VEI6, STM32U535VEI6Q, STM32U535VET6, STM32U535VET6Q, STM32U545CET6, STM32U545CET6Q, STM32U545CEU6, STM32U545CEU6Q, STM32U545JEY6QTR, STM32U545NEY6QTR, STM32U545REI6, STM32U545REI6Q, STM32U545RET6, STM32U545RET6Q, STM32U545VEI6, STM32U545VEI6Q, STM32U545VET6, STM32U545VET6Q, STM32U595AIH6, STM32U595AIH6Q, STM32U595AJH6, STM32U595AJH6Q, STM32U595QII6, STM32U595QII6Q, STM32U595QJI6, STM32U595QJI6Q, STM32U595RIT6, STM32U595RIT6Q, STM32U595RJT6, STM32U595RJT6Q, STM32U595VIT6, STM32U595VIT6Q, STM32U595VJT6, STM32U595VJT6Q, STM32U595ZIT6, STM32U595ZIT6Q, STM32U595ZIY6QTR, STM32U595ZJT6, STM32U595ZJT6Q, STM32U595ZJY6QTR, STM32U599BJY6QTR, STM32U599NIH6Q, STM32U599NJH6Q, STM32U599VIT6Q, STM32U599VJT6, STM32U599VJT6Q, STM32U599ZIT6Q, STM32U599ZIY6QTR, STM32U599ZJT6Q, STM32U599ZJY6QTR, STM32U5A5AJH6, STM32U5A5AJH6Q, STM32U5A5QJI6, STM32U5A5QJI6Q, STM32U5A5RJT6, STM32U5A5RJT6Q, STM32U5A5VJT6, STM32U5A5VJT6Q, STM32U5A5ZJT6, STM32U5A5ZJT6Q, STM32U5A5ZJY6QTR, STM32U5A9BJY6QTR, STM32U5A9J-DK, STM32U5A9NJH6Q, STM32U5A9VJT6Q, STM32U5A9ZJT6Q, STM32U5A9ZJY6QTR, STM32U5F7VIT6, STM32U5F7VIT6Q, STM32U5F7VJT6, STM32U5F7VJT6Q, STM32U5F9BJY6QTR, STM32U5F9NJH6Q, STM32U5F9VIT6Q, STM32U5F9VJT6Q, STM32U5F9ZIJ6QTR, STM32U5F9ZIT6Q, STM32U5F9ZJJ6QTR, STM32U5F9ZJT6Q, STM32U5G7VJT6, STM32U5G7VJT6Q, STM32U5G9BJY6QTR, STM32U5G9J-DK1, STM32U5G9J-DK2, STM32U5G9NJH6Q, STM32U5G9VJT6Q, STM32U5G9ZJJ6QTR, STM32U5G9ZJT6Q, STM32WB1MMCH6, STM32WBA52CEU6, STM32WBA52CEU6T, STM32WBA52CGU6, STM32WBA52CGU6T, STM32WBA52KEU6, STM32WBA52KEU6T, STM32WBA52KGU6, STM32WBA52KGU6T, STM32WL5MOCH6, STM32WL5MOCH6TR]
2024-06-18 08:47:43,058 [INFO] DbMcus:217 - Found 4212 MCUs, 4212 are supported
2024-06-18 08:47:43,059 [INFO] ApiDb:423 - Load user favorites file C:\Users\OS/.stm32cubeide/favorites.mcus.txt: 0 item(s)
2024-06-18 08:47:43,059 [INFO] ApiDb:427 - User favorites MCUs=[]
2024-06-18 08:47:43,060 [INFO] DbMcus:223 - Set 0 / 0 favorites MCUs
2024-06-18 08:47:43,463 [WARN] ThirdParty:833 - waiting for thirdparty lock release [change project]
2024-06-18 08:47:43,463 [INFO] ThirdParty:835 - entering critical section [change project]
2024-06-18 08:47:43,463 [INFO] ThirdParty:1030 - CMSIS Pack Vendor :STMicroelectronics USBPD 4.1
2024-06-18 08:47:43,463 [INFO] ThirdParty:1030 - CMSIS Pack Vendor :STMicroelectronics X-CUBE-GNSS1 6.0.0
2024-06-18 08:47:43,463 [INFO] ThirdParty:1030 - CMSIS Pack Vendor :STMicroelectronics USB_HOST 2.0.0
2024-06-18 08:47:43,463 [INFO] ThirdParty:1030 - CMSIS Pack Vendor :STMicroelectronics FP-SNS-MOTENVWB1 1.4.0
2024-06-18 08:47:43,463 [INFO] ThirdParty:1030 - CMSIS Pack Vendor :STMicroelectronics X-CUBE-AZRTOS-F4 1.1.0
2024-06-18 08:47:43,463 [INFO] ThirdParty:1030 - CMSIS Pack Vendor :STMicroelectronics LIBJPEG 8.0.0
2024-06-18 08:47:43,463 [INFO] ThirdParty:1030 - CMSIS Pack Vendor :STMicroelectronics X-CUBE-SMBUS 2.1.0
2024-06-18 08:47:43,463 [INFO] ThirdParty:1030 - CMSIS Pack Vendor :STMicroelectronics USB_DEVICE 3.0.0
2024-06-18 08:47:43,463 [INFO] ThirdParty:1030 - CMSIS Pack Vendor :STMicroelectronics X-CUBE-TCPP 4.1.0
2024-06-18 08:47:43,463 [INFO] ThirdParty:1030 - CMSIS Pack Vendor :STMicroelectronics X-CUBE-FREERTOS 1.2.0
2024-06-18 08:47:43,463 [INFO] ThirdParty:1030 - CMSIS Pack Vendor :STMicroelectronics X-CUBE-AZRTOS-WB 2.0.0
2024-06-18 08:47:43,463 [INFO] ThirdParty:1030 - CMSIS Pack Vendor :wolfSSL I-CUBE-wolfSSL 5.6.6
2024-06-18 08:47:43,463 [INFO] ThirdParty:1030 - CMSIS Pack Vendor :STMicroelectronics X-CUBE-TOUCHGFX 4.23.0
2024-06-18 08:47:43,463 [INFO] ThirdParty:1030 - CMSIS Pack Vendor :STMicroelectronics X-CUBE-TOUCHGFX 4.23.2
2024-06-18 08:47:43,463 [INFO] ThirdParty:1030 - CMSIS Pack Vendor :STMicroelectronics X-CUBE-AZRTOS-F7 1.1.0
2024-06-18 08:47:43,464 [INFO] ThirdParty:1030 - CMSIS Pack Vendor :STMicroelectronics X-CUBE-AZRTOS-L5 2.0.0
2024-06-18 08:47:43,464 [INFO] ThirdParty:1030 - CMSIS Pack Vendor :STMicroelectronics USB_DEVICE 2.0.0
2024-06-18 08:47:43,464 [INFO] ThirdParty:1030 - CMSIS Pack Vendor :STMicroelectronics X-CUBE-NFC6 3.1.0
2024-06-18 08:47:43,464 [INFO] ThirdParty:1030 - CMSIS Pack Vendor :ITTIA_DB I-CUBE-ITTIADB 8.8.0
2024-06-18 08:47:43,464 [INFO] ThirdParty:1030 - CMSIS Pack Vendor :STMicroelectronics FP-SNS-MOTENV1 4.3.2
2024-06-18 08:47:43,464 [INFO] ThirdParty:1030 - CMSIS Pack Vendor :STMicroelectronics X-CUBE-ALGOBUILD 1.3.0
2024-06-18 08:47:43,464 [INFO] ThirdParty:1030 - CMSIS Pack Vendor :STMicroelectronics FreeRTOS 0.0.1
2024-06-18 08:47:43,464 [INFO] ThirdParty:1030 - CMSIS Pack Vendor :STMicroelectronics X-CUBE-AZRTOS-G0 1.1.0
2024-06-18 08:47:43,464 [INFO] ThirdParty:1030 - CMSIS Pack Vendor :STMicroelectronics X-CUBE-SAFEA1 1.2.2
2024-06-18 08:47:43,464 [INFO] ThirdParty:1030 - CMSIS Pack Vendor :STMicroelectronics X-CUBE-NFC4 3.0.0
2024-06-18 08:47:43,464 [INFO] ThirdParty:1030 - CMSIS Pack Vendor :STMicroelectronics X-CUBE-SUBG2 5.0.0
2024-06-18 08:47:43,464 [INFO] ThirdParty:1030 - CMSIS Pack Vendor :STMicroelectronics STM32_WPAN 1.0.0
2024-06-18 08:47:43,464 [INFO] ThirdParty:1030 - CMSIS Pack Vendor :wolfSSL I-CUBE-wolfMQTT 1.18.0
2024-06-18 08:47:43,464 [INFO] ThirdParty:1030 - CMSIS Pack Vendor :STMicroelectronics lwIP 2.0.3
2024-06-18 08:47:43,464 [INFO] ThirdParty:1030 - CMSIS Pack Vendor :STMicroelectronics FP-SNS-FLIGHT1 5.0.2
2024-06-18 08:47:43,464 [INFO] ThirdParty:1030 - CMSIS Pack Vendor :Cesanta I-CUBE-Mongoose 7.13.0
2024-06-18 08:47:43,464 [INFO] ThirdParty:1030 - CMSIS Pack Vendor :STMicroelectronics USB_HOST 1.0.0
2024-06-18 08:47:43,464 [INFO] ThirdParty:1030 - CMSIS Pack Vendor :STMicroelectronics X-CUBE-AI 9.0.0
2024-06-18 08:47:43,464 [INFO] ThirdParty:1030 - CMSIS Pack Vendor :STMicroelectronics X-CUBE-AZRTOS-G4 2.0.0
2024-06-18 08:47:43,464 [INFO] ThirdParty:1030 - CMSIS Pack Vendor :STMicroelectronics PDM2PCM 3.1.0
2024-06-18 08:47:43,464 [INFO] ThirdParty:1030 - CMSIS Pack Vendor :Infineon AIROC-Wi-Fi-Bluetooth-STM32 1.5.1
2024-06-18 08:47:43,464 [INFO] ThirdParty:1030 - CMSIS Pack Vendor :STMicroelectronics PDM2PCM 3.3.0
2024-06-18 08:47:43,464 [INFO] ThirdParty:1030 - CMSIS Pack Vendor :STMicroelectronics X-CUBE-DISPLAY 3.0.0
2024-06-18 08:47:43,464 [INFO] ThirdParty:1030 - CMSIS Pack Vendor :STMicroelectronics FP-SNS-MOTENVWB1 1.3.1
2024-06-18 08:47:43,464 [INFO] ThirdParty:1030 - CMSIS Pack Vendor :STMicroelectronics X-CUBE-BLE1 7.0.0
2024-06-18 08:47:43,464 [INFO] ThirdParty:1030 - CMSIS Pack Vendor :STMicroelectronics FP-ATR-SIGFOX1 3.2.0
2024-06-18 08:47:43,465 [INFO] ThirdParty:1030 - CMSIS Pack Vendor :STMicroelectronics X-CUBE-ISPU 2.0.0
2024-06-18 08:47:43,465 [INFO] ThirdParty:1030 - CMSIS Pack Vendor :STMicroelectronics X-CUBE-EEPRMA1 5.1.0
2024-06-18 08:47:43,465 [INFO] ThirdParty:1030 - CMSIS Pack Vendor :STMicroelectronics HAL Drivers 0.0.0
2024-06-18 08:47:43,465 [INFO] ThirdParty:1030 - CMSIS Pack Vendor :STMicroelectronics MBEDTLS 2.16.2
2024-06-18 08:47:43,465 [INFO] ThirdParty:1030 - CMSIS Pack Vendor :STMicroelectronics X-CUBE-ALS 1.0.2
2024-06-18 08:47:43,465 [INFO] ThirdParty:1030 - CMSIS Pack Vendor :emotas I-CUBE-CANOPEN 1.3.0
2024-06-18 08:47:43,465 [INFO] ThirdParty:1030 - CMSIS Pack Vendor :STMicroelectronics X-CUBE-MEMS1 10.0.0
2024-06-18 08:47:43,465 [INFO] ThirdParty:1030 - CMSIS Pack Vendor :STMicroelectronics X-CUBE-FREERTOS 1.1.0
2024-06-18 08:47:43,465 [INFO] ThirdParty:1030 - CMSIS Pack Vendor :STMicroelectronics X-CUBE-NFC7 1.0.1
2024-06-18 08:47:43,465 [INFO] ThirdParty:1030 - CMSIS Pack Vendor :STMicroelectronics MBEDTLS 2.14.1
2024-06-18 08:47:43,465 [INFO] ThirdParty:1030 - CMSIS Pack Vendor :portGmbH I-Cube-SoM-uGOAL 1.1.0
2024-06-18 08:47:43,465 [INFO] ThirdParty:1030 - CMSIS Pack Vendor :STMicroelectronics X-CUBE-ALS 1.0.1
2024-06-18 08:47:43,465 [INFO] ThirdParty:1030 - CMSIS Pack Vendor :STMicroelectronics X-CUBE-BLEMGR 3.1.0
2024-06-18 08:47:43,465 [INFO] ThirdParty:1030 - CMSIS Pack Vendor :STMicroelectronics ThreadX 1.0.0
2024-06-18 08:47:43,465 [INFO] ThirdParty:1030 - CMSIS Pack Vendor :STMicroelectronics FP-SNS-SMARTAG2 1.2.0
2024-06-18 08:47:43,465 [INFO] ThirdParty:1030 - CMSIS Pack Vendor :STMicroelectronics X-CUBE-AZRTOS-WL 2.0.0
2024-06-18 08:47:43,465 [INFO] ThirdParty:1030 - CMSIS Pack Vendor :SEGGER I-CUBE-embOS 1.3.1
2024-06-18 08:47:43,465 [INFO] ThirdParty:1030 - CMSIS Pack Vendor :STMicroelectronics X-CUBE-ALGOBUILD 1.4.0
2024-06-18 08:47:43,465 [INFO] ThirdParty:1030 - CMSIS Pack Vendor :STMicroelectronics FP-SNS-MOTENV1 5.0.0
2024-06-18 08:47:43,465 [INFO] ThirdParty:1030 - CMSIS Pack Vendor :STMicroelectronics USB_DEVICE 1.0.0
2024-06-18 08:47:43,465 [INFO] ThirdParty:1030 - CMSIS Pack Vendor :STMicroelectronics X-CUBE-AI 8.1.0
2024-06-18 08:47:43,465 [INFO] ThirdParty:1030 - CMSIS Pack Vendor :STMicroelectronics X-CUBE-AZRTOS-H7RS 1.0.0
2024-06-18 08:47:43,465 [INFO] ThirdParty:1030 - CMSIS Pack Vendor :STMicroelectronics X-CUBE-AZRTOS-L4 2.0.0
2024-06-18 08:47:43,465 [INFO] ThirdParty:1030 - CMSIS Pack Vendor :STMicroelectronics ThreadX 0.0.2
2024-06-18 08:47:43,465 [INFO] ThirdParty:1030 - CMSIS Pack Vendor :WES I-CUBE-Cesium 1.3.0
2024-06-18 08:47:43,465 [INFO] ThirdParty:1030 - CMSIS Pack Vendor :STMicroelectronics FP-ATR-ASTRA1 2.0.0
2024-06-18 08:47:43,466 [INFO] ThirdParty:1030 - CMSIS Pack Vendor :STMicroelectronics lwIP 2.1.2
2024-06-18 08:47:43,466 [INFO] ThirdParty:1030 - CMSIS Pack Vendor :STMicroelectronics X-CUBE-SFXS2LP1 4.0.0
2024-06-18 08:47:43,466 [INFO] ThirdParty:1030 - CMSIS Pack Vendor :STMicroelectronics X-CUBE-BLE2 3.3.0
2024-06-18 08:47:43,466 [INFO] ThirdParty:1030 - CMSIS Pack Vendor :STMicroelectronics X-CUBE-TOF1 3.4.1
2024-06-18 08:47:43,466 [INFO] ThirdParty:1030 - CMSIS Pack Vendor :STMicroelectronics X-CUBE-AZRTOS-H7 3.2.0
2024-06-18 08:47:43,466 [INFO] ThirdParty:1030 - CMSIS Pack Vendor :STMicroelectronics PDM2PCM 3.2.0
2024-06-18 08:47:43,466 [INFO] ThirdParty:841 - exiting critical section [change project]
2024-06-18 08:47:43,874 [INFO] PinOutPanel:1499 - setPackage(No Configuration,No Configuration)
2024-06-18 08:47:43,875 [INFO] PinOutPanel:1499 - setPackage(STM32F407VGTx,LQFP100)
2024-06-18 08:47:44,238 [INFO] UtilMem:75 - Before build in PCC Used Memory: 682738864 Bytes (1073741824)
2024-06-18 08:47:45,125 [INFO] UtilMem:75 - After build in PCC Used Memory: 764527752 Bytes (1073741824)
2024-06-18 08:47:45,252 [INFO] ApiDbMcu:507 - Load IP Config File for FREERTOS
2024-06-18 08:47:45,281 [INFO] IPUIPlugin:80 - create IPUIPlugin
2024-06-18 08:47:45,281 [INFO] IPUIPlugin:80 - create IPUIPlugin
2024-06-18 08:47:45,281 [INFO] IPUIPlugin:80 - create IPUIPlugin
2024-06-18 08:47:45,281 [INFO] IPUIPlugin:80 - create IPUIPlugin
2024-06-18 08:47:45,281 [INFO] IPUIPlugin:80 - create IPUIPlugin
2024-06-18 08:47:45,282 [INFO] IPUIPlugin:80 - create IPUIPlugin
2024-06-18 08:47:45,282 [INFO] IPUIPlugin:80 - create IPUIPlugin
2024-06-18 08:47:45,282 [INFO] IPUIPlugin:80 - create IPUIPlugin
2024-06-18 08:47:45,282 [INFO] IPUIPlugin:80 - create IPUIPlugin
2024-06-18 08:47:45,282 [INFO] IPUIPlugin:80 - create IPUIPlugin
2024-06-18 08:47:45,282 [INFO] IPUIPlugin:80 - create IPUIPlugin
2024-06-18 08:47:45,282 [INFO] IPUIPlugin:80 - create IPUIPlugin
2024-06-18 08:47:45,282 [INFO] IPUIPlugin:80 - create IPUIPlugin
2024-06-18 08:47:45,283 [INFO] IPUIPlugin:80 - create IPUIPlugin
2024-06-18 08:47:45,283 [INFO] IPUIPlugin:80 - create IPUIPlugin
2024-06-18 08:47:45,283 [INFO] IPUIPlugin:80 - create IPUIPlugin
2024-06-18 08:47:45,283 [INFO] IPUIPlugin:80 - create IPUIPlugin
2024-06-18 08:47:45,283 [INFO] IPUIPlugin:80 - create IPUIPlugin
2024-06-18 08:47:45,283 [INFO] IPUIPlugin:80 - create IPUIPlugin
2024-06-18 08:47:45,283 [INFO] IPUIPlugin:80 - create IPUIPlugin
2024-06-18 08:47:45,283 [INFO] IPUIPlugin:80 - create IPUIPlugin
2024-06-18 08:47:45,284 [INFO] IPUIPlugin:80 - create IPUIPlugin
2024-06-18 08:47:45,284 [INFO] IPUIPlugin:80 - create IPUIPlugin
2024-06-18 08:47:45,284 [INFO] IPUIPlugin:80 - create IPUIPlugin
2024-06-18 08:47:45,284 [INFO] IPUIPlugin:80 - create IPUIPlugin
2024-06-18 08:47:45,284 [INFO] IPUIPlugin:80 - create IPUIPlugin
2024-06-18 08:47:45,284 [INFO] IPUIPlugin:80 - create IPUIPlugin
2024-06-18 08:47:45,285 [INFO] IPUIPlugin:80 - create IPUIPlugin
2024-06-18 08:47:45,285 [INFO] IPUIPlugin:80 - create IPUIPlugin
2024-06-18 08:47:45,285 [INFO] IPUIPlugin:80 - create IPUIPlugin
2024-06-18 08:47:45,285 [INFO] IPUIPlugin:80 - create IPUIPlugin
2024-06-18 08:47:45,285 [INFO] IPUIPlugin:80 - create IPUIPlugin
2024-06-18 08:47:45,286 [INFO] IPUIPlugin:80 - create IPUIPlugin
2024-06-18 08:47:45,286 [INFO] IPUIPlugin:80 - create IPUIPlugin
2024-06-18 08:47:45,286 [INFO] IPUIPlugin:80 - create IPUIPlugin
2024-06-18 08:47:45,286 [INFO] IPUIPlugin:80 - create IPUIPlugin
2024-06-18 08:47:45,286 [INFO] IPUIPlugin:80 - create IPUIPlugin
2024-06-18 08:47:45,287 [INFO] IPUIPlugin:80 - create IPUIPlugin
2024-06-18 08:47:45,287 [INFO] IPUIPlugin:80 - create IPUIPlugin
2024-06-18 08:47:45,287 [INFO] IPUIPlugin:80 - create IPUIPlugin
2024-06-18 08:47:45,287 [INFO] IPUIPlugin:80 - create IPUIPlugin
2024-06-18 08:47:45,287 [INFO] IPUIPlugin:80 - create IPUIPlugin
2024-06-18 08:47:45,288 [INFO] IPUIPlugin:80 - create IPUIPlugin
2024-06-18 08:47:45,288 [INFO] IPUIPlugin:80 - create IPUIPlugin
2024-06-18 08:47:45,288 [INFO] IPUIPlugin:80 - create IPUIPlugin
2024-06-18 08:47:45,288 [INFO] IPUIPlugin:80 - create IPUIPlugin
2024-06-18 08:47:45,289 [INFO] IPUIPlugin:80 - create IPUIPlugin
2024-06-18 08:47:45,289 [INFO] IPUIPlugin:80 - create IPUIPlugin
2024-06-18 08:47:45,289 [INFO] IPUIPlugin:80 - create IPUIPlugin
2024-06-18 08:47:45,290 [INFO] IPUIPlugin:80 - create IPUIPlugin
2024-06-18 08:47:45,290 [INFO] IPUIPlugin:80 - create IPUIPlugin
2024-06-18 08:47:45,290 [INFO] IPUIPlugin:80 - create IPUIPlugin
2024-06-18 08:47:45,291 [INFO] IPUIPlugin:80 - create IPUIPlugin
2024-06-18 08:47:45,291 [INFO] IPUIPlugin:80 - create IPUIPlugin
2024-06-18 08:47:45,292 [INFO] IPUIPlugin:80 - create IPUIPlugin
2024-06-18 08:47:45,292 [INFO] IPUIPlugin:80 - create IPUIPlugin
2024-06-18 08:47:45,293 [INFO] IPUIPlugin:80 - create IPUIPlugin
2024-06-18 08:47:45,293 [INFO] IPUIPlugin:80 - create IPUIPlugin
2024-06-18 08:47:45,319 [INFO] ApiDbMcu:507 - Load IP Config File for PDM2PCM
2024-06-18 08:47:45,355 [WARN] FreeRTOS:1023 - Null or empty value: should not occur! (nothing added to the table)
2024-06-18 08:47:45,579 [INFO] CADModel:165 - CPN selected for project levelSTM32F407VGT6
2024-06-18 08:47:45,579 [INFO] CADModel:114 - Register for checkConnection events
2024-06-18 08:47:45,582 [INFO] RtosManager:697 - Active RTOS found at IOC load: FREERTOS [Cortex-M4NS]
2024-06-18 08:47:45,637 [INFO] OpenFileManager:328 - Restore cursor
2024-06-18 11:16:51,475 [ERROR] LogOutputStream:75 - [STDERR_REDIRECT] 
