2024-06-01 15:39:06,918 [INFO] Activator:176 - 


2024-06-01 15:39:06,923 [INFO] Activator:177 - !SESSION log4j initialized
2024-06-01 15:39:14,538 [INFO] LogOutputStream:77 - [STDOUT_REDIRECT] 
2024-06-01 15:39:16,965 [INFO] ApplicationProperties:184 - Using Application install path: C:\ST\STM32CubeIDE_1.13.0\STM32CubeIDE\plugins\com.st.stm32cube.common.mx_6.9.2.202309101412
2024-06-01 15:39:16,982 [INFO] DbMcusXml:78 - Set database path to: C:\ST\STM32CubeIDE_1.13.0\STM32CubeIDE\plugins\com.st.stm32cube.common.mx_6.9.2.202309101412\\db\/mcu/
2024-06-01 15:39:16,982 [INFO] ApiDb:274 - Set plugin database path to: C:\ST\STM32CubeIDE_1.13.0\STM32CubeIDE\plugins\com.st.stm32cube.common.mx_6.9.2.202309101412\\db\/plugins/boardmanager/
2024-06-01 15:39:16,982 [WARN] ApiDb:259 - Overriding images path with different value:  => C:\ST\STM32CubeIDE_1.13.0\STM32CubeIDE\plugins\com.st.stm32cube.common.mx_6.9.2.202309101412\\db\/plugins/mcufinder/images/
2024-06-01 15:39:16,990 [INFO] ApiDb:250 - Set database path to: C:\Users\OS\.stmcufinder\plugins\mcufinder//mcu/
2024-06-01 15:39:16,991 [INFO] DbMcusAds:125 - Set database path to: C:\Users\OS\.stmcufinder\plugins\mcufinder//mcu/
2024-06-01 15:39:17,656 [INFO] CrossReferenceDbSqlite:203 - Set database path to: C:\Users\OS\.stmcufinder\plugins\mcufinder//mcu/cs/
2024-06-01 15:39:17,762 [INFO] RulesReader:64 - Compatibility file has been processed (293 Rules)
2024-06-01 15:39:17,831 [INFO] DbMcusXml:78 - Set database path to: C:\ST\STM32CubeIDE_1.13.0\STM32CubeIDE\plugins\com.st.stm32cube.common.mx_6.9.2.202309101412\\db\/mcu/
2024-06-01 15:39:17,831 [INFO] ApiDb:274 - Set plugin database path to: C:\ST\STM32CubeIDE_1.13.0\STM32CubeIDE\plugins\com.st.stm32cube.common.mx_6.9.2.202309101412\\db\/plugins/boardmanager/
2024-06-01 15:39:17,832 [INFO] ApiDb:261 - Set plugin images path to: C:\ST\STM32CubeIDE_1.13.0\STM32CubeIDE\plugins\com.st.stm32cube.common.mx_6.9.2.202309101412\\db\/plugins/mcufinder/images/
2024-06-01 15:39:17,832 [WARN] DbFile:41 - Overriding database path with different value: C:\Users\OS\.stmcufinder\plugins\mcufinder/ => C:\Users\OS\.stmcufinder\plugins\mcufinder
2024-06-01 15:39:17,832 [INFO] ApiDb:250 - Set database path to: C:\Users\OS\.stmcufinder\plugins\mcufinder//mcu/
2024-06-01 15:39:17,832 [WARN] DbFile:41 - Overriding database path with different value: C:\Users\OS\.stmcufinder\plugins\mcufinder/ => C:\Users\OS\.stmcufinder\plugins\mcufinder
2024-06-01 15:39:17,832 [INFO] DbMcusAds:125 - Set database path to: C:\Users\OS\.stmcufinder\plugins\mcufinder//mcu/
2024-06-01 15:39:17,832 [WARN] DbFile:41 - Overriding database path with different value: C:\Users\OS\.stmcufinder\plugins\mcufinder/ => C:\Users\OS\.stmcufinder\plugins\mcufinder
2024-06-01 15:39:17,832 [WARN] DbFile:41 - Overriding database path with different value: C:\Users\OS\.stmcufinder\plugins\mcufinder/ => C:\Users\OS\.stmcufinder\plugins\mcufinder
2024-06-01 15:39:18,648 [INFO] CrossReferenceDbSqlite:203 - Set database path to: C:\Users\OS\.stmcufinder\plugins\mcufinder//mcu/cs/
2024-06-01 15:39:18,718 [INFO] MainPanel:262 - HeapMemory: 268435456
2024-06-01 15:39:18,810 [INFO] DbMcusXml:78 - Set database path to: C:\ST\STM32CubeIDE_1.13.0\STM32CubeIDE\plugins\com.st.stm32cube.common.mx_6.9.2.202309101412\\db\/mcu/
2024-06-01 15:39:18,810 [INFO] ApiDb:274 - Set plugin database path to: C:\ST\STM32CubeIDE_1.13.0\STM32CubeIDE\plugins\com.st.stm32cube.common.mx_6.9.2.202309101412\\db\/plugins/boardmanager/
2024-06-01 15:39:18,810 [INFO] ApiDb:261 - Set plugin images path to: C:\ST\STM32CubeIDE_1.13.0\STM32CubeIDE\plugins\com.st.stm32cube.common.mx_6.9.2.202309101412\\db\/plugins/mcufinder/images/
2024-06-01 15:39:18,811 [WARN] DbFile:41 - Overriding database path with different value: C:\Users\OS\.stmcufinder\plugins\mcufinder/ => C:\Users\OS\.stmcufinder\plugins\mcufinder
2024-06-01 15:39:18,811 [INFO] ApiDb:250 - Set database path to: C:\Users\OS\.stmcufinder\plugins\mcufinder//mcu/
2024-06-01 15:39:18,811 [WARN] DbFile:41 - Overriding database path with different value: C:\Users\OS\.stmcufinder\plugins\mcufinder/ => C:\Users\OS\.stmcufinder\plugins\mcufinder
2024-06-01 15:39:18,811 [INFO] DbMcusAds:125 - Set database path to: C:\Users\OS\.stmcufinder\plugins\mcufinder//mcu/
2024-06-01 15:39:18,811 [WARN] DbFile:41 - Overriding database path with different value: C:\Users\OS\.stmcufinder\plugins\mcufinder/ => C:\Users\OS\.stmcufinder\plugins\mcufinder
2024-06-01 15:39:18,811 [WARN] DbFile:41 - Overriding database path with different value: C:\Users\OS\.stmcufinder\plugins\mcufinder/ => C:\Users\OS\.stmcufinder\plugins\mcufinder
2024-06-01 15:39:19,652 [INFO] CrossReferenceDbSqlite:203 - Set database path to: C:\Users\OS\.stmcufinder\plugins\mcufinder//mcu/cs/
2024-06-01 15:39:19,667 [INFO] ApplicationProperties:184 - Using Application install path: C:\ST\STM32CubeIDE_1.13.0\STM32CubeIDE\plugins\com.st.stm32cube.common.mx_6.9.2.202309101412
2024-06-01 15:39:19,669 [INFO] PluginManage:196 - Search for loadable plugins [exclusion list=, ]
2024-06-01 15:39:19,669 [INFO] PluginManage:310 - Check plugin analytics
2024-06-01 15:39:20,749 [INFO] AnalyticsPlugin:253 - Accepted Software Licenses: STM32CubeMX.6.10.0
2024-06-01 15:39:20,749 [INFO] AnalyticsPlugin:255 - Accepted CMSIS Pack Licenses: 
2024-06-01 15:39:20,749 [INFO] AnalyticsPlugin:257 - Accepted Firmware Licenses: 
2024-06-01 15:39:20,751 [INFO] PluginManage:359 - Loaded plugin analytics (category:tool,tabindex:-1)
2024-06-01 15:39:20,752 [INFO] PluginManage:310 - Check plugin cadmodel
2024-06-01 15:39:20,754 [INFO] CADModel:105 - Init CAD model plugin
2024-06-01 15:39:20,755 [INFO] PluginManage:359 - Loaded plugin cadmodel (category:power,tabindex:5)
2024-06-01 15:39:20,755 [INFO] PluginManage:310 - Check plugin clock
2024-06-01 15:39:20,761 [INFO] PluginManage:359 - Loaded plugin clock (category:base,tabindex:2)
2024-06-01 15:39:20,761 [INFO] PluginManage:310 - Check plugin ddr
2024-06-01 15:39:20,763 [INFO] PluginManage:359 - Loaded plugin ddr (category:tool,tabindex:6)
2024-06-01 15:39:20,763 [INFO] PluginManage:310 - Check plugin filemanager
2024-06-01 15:39:20,873 [INFO] PluginManage:359 - Loaded plugin filemanager (category:base,tabindex:10)
2024-06-01 15:39:20,873 [INFO] PluginManage:310 - Check plugin ipmanager
2024-06-01 15:39:20,879 [INFO] PluginManage:359 - Loaded plugin ipmanager (category:base,tabindex:5)
2024-06-01 15:39:20,879 [INFO] PluginManage:310 - Check plugin lpbam
2024-06-01 15:39:20,884 [INFO] PluginManage:359 - Loaded plugin lpbam (category:base,tabindex:0)
2024-06-01 15:39:20,885 [INFO] PluginManage:310 - Check plugin memorymap
2024-06-01 15:39:20,893 [INFO] PluginManage:359 - Loaded plugin memorymap (category:base,tabindex:4)
2024-06-01 15:39:20,894 [INFO] PluginManage:310 - Check plugin pinoutandconfiguration
2024-06-01 15:39:20,899 [INFO] PluginManage:359 - Loaded plugin pinoutandconfiguration (category:base,tabindex:1)
2024-06-01 15:39:20,899 [INFO] PluginManage:310 - Check plugin pinoutconfig
2024-06-01 15:39:20,967 [WARN] SupportedApi:132 - Cannot load RTOS API schema: s4s-elt-must-match.1: The content of 'definitions' must match (annotation?, (simpleType | complexType)?, (unique | key | keyref)*)). A problem was found starting at: attribute.
2024-06-01 15:39:21,073 [INFO] PluginManage:359 - Loaded plugin pinoutconfig (category:base,tabindex:0)
2024-06-01 15:39:21,073 [INFO] PluginManage:310 - Check plugin power
2024-06-01 15:39:21,082 [INFO] PluginManage:359 - Loaded plugin power (category:power,tabindex:4)
2024-06-01 15:39:21,082 [INFO] PluginManage:310 - Check plugin projectmanager
2024-06-01 15:39:21,095 [INFO] PluginManage:359 - Loaded plugin projectmanager (category:projectmanager,tabindex:3)
2024-06-01 15:39:21,096 [INFO] PluginManage:310 - Check plugin thirdparty
2024-06-01 15:39:21,209 [INFO] PluginManage:359 - Loaded plugin thirdparty (category:base,tabindex:-1)
2024-06-01 15:39:21,209 [WARN] IntegrityCheckThread:84 - waiting for thirdparty lock release [integrity check]
2024-06-01 15:39:21,209 [INFO] PluginManage:310 - Check plugin tools
2024-06-01 15:39:21,209 [INFO] IntegrityCheckThread:86 - entering critical section [integrity check]
2024-06-01 15:39:21,210 [INFO] ThirdPartyUpdaterWithRetryManager:70 - Updater plugin not ready yet. [1/15]
2024-06-01 15:39:21,212 [INFO] PluginManage:359 - Loaded plugin tools (category:base,tabindex:7)
2024-06-01 15:39:21,212 [INFO] PluginManage:310 - Check plugin tutovideos
2024-06-01 15:39:21,358 [INFO] PluginManage:359 - Loaded plugin tutovideos (category:base,tabindex:-1)
2024-06-01 15:39:21,358 [INFO] PluginManage:310 - Check plugin updater
2024-06-01 15:39:21,365 [INFO] PluginManage:359 - Loaded plugin updater (category:base,tabindex:12)
2024-06-01 15:39:21,365 [INFO] PluginManage:310 - Check plugin userauth
2024-06-01 15:39:21,369 [INFO] UserAuth:113 - Init User Auth plugin
2024-06-01 15:39:21,369 [INFO] PluginManage:359 - Loaded plugin userauth (category:base,tabindex:14)
2024-06-01 15:39:21,369 [INFO] PluginManage:283 - PluginManage : Loaded plugins [17]
2024-06-01 15:39:21,531 [INFO] PinOutPanel:1499 - setPackage(No Configuration,No Configuration)
2024-06-01 15:39:21,617 [INFO] CADModel:165 - CPN selected for project level
2024-06-01 15:39:21,617 [INFO] CADModel:114 - Register for checkConnection events
2024-06-01 15:39:21,629 [INFO] IPUIPlugin:80 - create IPUIPlugin
2024-06-01 15:39:21,629 [INFO] PluginManager:220 - loadIPPluginJar : add adc
2024-06-01 15:39:21,631 [INFO] IPUIPlugin:80 - create IPUIPlugin
2024-06-01 15:39:21,631 [INFO] PluginManager:220 - loadIPPluginJar : add aes
2024-06-01 15:39:21,633 [INFO] IPUIPlugin:80 - create IPUIPlugin
2024-06-01 15:39:21,634 [INFO] PluginManager:220 - loadIPPluginJar : add can
2024-06-01 15:39:21,635 [INFO] IPUIPlugin:80 - create IPUIPlugin
2024-06-01 15:39:21,635 [INFO] PluginManager:220 - loadIPPluginJar : add comp
2024-06-01 15:39:21,638 [INFO] IPUIPlugin:80 - create IPUIPlugin
2024-06-01 15:39:21,638 [INFO] PluginManager:220 - loadIPPluginJar : add cryp
2024-06-01 15:39:21,640 [INFO] IPUIPlugin:80 - create IPUIPlugin
2024-06-01 15:39:21,640 [INFO] PluginManager:220 - loadIPPluginJar : add dfsdm
2024-06-01 15:39:21,644 [INFO] IPUIPlugin:80 - create IPUIPlugin
2024-06-01 15:39:21,646 [INFO] PluginManager:220 - loadIPPluginJar : add dma
2024-06-01 15:39:21,648 [INFO] IPUIPlugin:80 - create IPUIPlugin
2024-06-01 15:39:21,648 [INFO] PluginManager:220 - loadIPPluginJar : add dma3
2024-06-01 15:39:21,649 [INFO] IPUIPlugin:80 - create IPUIPlugin
2024-06-01 15:39:21,649 [INFO] PluginManager:220 - loadIPPluginJar : add fatfs
2024-06-01 15:39:21,652 [INFO] IPUIPlugin:80 - create IPUIPlugin
2024-06-01 15:39:21,652 [INFO] PluginManager:220 - loadIPPluginJar : add fmc
2024-06-01 15:39:21,656 [INFO] IPUIPlugin:80 - create IPUIPlugin
2024-06-01 15:39:21,656 [INFO] PluginManager:220 - loadIPPluginJar : add freertos
2024-06-01 15:39:21,657 [INFO] IPUIPlugin:80 - create IPUIPlugin
2024-06-01 15:39:21,657 [INFO] PluginManager:220 - loadIPPluginJar : add genericplugin
2024-06-01 15:39:21,659 [INFO] IPUIPlugin:80 - create IPUIPlugin
2024-06-01 15:39:21,659 [INFO] PluginManager:220 - loadIPPluginJar : add gfxmmu
2024-06-01 15:39:21,662 [INFO] IPUIPlugin:80 - create IPUIPlugin
2024-06-01 15:39:21,662 [INFO] PluginManager:220 - loadIPPluginJar : add gic
2024-06-01 15:39:21,666 [INFO] IPUIPlugin:80 - create IPUIPlugin
2024-06-01 15:39:21,666 [INFO] PluginManager:220 - loadIPPluginJar : add gpio
2024-06-01 15:39:21,668 [INFO] IPUIPlugin:80 - create IPUIPlugin
2024-06-01 15:39:21,668 [INFO] PluginManager:220 - loadIPPluginJar : add gtzc
2024-06-01 15:39:21,670 [INFO] IPUIPlugin:80 - create IPUIPlugin
2024-06-01 15:39:21,670 [INFO] PluginManager:220 - loadIPPluginJar : add hash
2024-06-01 15:39:21,672 [INFO] IPUIPlugin:80 - create IPUIPlugin
2024-06-01 15:39:21,672 [INFO] PluginManager:220 - loadIPPluginJar : add i2c
2024-06-01 15:39:21,674 [INFO] IPUIPlugin:80 - create IPUIPlugin
2024-06-01 15:39:21,674 [INFO] PluginManager:220 - loadIPPluginJar : add i2s
2024-06-01 15:39:21,676 [INFO] IPUIPlugin:80 - create IPUIPlugin
2024-06-01 15:39:21,676 [INFO] PluginManager:220 - loadIPPluginJar : add i3c
2024-06-01 15:39:21,678 [INFO] IPUIPlugin:80 - create IPUIPlugin
2024-06-01 15:39:21,679 [INFO] PluginManager:220 - loadIPPluginJar : add ipddr
2024-06-01 15:39:21,684 [INFO] IPUIPlugin:80 - create IPUIPlugin
2024-06-01 15:39:21,684 [INFO] PluginManager:220 - loadIPPluginJar : add linkedlist
2024-06-01 15:39:21,686 [INFO] IPUIPlugin:80 - create IPUIPlugin
2024-06-01 15:39:21,686 [INFO] PluginManager:220 - loadIPPluginJar : add lorawan
2024-06-01 15:39:21,687 [INFO] IPUIPlugin:80 - create IPUIPlugin
2024-06-01 15:39:21,688 [INFO] PluginManager:220 - loadIPPluginJar : add ltdc
2024-06-01 15:39:21,692 [INFO] IPUIPlugin:80 - create IPUIPlugin
2024-06-01 15:39:21,692 [INFO] PluginManager:220 - loadIPPluginJar : add mdma
2024-06-01 15:39:21,694 [INFO] IPUIPlugin:80 - create IPUIPlugin
2024-06-01 15:39:21,694 [INFO] PluginManager:220 - loadIPPluginJar : add nvic
2024-06-01 15:39:21,697 [INFO] IPUIPlugin:80 - create IPUIPlugin
2024-06-01 15:39:21,697 [INFO] PluginManager:220 - loadIPPluginJar : add opamp
2024-06-01 15:39:21,699 [INFO] IPUIPlugin:80 - create IPUIPlugin
2024-06-01 15:39:21,699 [INFO] PluginManager:220 - loadIPPluginJar : add openamp
2024-06-01 15:39:21,701 [INFO] IPUIPlugin:80 - create IPUIPlugin
2024-06-01 15:39:21,701 [INFO] PluginManager:220 - loadIPPluginJar : add pdm2pcm
2024-06-01 15:39:21,705 [INFO] IPUIPlugin:80 - create IPUIPlugin
2024-06-01 15:39:21,708 [INFO] PluginManager:220 - loadIPPluginJar : add plateformsettings
2024-06-01 15:39:21,709 [INFO] IPUIPlugin:80 - create IPUIPlugin
2024-06-01 15:39:21,709 [INFO] PluginManager:220 - loadIPPluginJar : add quadspi
2024-06-01 15:39:21,711 [INFO] IPUIPlugin:80 - create IPUIPlugin
2024-06-01 15:39:21,711 [INFO] PluginManager:220 - loadIPPluginJar : add resmgrutility
2024-06-01 15:39:21,713 [INFO] IPUIPlugin:80 - create IPUIPlugin
2024-06-01 15:39:21,713 [INFO] PluginManager:220 - loadIPPluginJar : add sai
2024-06-01 15:39:21,716 [INFO] IPUIPlugin:80 - create IPUIPlugin
2024-06-01 15:39:21,716 [INFO] PluginManager:220 - loadIPPluginJar : add spi
2024-06-01 15:39:21,719 [INFO] IPUIPlugin:80 - create IPUIPlugin
2024-06-01 15:39:21,719 [INFO] PluginManager:220 - loadIPPluginJar : add stm32_wpan
2024-06-01 15:39:21,720 [INFO] IPUIPlugin:80 - create IPUIPlugin
2024-06-01 15:39:21,720 [INFO] PluginManager:220 - loadIPPluginJar : add tim
2024-06-01 15:39:21,722 [INFO] IPUIPlugin:80 - create IPUIPlugin
2024-06-01 15:39:21,722 [INFO] PluginManager:220 - loadIPPluginJar : add touchsensing
2024-06-01 15:39:21,723 [INFO] IPUIPlugin:80 - create IPUIPlugin
2024-06-01 15:39:21,723 [INFO] PluginManager:220 - loadIPPluginJar : add tracer_emb
2024-06-01 15:39:21,724 [INFO] IPUIPlugin:80 - create IPUIPlugin
2024-06-01 15:39:21,724 [INFO] PluginManager:220 - loadIPPluginJar : add ts
2024-06-01 15:39:21,726 [INFO] IPUIPlugin:80 - create IPUIPlugin
2024-06-01 15:39:21,726 [INFO] PluginManager:220 - loadIPPluginJar : add tsc
2024-06-01 15:39:21,727 [INFO] IPUIPlugin:80 - create IPUIPlugin
2024-06-01 15:39:21,727 [INFO] PluginManager:220 - loadIPPluginJar : add ucpd
2024-06-01 15:39:21,729 [INFO] IPUIPlugin:80 - create IPUIPlugin
2024-06-01 15:39:21,729 [INFO] PluginManager:220 - loadIPPluginJar : add usart
2024-06-01 15:39:21,731 [INFO] IPUIPlugin:80 - create IPUIPlugin
2024-06-01 15:39:21,731 [INFO] PluginManager:220 - loadIPPluginJar : add usbx
2024-06-01 15:39:21,845 [INFO] CADModel:165 - CPN selected for project level
2024-06-01 15:39:21,846 [INFO] CADModel:114 - Register for checkConnection events
2024-06-01 15:39:21,846 [FATAL] Updater:308 - Updater called before beeing initialized
2024-06-01 15:39:21,846 [ERROR] CADModel:125 - Updater not yet initialized, retry later 
2024-06-01 15:39:21,947 [INFO] CADModel:165 - CPN selected for project level
2024-06-01 15:39:21,948 [INFO] CADModel:114 - Register for checkConnection events
2024-06-01 15:39:21,948 [FATAL] Updater:308 - Updater called before beeing initialized
2024-06-01 15:39:21,948 [ERROR] CADModel:125 - Updater not yet initialized, retry later 
2024-06-01 15:39:21,951 [FATAL] Updater:308 - Updater called before beeing initialized
2024-06-01 15:39:22,044 [FATAL] Updater:308 - Updater called before beeing initialized
2024-06-01 15:39:22,050 [INFO] DbMcusAds:53 - JSON generation date=Thu May 16 16:22:00 ICT 2024 (1715851320852)
2024-06-01 15:39:22,050 [FATAL] Updater:308 - Updater called before beeing initialized
2024-06-01 15:39:22,077 [WARN] DetailPanel:346 - Failed to get advertising image, set to default
2024-06-01 15:39:22,159 [FATAL] Updater:308 - Updater called before beeing initialized
2024-06-01 15:39:22,160 [FATAL] Updater:308 - Updater called before beeing initialized
2024-06-01 15:39:22,160 [FATAL] Updater:308 - Updater called before beeing initialized
2024-06-01 15:39:22,160 [WARN] DetailPanel:346 - Failed to get advertising image, set to default
2024-06-01 15:39:22,161 [FATAL] Updater:308 - Updater called before beeing initialized
2024-06-01 15:39:22,197 [ERROR] Updater:1120 - MainUpdater not yet initialized. External WinMGr cannot be set.
2024-06-01 15:39:22,199 [INFO] Updater:1056 - Updater Version found : 6.9.2
2024-06-01 15:39:22,215 [INFO] ApplicationProperties:184 - Using Application install path: C:\ST\STM32CubeIDE_1.13.0\STM32CubeIDE\plugins\com.st.stm32cube.common.mx_6.9.2.202309101412
2024-06-01 15:39:22,464 [INFO] MainUpdater:2868 - connection check result : 10
2024-06-01 15:39:22,464 [INFO] MainUpdater:285 - Updater Check For Update Now.
2024-06-01 15:39:22,464 [INFO] MicroXplorer:498 - Change Database Version : DB.6.0.92
2024-06-01 15:39:22,471 [INFO] McuFinderGlobals:63 - Set McuFinder mode to 2 (CubeIDE integrated)
2024-06-01 15:39:22,471 [INFO] UserAuth:179 - activating auth plugin
2024-06-01 15:39:22,485 [INFO] UserAuth:393 - Internet connection configuration mode: 1
2024-06-01 15:39:22,511 [INFO] JxBrowserEngine:151 - Initiate JxBrowser Engine with user profile folder
2024-06-01 15:39:22,663 [INFO] CheckServerUpdateThread:120 - End of CheckServer Thread
2024-06-01 15:39:23,052 [INFO] WebApp:157 - Instantiating new browser for Auth
2024-06-01 15:39:23,544 [INFO] WebApp:753 - Register for checkConnection events
2024-06-01 15:39:23,544 [INFO] WebApp:390 - Apply proxy settings
2024-06-01 15:39:23,544 [INFO] WebApp:475 - Chromium requires no authentication
2024-06-01 15:39:23,551 [INFO] WebApp:418 - Direct internet connection detected
2024-06-01 15:39:23,687 [INFO] WebApp:188 - Starting web application
2024-06-01 15:39:23,687 [INFO] WebApp:520 - Web application path used C:\ST\STM32CubeIDE_1.13.0\STM32CubeIDE\plugins\com.st.stm32cube.common.mx_6.9.2.202309101412\db\plugins\mcufinder\reactClient1\index.html
2024-06-01 15:39:24,351 [WARN] PackLoader:240 - Cannot read IP mode file for STMicroelectronics.FP-SNS-MOTENVWB1.1.4.0
2024-06-01 15:39:24,360 [WARN] PackLoader:240 - Cannot read IP mode file for STMicroelectronics.X-CUBE-SMBUS.2.1.0
2024-06-01 15:39:24,364 [WARN] PackLoader:240 - Cannot read IP mode file for STMicroelectronics.X-CUBE-TOUCHGFX.4.23.0
2024-06-01 15:39:24,367 [WARN] PackLoader:240 - Cannot read IP mode file for STMicroelectronics.X-CUBE-TOUCHGFX.4.23.2
2024-06-01 15:39:24,391 [WARN] PackLoader:240 - Cannot read IP mode file for STMicroelectronics.X-CUBE-AZRTOS-F7.1.1.0
2024-06-01 15:39:24,401 [WARN] PackLoader:240 - Cannot read IP mode file for STMicroelectronics.FP-SNS-MOTENV1.4.3.2
2024-06-01 15:39:24,407 [WARN] PackLoader:240 - Cannot read IP mode file for STMicroelectronics.FP-SNS-FLIGHT1.5.0.2
2024-06-01 15:39:24,414 [WARN] PackLoader:240 - Cannot read IP mode file for STMicroelectronics.X-CUBE-DISPLAY.3.0.0
2024-06-01 15:39:24,424 [WARN] PackLoader:240 - Cannot read IP mode file for STMicroelectronics.X-CUBE-BLE1.7.0.0
2024-06-01 15:39:24,431 [WARN] PackLoader:240 - Cannot read IP mode file for emotas.I-CUBE-CANOPEN.1.3.0
2024-06-01 15:39:24,444 [WARN] PackLoader:240 - Cannot read IP mode file for STMicroelectronics.X-CUBE-BLEMGR.3.1.0
2024-06-01 15:39:24,452 [WARN] PackLoader:240 - Cannot read IP mode file for STMicroelectronics.FP-SNS-SMARTAG2.1.2.0
2024-06-01 15:39:24,462 [INFO] LogOutputStream:77 - [STDOUT_REDIRECT] 1 : Invalid condition id : UX_CORESTACK_Condition cause : null
2024-06-01 15:39:24,462 [INFO] LogOutputStream:77 - [STDOUT_REDIRECT] 1 : Invalid condition id : UX_CORESTACK_Condition cause : null
2024-06-01 15:39:24,463 [INFO] LogOutputStream:77 - [STDOUT_REDIRECT] 1 : Invalid condition id : UX_CORESTACK_Condition cause : null
2024-06-01 15:39:24,464 [INFO] LogOutputStream:77 - [STDOUT_REDIRECT] 1 : Invalid condition id : UX_CORESTACK_Condition cause : null
2024-06-01 15:39:24,465 [INFO] LogOutputStream:77 - [STDOUT_REDIRECT] 1 : Invalid condition id : UX_CORESTACK_Condition cause : null
2024-06-01 15:39:24,468 [WARN] PackLoader:240 - Cannot read IP mode file for STMicroelectronics.X-CUBE-AZRTOS-WL.2.0.0
2024-06-01 15:39:24,473 [WARN] PackLoader:240 - Cannot read IP mode file for STMicroelectronics.FP-SNS-MOTENV1.5.0.0
2024-06-01 15:39:24,484 [WARN] PackLoader:240 - Cannot read IP mode file for WES.I-CUBE-Cesium.1.3.0
2024-06-01 15:39:24,488 [WARN] PackLoader:240 - Cannot read IP mode file for STMicroelectronics.X-CUBE-BLE2.3.3.0
2024-06-01 15:39:24,494 [WARN] PackLoader:240 - Cannot read IP mode file for STMicroelectronics.X-CUBE-TCPP.4.1.0
2024-06-01 15:39:24,502 [WARN] PackLoader:240 - Cannot read IP mode file for STMicroelectronics.X-CUBE-ALGOBUILD.1.3.0
2024-06-01 15:39:24,518 [WARN] PackLoader:240 - Cannot read IP mode file for STMicroelectronics.X-CUBE-AZRTOS-G0.1.1.0
2024-06-01 15:39:24,524 [WARN] PackLoader:240 - Cannot read IP mode file for STMicroelectronics.X-CUBE-SAFEA1.1.2.2
2024-06-01 15:39:24,529 [WARN] PackLoader:240 - Cannot read IP mode file for STMicroelectronics.X-CUBE-NFC4.3.0.0
2024-06-01 15:39:24,534 [WARN] PackLoader:240 - Cannot read IP mode file for STMicroelectronics.FP-ATR-SIGFOX1.3.2.0
2024-06-01 15:39:24,540 [WARN] PackLoader:240 - Cannot read IP mode file for STMicroelectronics.X-CUBE-EEPRMA1.5.1.0
2024-06-01 15:39:24,587 [WARN] PackLoader:240 - Cannot read IP mode file for SEGGER.I-CUBE-embOS.1.3.1
2024-06-01 15:39:24,643 [WARN] PackLoader:240 - Cannot read IP mode file for STMicroelectronics.X-CUBE-ALGOBUILD.1.4.0
2024-06-01 15:39:24,651 [WARN] PackLoader:240 - Cannot read IP mode file for STMicroelectronics.X-CUBE-GNSS1.6.0.0
2024-06-01 15:39:24,672 [WARN] PackLoader:240 - Cannot read IP mode file for STMicroelectronics.X-CUBE-AZRTOS-F4.1.1.0
2024-06-01 15:39:24,681 [WARN] PackLoader:240 - Cannot read IP mode file for STMicroelectronics.X-CUBE-FREERTOS.1.2.0
2024-06-01 15:39:24,686 [WARN] PackLoader:240 - Cannot read IP mode file for wolfSSL.I-CUBE-wolfSSL.5.6.6
2024-06-01 15:39:24,701 [WARN] PackLoader:240 - Cannot read IP mode file for STMicroelectronics.X-CUBE-AZRTOS-L5.2.0.0
2024-06-01 15:39:24,711 [WARN] PackLoader:240 - Cannot read IP mode file for STMicroelectronics.X-CUBE-NFC6.3.1.0
2024-06-01 15:39:24,720 [WARN] PackLoader:240 - Cannot read IP mode file for ITTIA_DB.I-CUBE-ITTIADB.8.8.0
2024-06-01 15:39:24,724 [WARN] PackLoader:240 - Cannot read IP mode file for STMicroelectronics.X-CUBE-AI.9.0.0
2024-06-01 15:39:24,729 [WARN] PackLoader:240 - Cannot read IP mode file for STMicroelectronics.X-CUBE-NFC7.1.0.1
2024-06-01 15:39:24,734 [WARN] PackLoader:240 - Cannot read IP mode file for STMicroelectronics.X-CUBE-AI.8.1.0
2024-06-01 15:39:24,754 [WARN] ConditionMgr:438 - getConditionDescription Invalid condition id : LAN8742 Phy interface Condition cause : null
2024-06-01 15:39:24,755 [WARN] PackLoader:240 - Cannot read IP mode file for STMicroelectronics.X-CUBE-AZRTOS-L4.2.0.0
2024-06-01 15:39:24,756 [WARN] ConditionMgr:1039 - genDependencies : Invalid condition id : LAN8742 Phy interface Condition cause : null
2024-06-01 15:39:24,757 [WARN] ConditionMgr:1039 - genDependencies : Invalid condition id : LAN8742 Phy interface Condition cause : null
2024-06-01 15:39:24,757 [WARN] ConditionMgr:1039 - genDependencies : Invalid condition id : LAN8742 Phy interface Condition cause : null
2024-06-01 15:39:24,763 [WARN] PackLoader:240 - Cannot read IP mode file for STMicroelectronics.X-CUBE-SFXS2LP1.4.0.0
2024-06-01 15:39:24,776 [WARN] ConditionMgr:438 - getConditionDescription Invalid condition id : UX DEVICE CLASS RTOS Condition cause : null
2024-06-01 15:39:24,776 [WARN] ConditionMgr:438 - getConditionDescription Invalid condition id : UX DEVICE CLASS RTOS Condition cause : null
2024-06-01 15:39:24,778 [WARN] PackLoader:240 - Cannot read IP mode file for STMicroelectronics.X-CUBE-AZRTOS-WB.2.0.0
2024-06-01 15:39:24,778 [WARN] ConditionMgr:1039 - genDependencies : Invalid condition id : UX DEVICE CLASS RTOS Condition cause : null
2024-06-01 15:39:24,778 [WARN] ConditionMgr:1039 - genDependencies : Invalid condition id : UX DEVICE CLASS RTOS Condition cause : null
2024-06-01 15:39:24,779 [WARN] ConditionMgr:1039 - genDependencies : Invalid condition id : UX DEVICE CLASS RTOS Condition cause : null
2024-06-01 15:39:24,779 [WARN] ConditionMgr:1039 - genDependencies : Invalid condition id : UX DEVICE CLASS RTOS Condition cause : null
2024-06-01 15:39:24,779 [WARN] ConditionMgr:1039 - genDependencies : Invalid condition id : UX DEVICE CLASS RTOS Condition cause : null
2024-06-01 15:39:24,787 [WARN] PackLoader:240 - Cannot read IP mode file for STMicroelectronics.X-CUBE-SUBG2.5.0.0
2024-06-01 15:39:24,795 [WARN] PackLoader:240 - Cannot read IP mode file for Cesanta.I-CUBE-Mongoose.7.13.0
2024-06-01 15:39:24,812 [WARN] PackLoader:240 - Cannot read IP mode file for STMicroelectronics.X-CUBE-AZRTOS-G4.2.0.0
2024-06-01 15:39:24,831 [WARN] PackLoader:240 - Cannot read IP mode file for Infineon.AIROC-Wi-Fi-Bluetooth-STM32.1.5.1
2024-06-01 15:39:24,838 [WARN] PackLoader:240 - Cannot read IP mode file for STMicroelectronics.FP-SNS-MOTENVWB1.1.3.1
2024-06-01 15:39:24,844 [WARN] PackLoader:240 - Cannot read IP mode file for STMicroelectronics.X-CUBE-ISPU.2.0.0
2024-06-01 15:39:24,850 [WARN] PackLoader:240 - Cannot read IP mode file for STMicroelectronics.X-CUBE-ALS.1.0.2
2024-06-01 15:39:24,901 [WARN] PackLoader:240 - Cannot read IP mode file for STMicroelectronics.X-CUBE-MEMS1.10.0.0
2024-06-01 15:39:25,041 [WARN] PackLoader:240 - Cannot read IP mode file for STMicroelectronics.X-CUBE-FREERTOS.1.1.0
2024-06-01 15:39:25,045 [WARN] PackLoader:240 - Cannot read IP mode file for portGmbH.I-Cube-SoM-uGOAL.1.1.0
2024-06-01 15:39:25,049 [WARN] PackLoader:240 - Cannot read IP mode file for STMicroelectronics.X-CUBE-ALS.1.0.1
2024-06-01 15:39:25,069 [WARN] PackLoader:240 - Cannot read IP mode file for STMicroelectronics.X-CUBE-AZRTOS-H7RS.1.0.0
2024-06-01 15:39:25,084 [WARN] PackLoader:240 - Cannot read IP mode file for STMicroelectronics.FP-ATR-ASTRA1.2.0.0
2024-06-01 15:39:25,095 [WARN] PackLoader:240 - Cannot read IP mode file for STMicroelectronics.X-CUBE-TOF1.3.4.1
2024-06-01 15:39:25,115 [WARN] PackLoader:240 - Cannot read IP mode file for STMicroelectronics.X-CUBE-AZRTOS-H7.3.2.0
2024-06-01 15:39:25,117 [INFO] ThirdParty:978 - Integrity check success = true
2024-06-01 15:39:25,118 [INFO] IntegrityCheckThread:100 - exiting critical section [integrity check]
2024-06-01 15:39:25,118 [INFO] IntegrityCheckThread:103 - End integrity checks thread
2024-06-01 15:39:36,838 [ERROR] LogOutputStream:75 - [STDERR_REDIRECT] SLF4J: Failed to load class "org.slf4j.impl.StaticLoggerBinder".
2024-06-01 15:39:36,838 [ERROR] LogOutputStream:75 - [STDERR_REDIRECT] SLF4J: Defaulting to no-operation (NOP) logger implementation
2024-06-01 15:39:36,840 [ERROR] LogOutputStream:75 - [STDERR_REDIRECT] SLF4J: See http://www.slf4j.org/codes.html#StaticLoggerBinder for further details.
2024-06-01 15:40:38,462 [INFO] McuFinderGlobals:63 - Set McuFinder mode to 2 (CubeIDE integrated)
2024-06-01 15:40:38,489 [INFO] MainUpdater:2868 - connection check result : 10
2024-06-01 15:40:38,494 [INFO] MainUpdater:2868 - connection check result : 10
2024-06-01 15:40:38,649 [INFO] MicroXplorer:468 - Change Database Path : 
2024-06-01 15:40:38,650 [INFO] MicroXplorer:498 - Change Database Version : DB.6.0.92
2024-06-01 15:40:38,654 [WARN] ThirdParty:871 - waiting for thirdparty lock release [close project]
2024-06-01 15:40:38,654 [INFO] ThirdParty:873 - entering critical section [close project]
2024-06-01 15:40:38,657 [INFO] ThirdParty:883 - exiting critical section [close project]
2024-06-01 15:40:38,662 [INFO] PinOutPanel:1499 - setPackage(No Configuration,No Configuration)
2024-06-01 15:40:38,673 [INFO] UtilMem:75 - Begin LoadConfig() Used Memory: 610082160 Bytes (788529152)
2024-06-01 15:40:38,674 [INFO] MicroXplorer:468 - Change Database Path : 
2024-06-01 15:40:38,675 [INFO] MicroXplorer:498 - Change Database Version : DB.6.0.92
2024-06-01 15:40:38,675 [INFO] OpenFileManager:308 - Change cursor
2024-06-01 15:40:38,725 [INFO] Mcu:1946 - Initializing MCU STM32F407V(E-G)Tx STM32F407VGTx STM32F407VGT6
2024-06-01 15:40:41,628 [INFO] Context:659 - Trying to add GPIOservice into a context  which must be forbidden
2024-06-01 15:40:42,471 [INFO] RtosManager:555 - Registered RTOS mode: class=CMSIS, group=RTOS, mode=CMSIS_V1, owner=FREERTOS
2024-06-01 15:40:42,471 [INFO] RtosManager:555 - Registered RTOS mode: class=CMSIS, group=RTOS2, mode=CMSIS_V2, owner=FREERTOS
2024-06-01 15:40:42,472 [INFO] RtosManager:555 - Registered RTOS mode: class=RTOS, group=Core, mode=CMSIS_V1, owner=FREERTOS
2024-06-01 15:40:42,472 [INFO] RtosManager:555 - Registered RTOS mode: class=RTOS, group=Core, mode=CMSIS_V2, owner=FREERTOS
2024-06-01 15:40:42,472 [WARN] ModelIntegratedComponent:184 - Missing modes for component STMicroelectronics:FreeRTOS:0.0.1:STMicroelectronics:RTOS:FreeRTOS:Core:::10.2.0:
2024-06-01 15:40:42,542 [WARN] ModelIntegratedComponent:63 - No mode defined for component null
2024-06-01 15:40:42,542 [WARN] ModelIntegratedComponent:63 - No mode defined for component null
2024-06-01 15:40:42,543 [WARN] ModelIntegratedComponent:63 - No mode defined for component null
2024-06-01 15:40:42,543 [WARN] ModelIntegratedComponent:63 - No mode defined for component null
2024-06-01 15:40:42,543 [WARN] ModelIntegratedComponent:63 - No mode defined for component null
2024-06-01 15:40:42,543 [WARN] ModelIntegratedComponent:63 - No mode defined for component null
2024-06-01 15:40:42,543 [WARN] ModelIntegratedComponent:63 - No mode defined for component null
2024-06-01 15:40:42,543 [WARN] ModelIntegratedComponent:63 - No mode defined for component null
2024-06-01 15:40:42,543 [WARN] ModelIntegratedComponent:63 - No mode defined for component null
2024-06-01 15:40:42,543 [WARN] ModelIntegratedComponent:63 - No mode defined for component null
2024-06-01 15:40:42,543 [WARN] ModelIntegratedComponent:63 - No mode defined for component null
2024-06-01 15:40:42,543 [WARN] ModelIntegratedComponent:63 - No mode defined for component null
2024-06-01 15:40:42,543 [WARN] ModelIntegratedComponent:63 - No mode defined for component null
2024-06-01 15:40:42,543 [WARN] ModelIntegratedComponent:63 - No mode defined for component null
2024-06-01 15:40:42,543 [WARN] ModelIntegratedComponent:63 - No mode defined for component null
2024-06-01 15:40:42,543 [WARN] ModelIntegratedComponent:63 - No mode defined for component null
2024-06-01 15:40:42,544 [WARN] ModelIntegratedComponent:63 - No mode defined for component null
2024-06-01 15:40:42,544 [WARN] ModelIntegratedComponent:63 - No mode defined for component null
2024-06-01 15:40:42,544 [WARN] ModelIntegratedComponent:63 - No mode defined for component null
2024-06-01 15:40:42,544 [WARN] ModelIntegratedComponent:63 - No mode defined for component null
2024-06-01 15:40:42,544 [WARN] ModelIntegratedComponent:63 - No mode defined for component null
2024-06-01 15:40:42,544 [WARN] ModelIntegratedComponent:63 - No mode defined for component null
2024-06-01 15:40:42,544 [WARN] ModelIntegratedComponent:63 - No mode defined for component null
2024-06-01 15:40:42,544 [WARN] ModelIntegratedComponent:63 - No mode defined for component null
2024-06-01 15:40:42,544 [WARN] ModelIntegratedComponent:63 - No mode defined for component null
2024-06-01 15:40:42,544 [WARN] ModelIntegratedComponent:63 - No mode defined for component null
2024-06-01 15:40:42,544 [WARN] ModelIntegratedComponent:63 - No mode defined for component null
2024-06-01 15:40:42,545 [WARN] ModelIntegratedComponent:63 - No mode defined for component null
2024-06-01 15:40:42,550 [WARN] ModelIntegratedComponent:63 - No mode defined for component null
2024-06-01 15:40:42,550 [WARN] ModelIntegratedComponent:63 - No mode defined for component null
2024-06-01 15:40:42,551 [WARN] ModelIntegratedComponent:63 - No mode defined for component null
2024-06-01 15:40:42,551 [WARN] ModelIntegratedComponent:63 - No mode defined for component null
2024-06-01 15:40:42,551 [WARN] ModelIntegratedComponent:63 - No mode defined for component null
2024-06-01 15:40:42,819 [INFO] ThirdPartyModel:298 - Start build external matchings
2024-06-01 15:40:43,640 [INFO] ThirdPartyModel:316 - End build external matchings
2024-06-01 15:40:43,664 [INFO] ImportTextPane:194 - (OptionalMessage_ERROR) IP (RCC) : Parameter (RTCHSEDivFreq_Value) has invalid value (12500000)
2024-06-01 15:40:44,074 [INFO] UtilMem:75 - End LoadConfig() Used Memory: 533884248 Bytes (1073741824)
2024-06-01 15:40:44,296 [INFO] ApiDb:581 - Connected to CubeFinder SQLite database (C:\Users\OS\.stmcufinder\plugins\mcufinder\mcu\cube-finder-db.db)
2024-06-01 15:40:44,370 [INFO] ApiDb:668 - CubeFinder database Data Model version=2.1
2024-06-01 15:40:44,370 [INFO] ApiDb:669 - CubeFinder database Configuration version=3.0.39
2024-06-01 15:40:44,370 [INFO] ApiDb:670 - CubeFinder database generation date=2024-05-16 (1715872938)
2024-06-01 15:40:44,371 [INFO] ApiDb:671 - CubeFinder database FW Pack versions=[FP-ATR-ASTRA1_V2.0.0, FP-SNS-FLIGHT1_V5.0.1, FP-SNS-FLIGHT1_V5.0.2, FP-SNS-MOTENV1_V4.3.1, FP-SNS-MOTENV1_V4.3.2, FP-SNS-MOTENV1_V5.0.0, FP-SNS-MOTENVWB1_V1.4.0, FP-SNS-SMARTAG2_V1.2.0, STM32Cube_FW_C0_V1.1.0, STM32Cube_FW_F4_V1.28.0, STM32Cube_FW_F7_V1.17.0, STM32Cube_FW_G0_V1.6.2, STM32Cube_FW_G4_V1.5.2, STM32Cube_FW_H5_V0.5.1, STM32Cube_FW_H5_V1.1.1, STM32Cube_FW_H5_V1.2.0, STM32Cube_FW_H5_V1.2.0RC4, STM32Cube_FW_H7RS_V1.0.0, STM32Cube_FW_H7RS_V1.0.0RC4, STM32Cube_FW_H7_V1.11.0, STM32Cube_FW_L0_V1.12.2, STM32Cube_FW_L5_V1.5.1, STM32Cube_FW_U0_V1.0.0, STM32Cube_FW_U0_V1.0.0RC1, STM32Cube_FW_U5_V1.3.0RC4, STM32Cube_FW_U5_V1.5.0, STM32Cube_FW_U5_V1.5.0RC1, STM32Cube_FW_WBA_V1.0.0RC1, STM32Cube_FW_WBA_V1.2.0, STM32Cube_FW_WBA_V1.2.0RC2, STM32Cube_FW_WBA_V1.3.0, STM32Cube_FW_WBA_V1.3.0RC1, STM32Cube_FW_WB_V1.15.0RC1, STM32Cube_FW_WB_V1.16.0, STM32Cube_FW_WB_V1.16.0RC2, STM32Cube_FW_WB_V1.18.0, STM32Cube_FW_WB_V1.19.0, STM32Cube_FW_WL_V1.3.0, X-CUBE-ALGOBUILD_V1.4.0, X-CUBE-ALS_V1.0.1, X-CUBE-AZRTOS-F4_V1.1.0, X-CUBE-AZRTOS-F7_V1.1.0, X-CUBE-AZRTOS-G0_V1.1.0, X-CUBE-AZRTOS-G4_V2.0.0, X-CUBE-AZRTOS-H7_V3.2.0, X-CUBE-AZRTOS-L4_V1.0.0, X-CUBE-AZRTOS-L4_V2.0.0, X-CUBE-AZRTOS-L5_V1.1.0, X-CUBE-AZRTOS-WB_V2.0.0, X-CUBE-AZRTOS-WL_V2.0.0, X-CUBE-BLE1_V7.0.0, X-CUBE-BLE2_V3.3.0, X-CUBE-BLEMGR_V3.1.0, X-CUBE-EEPRMA1_V4.1.0, X-CUBE-EEPRMA1_V5.1.0, X-CUBE-FREERTOS_V1.1.0, X-CUBE-GNSS1_V6.0.0, X-CUBE-MEMS1_V10.0.0, X-CUBE-MEMS1_V9.1.0, X-CUBE-MEMS1_V9.4.0, X-CUBE-MEMS1_V9.6.0, X-CUBE-NFC4_V3.0.0, X-CUBE-NFC7_V1.0.1, X-CUBE-SFXS2LP1_V4.0.0, X-CUBE-SUBG2_V5.0.0, X-CUBE-TOF1_V3.4.0]
2024-06-01 15:40:47,158 [INFO] ApiDb:240 - Found 323 in-development CPN: [B-G473E-ZEST1S, B-WB1M-WPAN1, B-WL5M-SUBG1, NUCLEO-C031C6, NUCLEO-H503RB, NUCLEO-H563ZI, NUCLEO-U545RE-Q, NUCLEO-U5A5ZJ-Q, NUCLEO-WBA52CG, STEVAL-PROTEUS1, STEVAL-SMARTAG2, STEVAL-STWINBX1, STM320518-EVAL, STM32C0116-DK, STM32C011D6Y3TR, STM32C011D6Y6TR, STM32C011F4P3, STM32C011F4P6, STM32C011F4U3, STM32C011F4U6TR, STM32C011F6P3, STM32C011F6P6, STM32C011F6U3, STM32C011F6U6TR, STM32C011J4M3, STM32C011J4M6, STM32C011J6M3, STM32C011J6M6, STM32C0316-DK, STM32C031C4T3, STM32C031C4T6, STM32C031C4U3, STM32C031C4U6, STM32C031C6T3, STM32C031C6T6, STM32C031C6U3, STM32C031C6U6, STM32C031F4P3, STM32C031F4P6, STM32C031F6P3, STM32C031F6P6, STM32C031G4U3, STM32C031G4U6, STM32C031G6U3, STM32C031G6U6, STM32C031K4T3, STM32C031K4T6, STM32C031K4U3, STM32C031K4U6, STM32C031K6T3, STM32C031K6T6, STM32C031K6U3, STM32C031K6U6, STM32G071K8TXN, STM32G071K8UXN, STM32G081GBU6N, STM32G081KBT6N, STM32G081KBUXN, STM32G0B1CCT6N, STM32G0B1KCT6, STM32G0B1NEY6TR, STM32G0B1RCT6N, STM32G0C1CCT6, STM32G0C1CCT6N, STM32G0C1CCU6N, STM32G0C1CET6N, STM32G0C1CEU6N, STM32G0C1KCT6, STM32G0C1NEY6TR, STM32G0C1RCI6N, STM32G0C1RCT6N, STM32G0C1REI6N, STM32G0C1RET6N, STM32G0C1VCI6, STM32G0C1VEI6, STM32G471CCT6, STM32G471CCU6, STM32G471CET3, STM32G471CET6, STM32G471CEU3, STM32G471CEU6, STM32G471MCT6, STM32G471MET3, STM32G471MET6, STM32G471MEY6TR, STM32G471QCT6, STM32G471QET3, STM32G471RCT6, STM32G471RET3, STM32G471RET6, STM32G471VCH6, STM32G471VCI6, STM32G471VCT6, STM32G471VEH3, STM32G471VEH6, STM32G471VEI3, STM32G471VEI6, STM32G471VET3, STM32G471VET6, STM32G474CCT6, STM32H503CBT6, STM32H503CBU6, STM32H503EBY6TR, STM32H503KBU6, STM32H503RBT6, STM32H562AGI6, STM32H562AII6, STM32H562IGK6, STM32H562IGT6, STM32H562IIK6, STM32H562IIT6, STM32H562RGT6, STM32H562RGV6, STM32H562RIT6, STM32H562RIV6, STM32H562VGT6, STM32H562VIT6, STM32H562ZGT6, STM32H562ZIT6, STM32H563AGI6, STM32H563AII3Q, STM32H563AII6, STM32H563IGK6, STM32H563IGT6, STM32H563IIK3Q, STM32H563IIK6, STM32H563IIT3Q, STM32H563IIT6, STM32H563MIY3QTR, STM32H563RGT6, STM32H563RGV6, STM32H563RIT6, STM32H563RIV6, STM32H563VGT6, STM32H563VIT3Q, STM32H563VIT6, STM32H563ZGT6, STM32H563ZIT3Q, STM32H563ZIT6, STM32H573AII3Q, STM32H573AII6, STM32H573I-DK, STM32H573IIK3Q, STM32H573IIK6, STM32H573IIT3Q, STM32H573IIT6, STM32H573MIY3QTR, STM32H573RIT6, STM32H573RIV6, STM32H573VIT3Q, STM32H573VIT6, STM32H573ZIT3Q, STM32H573ZIT6, STM32L4R5QGI6STR, STM32MP131AAE3, STM32MP131AAF3, STM32MP131AAG3, STM32MP131CAE3, STM32MP131CAF3, STM32MP131CAG3, STM32MP131DAE7, STM32MP131DAF7, STM32MP131DAG7, STM32MP131FAE7, STM32MP131FAF7, STM32MP131FAG7, STM32MP133AAE3, STM32MP133AAF3, STM32MP133AAG3, STM32MP133CAE3, STM32MP133CAF3, STM32MP133CAG3, STM32MP133DAE7, STM32MP133DAF7, STM32MP133DAG7, STM32MP133FAE7, STM32MP133FAF7, STM32MP133FAG7, STM32MP135AAE3, STM32MP135AAF3, STM32MP135AAG3, STM32MP135CAE3, STM32MP135CAF3, STM32MP135CAG3, STM32MP135DAE7, STM32MP135DAF7, STM32MP135DAG7, STM32MP135F-DK, STM32MP135FAE7, STM32MP135FAF7, STM32MP135FAF7T, STM32MP135FAF7U, STM32MP135FAG7, STM32U535CBT6, STM32U535CBT6Q, STM32U535CBU6, STM32U535CBU6Q, STM32U535CCT6, STM32U535CCT6Q, STM32U535CCU6, STM32U535CCU6Q, STM32U535CET6, STM32U535CET6Q, STM32U535CEU6, STM32U535CEU6Q, STM32U535JEY6QTR, STM32U535NCY6QTR, STM32U535NEY6QTR, STM32U535RBI6, STM32U535RBI6Q, STM32U535RBT6, STM32U535RBT6Q, STM32U535RCI6, STM32U535RCI6Q, STM32U535RCT6, STM32U535RCT6Q, STM32U535REI6, STM32U535REI6Q, STM32U535RET6, STM32U535RET6Q, STM32U535VCI6, STM32U535VCI6Q, STM32U535VCT6, STM32U535VCT6Q, STM32U535VEI6, STM32U535VEI6Q, STM32U535VET6, STM32U535VET6Q, STM32U545CET6, STM32U545CET6Q, STM32U545CEU6, STM32U545CEU6Q, STM32U545JEY6QTR, STM32U545NEY6QTR, STM32U545REI6, STM32U545REI6Q, STM32U545RET6, STM32U545RET6Q, STM32U545VEI6, STM32U545VEI6Q, STM32U545VET6, STM32U545VET6Q, STM32U595AIH6, STM32U595AIH6Q, STM32U595AJH6, STM32U595AJH6Q, STM32U595QII6, STM32U595QII6Q, STM32U595QJI6, STM32U595QJI6Q, STM32U595RIT6, STM32U595RIT6Q, STM32U595RJT6, STM32U595RJT6Q, STM32U595VIT6, STM32U595VIT6Q, STM32U595VJT6, STM32U595VJT6Q, STM32U595ZIT6, STM32U595ZIT6Q, STM32U595ZIY6QTR, STM32U595ZJT6, STM32U595ZJT6Q, STM32U595ZJY6QTR, STM32U599BJY6QTR, STM32U599NIH6Q, STM32U599NJH6Q, STM32U599VIT6Q, STM32U599VJT6, STM32U599VJT6Q, STM32U599ZIT6Q, STM32U599ZIY6QTR, STM32U599ZJT6Q, STM32U599ZJY6QTR, STM32U5A5AJH6, STM32U5A5AJH6Q, STM32U5A5QJI6, STM32U5A5QJI6Q, STM32U5A5RJT6, STM32U5A5RJT6Q, STM32U5A5VJT6, STM32U5A5VJT6Q, STM32U5A5ZJT6, STM32U5A5ZJT6Q, STM32U5A5ZJY6QTR, STM32U5A9BJY6QTR, STM32U5A9J-DK, STM32U5A9NJH6Q, STM32U5A9VJT6Q, STM32U5A9ZJT6Q, STM32U5A9ZJY6QTR, STM32U5F7VIT6, STM32U5F7VIT6Q, STM32U5F7VJT6, STM32U5F7VJT6Q, STM32U5F9BJY6QTR, STM32U5F9NJH6Q, STM32U5F9VIT6Q, STM32U5F9VJT6Q, STM32U5F9ZIJ6QTR, STM32U5F9ZIT6Q, STM32U5F9ZJJ6QTR, STM32U5F9ZJT6Q, STM32U5G7VJT6, STM32U5G7VJT6Q, STM32U5G9BJY6QTR, STM32U5G9J-DK1, STM32U5G9J-DK2, STM32U5G9NJH6Q, STM32U5G9VJT6Q, STM32U5G9ZJJ6QTR, STM32U5G9ZJT6Q, STM32WB1MMCH6, STM32WBA52CEU6, STM32WBA52CEU6T, STM32WBA52CGU6, STM32WBA52CGU6T, STM32WBA52KEU6, STM32WBA52KEU6T, STM32WBA52KGU6, STM32WBA52KGU6T, STM32WL5MOCH6, STM32WL5MOCH6TR]
2024-06-01 15:40:47,172 [INFO] DbMcus:217 - Found 4073 MCUs, 4073 are supported
2024-06-01 15:40:47,175 [INFO] ApiDb:423 - Load user favorites file C:\Users\OS/.stm32cubeide/favorites.mcus.txt: 0 item(s)
2024-06-01 15:40:47,176 [INFO] ApiDb:427 - User favorites MCUs=[]
2024-06-01 15:40:47,177 [INFO] DbMcus:223 - Set 0 / 0 favorites MCUs
2024-06-01 15:40:48,170 [WARN] ThirdParty:833 - waiting for thirdparty lock release [change project]
2024-06-01 15:40:48,171 [INFO] ThirdParty:835 - entering critical section [change project]
2024-06-01 15:40:48,171 [INFO] ThirdParty:1030 - CMSIS Pack Vendor :STMicroelectronics USBPD 4.1
2024-06-01 15:40:48,172 [INFO] ThirdParty:1030 - CMSIS Pack Vendor :STMicroelectronics X-CUBE-GNSS1 6.0.0
2024-06-01 15:40:48,172 [INFO] ThirdParty:1030 - CMSIS Pack Vendor :STMicroelectronics USB_HOST 2.0.0
2024-06-01 15:40:48,172 [INFO] ThirdParty:1030 - CMSIS Pack Vendor :STMicroelectronics FP-SNS-MOTENVWB1 1.4.0
2024-06-01 15:40:48,172 [INFO] ThirdParty:1030 - CMSIS Pack Vendor :STMicroelectronics X-CUBE-AZRTOS-F4 1.1.0
2024-06-01 15:40:48,172 [INFO] ThirdParty:1030 - CMSIS Pack Vendor :STMicroelectronics LIBJPEG 8.0.0
2024-06-01 15:40:48,173 [INFO] ThirdParty:1030 - CMSIS Pack Vendor :STMicroelectronics X-CUBE-SMBUS 2.1.0
2024-06-01 15:40:48,173 [INFO] ThirdParty:1030 - CMSIS Pack Vendor :STMicroelectronics USB_DEVICE 3.0.0
2024-06-01 15:40:48,173 [INFO] ThirdParty:1030 - CMSIS Pack Vendor :STMicroelectronics X-CUBE-TCPP 4.1.0
2024-06-01 15:40:48,173 [INFO] ThirdParty:1030 - CMSIS Pack Vendor :STMicroelectronics X-CUBE-FREERTOS 1.2.0
2024-06-01 15:40:48,173 [INFO] ThirdParty:1030 - CMSIS Pack Vendor :STMicroelectronics X-CUBE-AZRTOS-WB 2.0.0
2024-06-01 15:40:48,173 [INFO] ThirdParty:1030 - CMSIS Pack Vendor :wolfSSL I-CUBE-wolfSSL 5.6.6
2024-06-01 15:40:48,173 [INFO] ThirdParty:1030 - CMSIS Pack Vendor :STMicroelectronics X-CUBE-TOUCHGFX 4.23.0
2024-06-01 15:40:48,174 [INFO] ThirdParty:1030 - CMSIS Pack Vendor :STMicroelectronics X-CUBE-TOUCHGFX 4.23.2
2024-06-01 15:40:48,174 [INFO] ThirdParty:1030 - CMSIS Pack Vendor :STMicroelectronics X-CUBE-AZRTOS-F7 1.1.0
2024-06-01 15:40:48,174 [INFO] ThirdParty:1030 - CMSIS Pack Vendor :STMicroelectronics X-CUBE-AZRTOS-L5 2.0.0
2024-06-01 15:40:48,174 [INFO] ThirdParty:1030 - CMSIS Pack Vendor :STMicroelectronics USB_DEVICE 2.0.0
2024-06-01 15:40:48,174 [INFO] ThirdParty:1030 - CMSIS Pack Vendor :STMicroelectronics X-CUBE-NFC6 3.1.0
2024-06-01 15:40:48,175 [INFO] ThirdParty:1030 - CMSIS Pack Vendor :ITTIA_DB I-CUBE-ITTIADB 8.8.0
2024-06-01 15:40:48,175 [INFO] ThirdParty:1030 - CMSIS Pack Vendor :STMicroelectronics FP-SNS-MOTENV1 4.3.2
2024-06-01 15:40:48,175 [INFO] ThirdParty:1030 - CMSIS Pack Vendor :STMicroelectronics X-CUBE-ALGOBUILD 1.3.0
2024-06-01 15:40:48,175 [INFO] ThirdParty:1030 - CMSIS Pack Vendor :STMicroelectronics FreeRTOS 0.0.1
2024-06-01 15:40:48,176 [INFO] ThirdParty:1030 - CMSIS Pack Vendor :STMicroelectronics X-CUBE-AZRTOS-G0 1.1.0
2024-06-01 15:40:48,176 [INFO] ThirdParty:1030 - CMSIS Pack Vendor :STMicroelectronics X-CUBE-SAFEA1 1.2.2
2024-06-01 15:40:48,176 [INFO] ThirdParty:1030 - CMSIS Pack Vendor :STMicroelectronics X-CUBE-NFC4 3.0.0
2024-06-01 15:40:48,176 [INFO] ThirdParty:1030 - CMSIS Pack Vendor :STMicroelectronics X-CUBE-SUBG2 5.0.0
2024-06-01 15:40:48,176 [INFO] ThirdParty:1030 - CMSIS Pack Vendor :STMicroelectronics STM32_WPAN 1.0.0
2024-06-01 15:40:48,176 [INFO] ThirdParty:1030 - CMSIS Pack Vendor :STMicroelectronics lwIP 2.0.3
2024-06-01 15:40:48,177 [INFO] ThirdParty:1030 - CMSIS Pack Vendor :STMicroelectronics FP-SNS-FLIGHT1 5.0.2
2024-06-01 15:40:48,177 [INFO] ThirdParty:1030 - CMSIS Pack Vendor :Cesanta I-CUBE-Mongoose 7.13.0
2024-06-01 15:40:48,177 [INFO] ThirdParty:1030 - CMSIS Pack Vendor :STMicroelectronics USB_HOST 1.0.0
2024-06-01 15:40:48,177 [INFO] ThirdParty:1030 - CMSIS Pack Vendor :STMicroelectronics X-CUBE-AI 9.0.0
2024-06-01 15:40:48,178 [INFO] ThirdParty:1030 - CMSIS Pack Vendor :STMicroelectronics X-CUBE-AZRTOS-G4 2.0.0
2024-06-01 15:40:48,179 [INFO] ThirdParty:1030 - CMSIS Pack Vendor :STMicroelectronics PDM2PCM 3.1.0
2024-06-01 15:40:48,179 [INFO] ThirdParty:1030 - CMSIS Pack Vendor :Infineon AIROC-Wi-Fi-Bluetooth-STM32 1.5.1
2024-06-01 15:40:48,179 [INFO] ThirdParty:1030 - CMSIS Pack Vendor :STMicroelectronics PDM2PCM 3.3.0
2024-06-01 15:40:48,179 [INFO] ThirdParty:1030 - CMSIS Pack Vendor :STMicroelectronics X-CUBE-DISPLAY 3.0.0
2024-06-01 15:40:48,179 [INFO] ThirdParty:1030 - CMSIS Pack Vendor :STMicroelectronics FP-SNS-MOTENVWB1 1.3.1
2024-06-01 15:40:48,180 [INFO] ThirdParty:1030 - CMSIS Pack Vendor :STMicroelectronics X-CUBE-BLE1 7.0.0
2024-06-01 15:40:48,180 [INFO] ThirdParty:1030 - CMSIS Pack Vendor :STMicroelectronics FP-ATR-SIGFOX1 3.2.0
2024-06-01 15:40:48,180 [INFO] ThirdParty:1030 - CMSIS Pack Vendor :STMicroelectronics X-CUBE-ISPU 2.0.0
2024-06-01 15:40:48,180 [INFO] ThirdParty:1030 - CMSIS Pack Vendor :STMicroelectronics X-CUBE-EEPRMA1 5.1.0
2024-06-01 15:40:48,180 [INFO] ThirdParty:1030 - CMSIS Pack Vendor :STMicroelectronics HAL Drivers 0.0.0
2024-06-01 15:40:48,180 [INFO] ThirdParty:1030 - CMSIS Pack Vendor :STMicroelectronics MBEDTLS 2.16.2
2024-06-01 15:40:48,180 [INFO] ThirdParty:1030 - CMSIS Pack Vendor :STMicroelectronics X-CUBE-ALS 1.0.2
2024-06-01 15:40:48,180 [INFO] ThirdParty:1030 - CMSIS Pack Vendor :emotas I-CUBE-CANOPEN 1.3.0
2024-06-01 15:40:48,181 [INFO] ThirdParty:1030 - CMSIS Pack Vendor :STMicroelectronics X-CUBE-MEMS1 10.0.0
2024-06-01 15:40:48,181 [INFO] ThirdParty:1030 - CMSIS Pack Vendor :STMicroelectronics X-CUBE-FREERTOS 1.1.0
2024-06-01 15:40:48,181 [INFO] ThirdParty:1030 - CMSIS Pack Vendor :STMicroelectronics X-CUBE-NFC7 1.0.1
2024-06-01 15:40:48,181 [INFO] ThirdParty:1030 - CMSIS Pack Vendor :STMicroelectronics MBEDTLS 2.14.1
2024-06-01 15:40:48,181 [INFO] ThirdParty:1030 - CMSIS Pack Vendor :portGmbH I-Cube-SoM-uGOAL 1.1.0
2024-06-01 15:40:48,182 [INFO] ThirdParty:1030 - CMSIS Pack Vendor :STMicroelectronics X-CUBE-ALS 1.0.1
2024-06-01 15:40:48,182 [INFO] ThirdParty:1030 - CMSIS Pack Vendor :STMicroelectronics X-CUBE-BLEMGR 3.1.0
2024-06-01 15:40:48,182 [INFO] ThirdParty:1030 - CMSIS Pack Vendor :STMicroelectronics ThreadX 1.0.0
2024-06-01 15:40:48,182 [INFO] ThirdParty:1030 - CMSIS Pack Vendor :STMicroelectronics FP-SNS-SMARTAG2 1.2.0
2024-06-01 15:40:48,182 [INFO] ThirdParty:1030 - CMSIS Pack Vendor :STMicroelectronics X-CUBE-AZRTOS-WL 2.0.0
2024-06-01 15:40:48,182 [INFO] ThirdParty:1030 - CMSIS Pack Vendor :SEGGER I-CUBE-embOS 1.3.1
2024-06-01 15:40:48,182 [INFO] ThirdParty:1030 - CMSIS Pack Vendor :STMicroelectronics X-CUBE-ALGOBUILD 1.4.0
2024-06-01 15:40:48,182 [INFO] ThirdParty:1030 - CMSIS Pack Vendor :STMicroelectronics FP-SNS-MOTENV1 5.0.0
2024-06-01 15:40:48,182 [INFO] ThirdParty:1030 - CMSIS Pack Vendor :STMicroelectronics USB_DEVICE 1.0.0
2024-06-01 15:40:48,182 [INFO] ThirdParty:1030 - CMSIS Pack Vendor :STMicroelectronics X-CUBE-AI 8.1.0
2024-06-01 15:40:48,183 [INFO] ThirdParty:1030 - CMSIS Pack Vendor :STMicroelectronics X-CUBE-AZRTOS-H7RS 1.0.0
2024-06-01 15:40:48,183 [INFO] ThirdParty:1030 - CMSIS Pack Vendor :STMicroelectronics X-CUBE-AZRTOS-L4 2.0.0
2024-06-01 15:40:48,183 [INFO] ThirdParty:1030 - CMSIS Pack Vendor :STMicroelectronics ThreadX 0.0.2
2024-06-01 15:40:48,183 [INFO] ThirdParty:1030 - CMSIS Pack Vendor :WES I-CUBE-Cesium 1.3.0
2024-06-01 15:40:48,183 [INFO] ThirdParty:1030 - CMSIS Pack Vendor :STMicroelectronics FP-ATR-ASTRA1 2.0.0
2024-06-01 15:40:48,183 [INFO] ThirdParty:1030 - CMSIS Pack Vendor :STMicroelectronics lwIP 2.1.2
2024-06-01 15:40:48,183 [INFO] ThirdParty:1030 - CMSIS Pack Vendor :STMicroelectronics X-CUBE-SFXS2LP1 4.0.0
2024-06-01 15:40:48,184 [INFO] ThirdParty:1030 - CMSIS Pack Vendor :STMicroelectronics X-CUBE-BLE2 3.3.0
2024-06-01 15:40:48,184 [INFO] ThirdParty:1030 - CMSIS Pack Vendor :STMicroelectronics X-CUBE-TOF1 3.4.1
2024-06-01 15:40:48,184 [INFO] ThirdParty:1030 - CMSIS Pack Vendor :STMicroelectronics X-CUBE-AZRTOS-H7 3.2.0
2024-06-01 15:40:48,184 [INFO] ThirdParty:1030 - CMSIS Pack Vendor :STMicroelectronics PDM2PCM 3.2.0
2024-06-01 15:40:48,184 [INFO] ThirdParty:841 - exiting critical section [change project]
2024-06-01 15:40:48,995 [INFO] PinOutPanel:1499 - setPackage(No Configuration,No Configuration)
2024-06-01 15:40:48,997 [INFO] PinOutPanel:1499 - setPackage(STM32F407VGTx,LQFP100)
2024-06-01 15:40:49,531 [INFO] UtilMem:75 - Before build in PCC Used Memory: 580717632 Bytes (1073741824)
2024-06-01 15:40:51,088 [INFO] UtilMem:75 - After build in PCC Used Memory: 711396888 Bytes (1073741824)
2024-06-01 15:40:51,136 [INFO] IPUIPlugin:80 - create IPUIPlugin
2024-06-01 15:40:51,136 [INFO] IPUIPlugin:80 - create IPUIPlugin
2024-06-01 15:40:51,137 [INFO] IPUIPlugin:80 - create IPUIPlugin
2024-06-01 15:40:51,137 [INFO] IPUIPlugin:80 - create IPUIPlugin
2024-06-01 15:40:51,137 [INFO] IPUIPlugin:80 - create IPUIPlugin
2024-06-01 15:40:51,137 [INFO] IPUIPlugin:80 - create IPUIPlugin
2024-06-01 15:40:51,138 [INFO] IPUIPlugin:80 - create IPUIPlugin
2024-06-01 15:40:51,138 [INFO] IPUIPlugin:80 - create IPUIPlugin
2024-06-01 15:40:51,138 [INFO] IPUIPlugin:80 - create IPUIPlugin
2024-06-01 15:40:51,138 [INFO] IPUIPlugin:80 - create IPUIPlugin
2024-06-01 15:40:51,139 [INFO] IPUIPlugin:80 - create IPUIPlugin
2024-06-01 15:40:51,139 [INFO] IPUIPlugin:80 - create IPUIPlugin
2024-06-01 15:40:51,139 [INFO] IPUIPlugin:80 - create IPUIPlugin
2024-06-01 15:40:51,139 [INFO] IPUIPlugin:80 - create IPUIPlugin
2024-06-01 15:40:51,140 [INFO] IPUIPlugin:80 - create IPUIPlugin
2024-06-01 15:40:51,140 [INFO] IPUIPlugin:80 - create IPUIPlugin
2024-06-01 15:40:51,140 [INFO] IPUIPlugin:80 - create IPUIPlugin
2024-06-01 15:40:51,140 [INFO] IPUIPlugin:80 - create IPUIPlugin
2024-06-01 15:40:51,140 [INFO] IPUIPlugin:80 - create IPUIPlugin
2024-06-01 15:40:51,140 [INFO] IPUIPlugin:80 - create IPUIPlugin
2024-06-01 15:40:51,141 [INFO] IPUIPlugin:80 - create IPUIPlugin
2024-06-01 15:40:51,141 [INFO] IPUIPlugin:80 - create IPUIPlugin
2024-06-01 15:40:51,141 [INFO] IPUIPlugin:80 - create IPUIPlugin
2024-06-01 15:40:51,142 [INFO] IPUIPlugin:80 - create IPUIPlugin
2024-06-01 15:40:51,142 [INFO] IPUIPlugin:80 - create IPUIPlugin
2024-06-01 15:40:51,142 [INFO] IPUIPlugin:80 - create IPUIPlugin
2024-06-01 15:40:51,143 [INFO] IPUIPlugin:80 - create IPUIPlugin
2024-06-01 15:40:51,143 [INFO] IPUIPlugin:80 - create IPUIPlugin
2024-06-01 15:40:51,143 [INFO] IPUIPlugin:80 - create IPUIPlugin
2024-06-01 15:40:51,143 [INFO] IPUIPlugin:80 - create IPUIPlugin
2024-06-01 15:40:51,143 [INFO] IPUIPlugin:80 - create IPUIPlugin
2024-06-01 15:40:51,144 [INFO] IPUIPlugin:80 - create IPUIPlugin
2024-06-01 15:40:51,144 [INFO] IPUIPlugin:80 - create IPUIPlugin
2024-06-01 15:40:51,145 [INFO] IPUIPlugin:80 - create IPUIPlugin
2024-06-01 15:40:51,145 [INFO] IPUIPlugin:80 - create IPUIPlugin
2024-06-01 15:40:51,145 [INFO] IPUIPlugin:80 - create IPUIPlugin
2024-06-01 15:40:51,146 [INFO] IPUIPlugin:80 - create IPUIPlugin
2024-06-01 15:40:51,146 [INFO] IPUIPlugin:80 - create IPUIPlugin
2024-06-01 15:40:51,146 [INFO] IPUIPlugin:80 - create IPUIPlugin
2024-06-01 15:40:51,147 [INFO] IPUIPlugin:80 - create IPUIPlugin
2024-06-01 15:40:51,147 [INFO] IPUIPlugin:80 - create IPUIPlugin
2024-06-01 15:40:51,147 [INFO] IPUIPlugin:80 - create IPUIPlugin
2024-06-01 15:40:51,149 [INFO] IPUIPlugin:80 - create IPUIPlugin
2024-06-01 15:40:51,149 [INFO] IPUIPlugin:80 - create IPUIPlugin
2024-06-01 15:40:51,150 [INFO] IPUIPlugin:80 - create IPUIPlugin
2024-06-01 15:40:51,150 [INFO] IPUIPlugin:80 - create IPUIPlugin
2024-06-01 15:40:51,151 [INFO] IPUIPlugin:80 - create IPUIPlugin
2024-06-01 15:40:51,151 [INFO] IPUIPlugin:80 - create IPUIPlugin
2024-06-01 15:40:51,152 [INFO] IPUIPlugin:80 - create IPUIPlugin
2024-06-01 15:40:51,152 [INFO] IPUIPlugin:80 - create IPUIPlugin
2024-06-01 15:40:51,153 [INFO] IPUIPlugin:80 - create IPUIPlugin
2024-06-01 15:40:51,153 [INFO] IPUIPlugin:80 - create IPUIPlugin
2024-06-01 15:40:51,154 [INFO] IPUIPlugin:80 - create IPUIPlugin
2024-06-01 15:40:51,154 [INFO] IPUIPlugin:80 - create IPUIPlugin
2024-06-01 15:40:51,155 [INFO] IPUIPlugin:80 - create IPUIPlugin
2024-06-01 15:40:51,156 [INFO] IPUIPlugin:80 - create IPUIPlugin
2024-06-01 15:40:51,156 [INFO] IPUIPlugin:80 - create IPUIPlugin
2024-06-01 15:40:51,157 [INFO] IPUIPlugin:80 - create IPUIPlugin
2024-06-01 15:40:51,310 [INFO] ApiDbMcu:507 - Load IP Config File for PDM2PCM
2024-06-01 15:40:51,592 [INFO] CADModel:165 - CPN selected for project levelSTM32F407VGT6
2024-06-01 15:40:51,592 [INFO] CADModel:114 - Register for checkConnection events
2024-06-01 15:40:51,634 [INFO] OpenFileManager:328 - Restore cursor
2024-06-01 15:41:06,753 [INFO] RtosManager:919 - Current active RTOS is FREERTOS [Cortex-M4NS]
2024-06-01 15:41:07,087 [INFO] ApiDbMcu:507 - Load IP Config File for FREERTOS
2024-06-01 15:41:07,269 [WARN] FreeRTOS:563 - Case being investigated as it may cause exception (when called to early by set config state
2024-06-01 15:41:07,483 [ERROR] RtosPanel:558 - Can not restore the selected Tab for FREERTOS(A reason can be that the tab is no more available.)
2024-06-01 15:41:07,573 [ERROR] RtosPanel:558 - Can not restore the selected Tab for FREERTOS(A reason can be that the tab is no more available.)
2024-06-01 15:41:09,694 [INFO] TasksAndQueuesTab:757 - Dynamic
2024-06-01 15:41:09,694 [WARN] TasksAndQueuesTab:763 - 128 128
2024-06-01 15:41:09,694 [WARN] TasksAndQueuesTab:775 - max value is: 3840.0
2024-06-01 15:41:10,674 [INFO] EditThreadDialog:704 - RAM SIZE (in KB): 128
2024-06-01 15:41:10,675 [INFO] EditThreadDialog:706 - RAM SIZE (in words): 32768
2024-06-01 15:43:05,907 [INFO] EditThreadDialog:704 - RAM SIZE (in KB): 128
2024-06-01 15:43:05,907 [INFO] EditThreadDialog:706 - RAM SIZE (in words): 32768
2024-06-01 15:43:23,274 [INFO] TasksAndQueuesTab:757 - Dynamic
2024-06-01 15:43:23,274 [WARN] TasksAndQueuesTab:763 - 128 128
2024-06-01 15:43:23,274 [WARN] TasksAndQueuesTab:775 - max value is: 3840.0
2024-06-01 15:43:23,442 [ERROR] RtosPanel:558 - Can not restore the selected Tab for FREERTOS(A reason can be that the tab is no more available.)
2024-06-01 15:43:26,513 [INFO] TasksAndQueuesTab:757 - Dynamic
2024-06-01 15:43:26,513 [WARN] TasksAndQueuesTab:763 - 128 128
2024-06-01 15:43:26,513 [WARN] TasksAndQueuesTab:775 - max value is: 3840.0
2024-06-01 15:43:28,546 [INFO] UtilMem:75 - End SaveConfig() Used Memory: 690697872 Bytes (1073741824)
2024-06-01 15:43:30,076 [INFO] UtilMem:75 - End SaveConfig() Used Memory: 733041880 Bytes (1073741824)
2024-06-01 15:43:38,122 [INFO] BlockDiagram:2759 - set Specific Code input for plugin: FREERTOS
2024-06-01 15:43:38,122 [INFO] BlockDiagram:2759 - set Specific Code input for plugin: TIM1_8
2024-06-01 15:43:38,122 [INFO] BlockDiagram:2759 - set Specific Code input for plugin: SYS
2024-06-01 15:43:38,122 [INFO] BlockDiagram:2759 - set Specific Code input for plugin: RCC
2024-06-01 15:43:38,122 [INFO] BlockDiagram:2759 - set Specific Code input for plugin: NVIC
2024-06-01 15:43:38,122 [INFO] BlockDiagram:2759 - set Specific Code input for plugin: USART
2024-06-01 15:43:38,123 [INFO] BlockDiagram:2759 - set Specific Code input for plugin: GPIO
2024-06-01 15:43:38,125 [INFO] CodeGenerator:799 - code generatio: config db path: C:\ST\STM32CubeIDE_1.13.0\STM32CubeIDE\plugins\com.st.stm32cube.common.mx_6.9.2.202309101412\\db\
2024-06-01 15:43:38,398 [INFO] CodeEngine:255 - oldGeneratedFile, D:\STM32F4x\project\FreeRTOS_project\MXTmpFiles\license.tmp_save
2024-06-01 15:43:38,753 [INFO] CodeEngine:279 - Generated code: D:\STM32F4x\project\FreeRTOS_project\MXTmpFiles\license.tmp
2024-06-01 15:43:38,869 [INFO] CodeEngine:255 - oldGeneratedFile, D:\STM32F4x\project\FreeRTOS_project\MXTmpFiles\gpio.tmp_save
2024-06-01 15:43:38,989 [INFO] CodeEngine:279 - Generated code: D:\STM32F4x\project\FreeRTOS_project\MXTmpFiles\gpio.tmp
2024-06-01 15:43:39,177 [INFO] Middleware:1439 - No code input for Bsp Dependency
2024-06-01 15:43:39,190 [INFO] CodeEngine:255 - oldGeneratedFile, D:\STM32F4x\project\FreeRTOS_project\MXTmpFiles\rtos_inc.tmp_save
2024-06-01 15:43:39,291 [INFO] CodeEngine:279 - Generated code: D:\STM32F4x\project\FreeRTOS_project\MXTmpFiles\rtos_inc.tmp
2024-06-01 15:43:39,303 [INFO] CodeEngine:255 - oldGeneratedFile, D:\STM32F4x\project\FreeRTOS_project\MXTmpFiles\rtos_kernelInit.tmp_save
2024-06-01 15:43:39,390 [INFO] CodeEngine:279 - Generated code: D:\STM32F4x\project\FreeRTOS_project\MXTmpFiles\rtos_kernelInit.tmp
2024-06-01 15:43:39,400 [INFO] CodeEngine:255 - oldGeneratedFile, D:\STM32F4x\project\FreeRTOS_project\MXTmpFiles\rtos_kernelStart.tmp_save
2024-06-01 15:43:39,484 [INFO] CodeEngine:279 - Generated code: D:\STM32F4x\project\FreeRTOS_project\MXTmpFiles\rtos_kernelStart.tmp
2024-06-01 15:43:39,495 [INFO] CodeEngine:255 - oldGeneratedFile, D:\STM32F4x\project\FreeRTOS_project\MXTmpFiles\rtos_typedefs.tmp_save
2024-06-01 15:43:39,608 [INFO] CodeEngine:279 - Generated code: D:\STM32F4x\project\FreeRTOS_project\MXTmpFiles\rtos_typedefs.tmp
2024-06-01 15:43:39,620 [INFO] CodeEngine:255 - oldGeneratedFile, D:\STM32F4x\project\FreeRTOS_project\MXTmpFiles\rtos_vars.tmp_save
2024-06-01 15:43:39,704 [INFO] CodeEngine:279 - Generated code: D:\STM32F4x\project\FreeRTOS_project\MXTmpFiles\rtos_vars.tmp
2024-06-01 15:43:39,716 [INFO] CodeEngine:255 - oldGeneratedFile, D:\STM32F4x\project\FreeRTOS_project\MXTmpFiles\rtos_pfp.tmp_save
2024-06-01 15:43:39,798 [INFO] CodeEngine:279 - Generated code: D:\STM32F4x\project\FreeRTOS_project\MXTmpFiles\rtos_pfp.tmp
2024-06-01 15:43:39,810 [INFO] CodeEngine:255 - oldGeneratedFile, D:\STM32F4x\project\FreeRTOS_project\MXTmpFiles\rtos_obj_creat.tmp_save
2024-06-01 15:43:39,946 [INFO] CodeEngine:279 - Generated code: D:\STM32F4x\project\FreeRTOS_project\MXTmpFiles\rtos_obj_creat.tmp
2024-06-01 15:43:39,958 [INFO] CodeEngine:255 - oldGeneratedFile, D:\STM32F4x\project\FreeRTOS_project\MXTmpFiles\rtos_default_thread.tmp_save
2024-06-01 15:43:40,047 [INFO] CodeEngine:279 - Generated code: D:\STM32F4x\project\FreeRTOS_project\MXTmpFiles\rtos_default_thread.tmp
2024-06-01 15:43:40,059 [INFO] CodeEngine:255 - oldGeneratedFile, D:\STM32F4x\project\FreeRTOS_project\MXTmpFiles\rtos_threads.tmp_save
2024-06-01 15:43:40,120 [INFO] CodeEngine:279 - Generated code: D:\STM32F4x\project\FreeRTOS_project\MXTmpFiles\rtos_threads.tmp
2024-06-01 15:43:40,128 [INFO] Middleware:1439 - No code input for Bsp Dependency
2024-06-01 15:43:40,136 [INFO] CodeEngine:255 - oldGeneratedFile, D:\STM32F4x\project\FreeRTOS_project\MXTmpFiles\rtos_inc.tmp_save
2024-06-01 15:43:40,222 [INFO] CodeEngine:279 - Generated code: D:\STM32F4x\project\FreeRTOS_project\MXTmpFiles\rtos_inc.tmp
2024-06-01 15:43:40,228 [INFO] CodeEngine:255 - oldGeneratedFile, D:\STM32F4x\project\FreeRTOS_project\MXTmpFiles\rtos_kernelInit.tmp_save
2024-06-01 15:43:40,280 [INFO] CodeEngine:279 - Generated code: D:\STM32F4x\project\FreeRTOS_project\MXTmpFiles\rtos_kernelInit.tmp
2024-06-01 15:43:40,284 [INFO] CodeEngine:255 - oldGeneratedFile, D:\STM32F4x\project\FreeRTOS_project\MXTmpFiles\rtos_kernelStart.tmp_save
2024-06-01 15:43:40,346 [INFO] CodeEngine:279 - Generated code: D:\STM32F4x\project\FreeRTOS_project\MXTmpFiles\rtos_kernelStart.tmp
2024-06-01 15:43:40,350 [INFO] CodeEngine:255 - oldGeneratedFile, D:\STM32F4x\project\FreeRTOS_project\MXTmpFiles\rtos_typedefs.tmp_save
2024-06-01 15:43:40,402 [INFO] CodeEngine:279 - Generated code: D:\STM32F4x\project\FreeRTOS_project\MXTmpFiles\rtos_typedefs.tmp
2024-06-01 15:43:40,417 [INFO] CodeEngine:255 - oldGeneratedFile, D:\STM32F4x\project\FreeRTOS_project\MXTmpFiles\rtos_vars.tmp_save
2024-06-01 15:43:40,474 [INFO] CodeEngine:279 - Generated code: D:\STM32F4x\project\FreeRTOS_project\MXTmpFiles\rtos_vars.tmp
2024-06-01 15:43:40,480 [INFO] CodeEngine:255 - oldGeneratedFile, D:\STM32F4x\project\FreeRTOS_project\MXTmpFiles\rtos_pfp.tmp_save
2024-06-01 15:43:40,528 [INFO] CodeEngine:279 - Generated code: D:\STM32F4x\project\FreeRTOS_project\MXTmpFiles\rtos_pfp.tmp
2024-06-01 15:43:40,542 [INFO] CodeEngine:255 - oldGeneratedFile, D:\STM32F4x\project\FreeRTOS_project\MXTmpFiles\rtos_obj_creat.tmp_save
2024-06-01 15:43:40,596 [INFO] CodeEngine:279 - Generated code: D:\STM32F4x\project\FreeRTOS_project\MXTmpFiles\rtos_obj_creat.tmp
2024-06-01 15:43:40,602 [INFO] CodeEngine:255 - oldGeneratedFile, D:\STM32F4x\project\FreeRTOS_project\MXTmpFiles\rtos_default_thread.tmp_save
2024-06-01 15:43:40,660 [INFO] CodeEngine:279 - Generated code: D:\STM32F4x\project\FreeRTOS_project\MXTmpFiles\rtos_default_thread.tmp
2024-06-01 15:43:40,666 [INFO] CodeEngine:255 - oldGeneratedFile, D:\STM32F4x\project\FreeRTOS_project\MXTmpFiles\rtos_threads.tmp_save
2024-06-01 15:43:40,720 [INFO] CodeEngine:279 - Generated code: D:\STM32F4x\project\FreeRTOS_project\MXTmpFiles\rtos_threads.tmp
2024-06-01 15:43:40,732 [INFO] CodeEngine:255 - oldGeneratedFile, D:\STM32F4x\project\FreeRTOS_project\Core\Inc\FreeRTOSConfig.h_save
2024-06-01 15:43:40,844 [INFO] CodeEngine:279 - Generated code: D:\STM32F4x\project\FreeRTOS_project\Core\Inc\FreeRTOSConfig.h
2024-06-01 15:43:40,856 [INFO] CodeEngine:255 - oldGeneratedFile, D:\STM32F4x\project\FreeRTOS_project\Core\Src\freertos.c_save
2024-06-01 15:43:40,952 [INFO] CodeEngine:279 - Generated code: D:\STM32F4x\project\FreeRTOS_project\Core\Src\freertos.c
2024-06-01 15:43:40,989 [INFO] CodeEngine:255 - oldGeneratedFile, D:\STM32F4x\project\FreeRTOS_project\Core\Src\stm32f4xx_it.c_save
2024-06-01 15:43:41,135 [INFO] CodeEngine:279 - Generated code: D:\STM32F4x\project\FreeRTOS_project\Core\Src\stm32f4xx_it.c
2024-06-01 15:43:41,155 [INFO] CodeEngine:255 - oldGeneratedFile, D:\STM32F4x\project\FreeRTOS_project\Core\Inc\stm32f4xx_it.h_save
2024-06-01 15:43:41,266 [INFO] CodeEngine:279 - Generated code: D:\STM32F4x\project\FreeRTOS_project\Core\Inc\stm32f4xx_it.h
2024-06-01 15:43:41,306 [INFO] CodeEngine:255 - oldGeneratedFile, D:\STM32F4x\project\FreeRTOS_project\Core\Src\stm32f4xx_hal_msp.c_save
2024-06-01 15:43:41,504 [INFO] CodeEngine:279 - Generated code: D:\STM32F4x\project\FreeRTOS_project\Core\Src\stm32f4xx_hal_msp.c
2024-06-01 15:43:41,516 [INFO] CodeEngine:255 - oldGeneratedFile, D:\STM32F4x\project\FreeRTOS_project\MXTmpFiles\system.tmp_save
2024-06-01 15:43:41,605 [INFO] CodeEngine:279 - Generated code: D:\STM32F4x\project\FreeRTOS_project\MXTmpFiles\system.tmp
2024-06-01 15:43:41,638 [INFO] CodeEngine:311 - oldGeneratedFile, D:\STM32F4x\project\FreeRTOS_project\Core\Inc\stm32f4xx_hal_conf.h_save
2024-06-01 15:43:41,768 [INFO] CodeEngine:335 - Generated code: D:\STM32F4x\project\FreeRTOS_project\Core\Inc\stm32f4xx_hal_conf.h
2024-06-01 15:43:41,827 [WARN] IPConfigManager:3431 - IP not found : TIM
2024-06-01 15:43:41,829 [WARN] CodeGenerator:3764 - IP not found : null
2024-06-01 15:43:41,867 [INFO] CodeEngine:255 - oldGeneratedFile, D:\STM32F4x\project\FreeRTOS_project\Core\Inc\main.h_save
2024-06-01 15:43:42,005 [INFO] CodeEngine:279 - Generated code: D:\STM32F4x\project\FreeRTOS_project\Core\Inc\main.h
2024-06-01 15:43:42,042 [INFO] CodeEngine:255 - oldGeneratedFile, D:\STM32F4x\project\FreeRTOS_project\Core\Src\main.c_save
2024-06-01 15:43:42,245 [INFO] CodeEngine:279 - Generated code: D:\STM32F4x\project\FreeRTOS_project\Core\Src\main.c
2024-06-01 15:43:42,891 [INFO] ProjectBuilder:3064 - Time for Copy HAL[1] : 226mS.
2024-06-01 15:43:42,900 [INFO] ProjectBuilder:4404 - Project Generator version: 4.1.0
2024-06-01 15:43:43,178 [INFO] ConfigFileManager:1457 - The Die is : DIE413
2024-06-01 15:43:43,198 [INFO] ApiDbMcu:507 - Load IP Config File for FATFS
2024-06-01 15:43:43,742 [INFO] ApiDbMcu:507 - Load IP Config File for LIBJPEG
2024-06-01 15:43:43,774 [INFO] ApiDbMcu:507 - Load IP Config File for LWIP
2024-06-01 15:43:43,800 [INFO] ApiDbMcu:507 - Load IP Config File for MBEDTLS
2024-06-01 15:43:43,825 [INFO] ApiDbMcu:507 - Load IP Config File for USB_DEVICE
2024-06-01 15:43:43,843 [INFO] ApiDbMcu:507 - Load IP Config File for USB_HOST
2024-06-01 15:43:45,180 [INFO] LogOutputStream:77 - [STDOUT_REDIRECT] 
2024-06-01 15:43:47,426 [INFO] ProjectBuilder:4626 - Time for Generating toolchain IDE Files: 4527mS.
2024-06-01 15:43:47,428 [INFO] ProjectBuilder:2935 - Time for Copy CMSIS : 0mS.
2024-06-01 15:43:47,431 [INFO] ProjectBuilder:2935 - Time for Copy CMSIS : 0mS.
2024-06-01 16:54:54,824 [INFO] EditThreadDialog:704 - RAM SIZE (in KB): 128
2024-06-01 16:54:54,831 [INFO] EditThreadDialog:706 - RAM SIZE (in words): 32768
2024-06-01 16:55:05,568 [INFO] TasksAndQueuesTab:757 - Dynamic
2024-06-01 16:55:05,568 [WARN] TasksAndQueuesTab:763 - 128 128
2024-06-01 16:55:05,568 [WARN] TasksAndQueuesTab:775 - max value is: 3840.0
2024-06-01 16:55:05,568 [INFO] TasksAndQueuesTab:757 - Dynamic
2024-06-01 16:55:05,568 [WARN] TasksAndQueuesTab:763 - 128 128
2024-06-01 16:55:05,568 [WARN] TasksAndQueuesTab:775 - max value is: 3840.0
2024-06-01 16:55:07,229 [INFO] UtilMem:75 - End SaveConfig() Used Memory: 741710104 Bytes (1073741824)
2024-06-01 16:55:08,544 [INFO] UtilMem:75 - End SaveConfig() Used Memory: 786798872 Bytes (1073741824)
2024-06-01 16:55:09,966 [INFO] BlockDiagram:2759 - set Specific Code input for plugin: FREERTOS
2024-06-01 16:55:09,966 [INFO] BlockDiagram:2759 - set Specific Code input for plugin: TIM1_8
2024-06-01 16:55:09,966 [INFO] BlockDiagram:2759 - set Specific Code input for plugin: SYS
2024-06-01 16:55:09,966 [INFO] BlockDiagram:2759 - set Specific Code input for plugin: RCC
2024-06-01 16:55:09,966 [INFO] BlockDiagram:2759 - set Specific Code input for plugin: NVIC
2024-06-01 16:55:09,966 [INFO] BlockDiagram:2759 - set Specific Code input for plugin: USART
2024-06-01 16:55:09,967 [INFO] BlockDiagram:2759 - set Specific Code input for plugin: GPIO
2024-06-01 16:55:09,969 [INFO] CodeGenerator:799 - code generatio: config db path: C:\ST\STM32CubeIDE_1.13.0\STM32CubeIDE\plugins\com.st.stm32cube.common.mx_6.9.2.202309101412\\db\
2024-06-01 16:55:10,144 [INFO] CodeEngine:255 - oldGeneratedFile, D:\STM32F4x\project\FreeRTOS_project\MXTmpFiles\license.tmp_save
2024-06-01 16:55:10,308 [INFO] CodeEngine:279 - Generated code: D:\STM32F4x\project\FreeRTOS_project\MXTmpFiles\license.tmp
2024-06-01 16:55:10,342 [INFO] CodeEngine:255 - oldGeneratedFile, D:\STM32F4x\project\FreeRTOS_project\MXTmpFiles\gpio.tmp_save
2024-06-01 16:55:10,493 [INFO] CodeEngine:279 - Generated code: D:\STM32F4x\project\FreeRTOS_project\MXTmpFiles\gpio.tmp
2024-06-01 16:55:10,698 [INFO] Middleware:1439 - No code input for Bsp Dependency
2024-06-01 16:55:10,708 [INFO] CodeEngine:255 - oldGeneratedFile, D:\STM32F4x\project\FreeRTOS_project\MXTmpFiles\rtos_inc.tmp_save
2024-06-01 16:55:10,822 [INFO] CodeEngine:279 - Generated code: D:\STM32F4x\project\FreeRTOS_project\MXTmpFiles\rtos_inc.tmp
2024-06-01 16:55:10,828 [INFO] CodeEngine:255 - oldGeneratedFile, D:\STM32F4x\project\FreeRTOS_project\MXTmpFiles\rtos_kernelInit.tmp_save
2024-06-01 16:55:10,966 [INFO] CodeEngine:279 - Generated code: D:\STM32F4x\project\FreeRTOS_project\MXTmpFiles\rtos_kernelInit.tmp
2024-06-01 16:55:10,977 [INFO] CodeEngine:255 - oldGeneratedFile, D:\STM32F4x\project\FreeRTOS_project\MXTmpFiles\rtos_kernelStart.tmp_save
2024-06-01 16:55:11,053 [INFO] CodeEngine:279 - Generated code: D:\STM32F4x\project\FreeRTOS_project\MXTmpFiles\rtos_kernelStart.tmp
2024-06-01 16:55:11,057 [INFO] CodeEngine:255 - oldGeneratedFile, D:\STM32F4x\project\FreeRTOS_project\MXTmpFiles\rtos_typedefs.tmp_save
2024-06-01 16:55:11,127 [INFO] CodeEngine:279 - Generated code: D:\STM32F4x\project\FreeRTOS_project\MXTmpFiles\rtos_typedefs.tmp
2024-06-01 16:55:11,131 [INFO] CodeEngine:255 - oldGeneratedFile, D:\STM32F4x\project\FreeRTOS_project\MXTmpFiles\rtos_vars.tmp_save
2024-06-01 16:55:11,220 [INFO] CodeEngine:279 - Generated code: D:\STM32F4x\project\FreeRTOS_project\MXTmpFiles\rtos_vars.tmp
2024-06-01 16:55:11,224 [INFO] CodeEngine:255 - oldGeneratedFile, D:\STM32F4x\project\FreeRTOS_project\MXTmpFiles\rtos_pfp.tmp_save
2024-06-01 16:55:11,296 [INFO] CodeEngine:279 - Generated code: D:\STM32F4x\project\FreeRTOS_project\MXTmpFiles\rtos_pfp.tmp
2024-06-01 16:55:11,299 [INFO] CodeEngine:255 - oldGeneratedFile, D:\STM32F4x\project\FreeRTOS_project\MXTmpFiles\rtos_obj_creat.tmp_save
2024-06-01 16:55:11,388 [INFO] CodeEngine:279 - Generated code: D:\STM32F4x\project\FreeRTOS_project\MXTmpFiles\rtos_obj_creat.tmp
2024-06-01 16:55:11,394 [INFO] CodeEngine:255 - oldGeneratedFile, D:\STM32F4x\project\FreeRTOS_project\MXTmpFiles\rtos_default_thread.tmp_save
2024-06-01 16:55:11,453 [INFO] CodeEngine:279 - Generated code: D:\STM32F4x\project\FreeRTOS_project\MXTmpFiles\rtos_default_thread.tmp
2024-06-01 16:55:11,457 [INFO] CodeEngine:255 - oldGeneratedFile, D:\STM32F4x\project\FreeRTOS_project\MXTmpFiles\rtos_threads.tmp_save
2024-06-01 16:55:11,524 [INFO] CodeEngine:279 - Generated code: D:\STM32F4x\project\FreeRTOS_project\MXTmpFiles\rtos_threads.tmp
2024-06-01 16:55:11,537 [INFO] Middleware:1439 - No code input for Bsp Dependency
2024-06-01 16:55:11,554 [INFO] CodeEngine:255 - oldGeneratedFile, D:\STM32F4x\project\FreeRTOS_project\MXTmpFiles\rtos_inc.tmp_save
2024-06-01 16:55:11,630 [INFO] CodeEngine:279 - Generated code: D:\STM32F4x\project\FreeRTOS_project\MXTmpFiles\rtos_inc.tmp
2024-06-01 16:55:11,633 [INFO] CodeEngine:255 - oldGeneratedFile, D:\STM32F4x\project\FreeRTOS_project\MXTmpFiles\rtos_kernelInit.tmp_save
2024-06-01 16:55:11,684 [INFO] CodeEngine:279 - Generated code: D:\STM32F4x\project\FreeRTOS_project\MXTmpFiles\rtos_kernelInit.tmp
2024-06-01 16:55:11,687 [INFO] CodeEngine:255 - oldGeneratedFile, D:\STM32F4x\project\FreeRTOS_project\MXTmpFiles\rtos_kernelStart.tmp_save
2024-06-01 16:55:11,737 [INFO] CodeEngine:279 - Generated code: D:\STM32F4x\project\FreeRTOS_project\MXTmpFiles\rtos_kernelStart.tmp
2024-06-01 16:55:11,741 [INFO] CodeEngine:255 - oldGeneratedFile, D:\STM32F4x\project\FreeRTOS_project\MXTmpFiles\rtos_typedefs.tmp_save
2024-06-01 16:55:11,804 [INFO] CodeEngine:279 - Generated code: D:\STM32F4x\project\FreeRTOS_project\MXTmpFiles\rtos_typedefs.tmp
2024-06-01 16:55:11,815 [INFO] CodeEngine:255 - oldGeneratedFile, D:\STM32F4x\project\FreeRTOS_project\MXTmpFiles\rtos_vars.tmp_save
2024-06-01 16:55:11,872 [INFO] CodeEngine:279 - Generated code: D:\STM32F4x\project\FreeRTOS_project\MXTmpFiles\rtos_vars.tmp
2024-06-01 16:55:11,877 [INFO] CodeEngine:255 - oldGeneratedFile, D:\STM32F4x\project\FreeRTOS_project\MXTmpFiles\rtos_pfp.tmp_save
2024-06-01 16:55:11,930 [INFO] CodeEngine:279 - Generated code: D:\STM32F4x\project\FreeRTOS_project\MXTmpFiles\rtos_pfp.tmp
2024-06-01 16:55:11,940 [INFO] CodeEngine:255 - oldGeneratedFile, D:\STM32F4x\project\FreeRTOS_project\MXTmpFiles\rtos_obj_creat.tmp_save
2024-06-01 16:55:11,998 [INFO] CodeEngine:279 - Generated code: D:\STM32F4x\project\FreeRTOS_project\MXTmpFiles\rtos_obj_creat.tmp
2024-06-01 16:55:12,004 [INFO] CodeEngine:255 - oldGeneratedFile, D:\STM32F4x\project\FreeRTOS_project\MXTmpFiles\rtos_default_thread.tmp_save
2024-06-01 16:55:12,054 [INFO] CodeEngine:279 - Generated code: D:\STM32F4x\project\FreeRTOS_project\MXTmpFiles\rtos_default_thread.tmp
2024-06-01 16:55:12,058 [INFO] CodeEngine:255 - oldGeneratedFile, D:\STM32F4x\project\FreeRTOS_project\MXTmpFiles\rtos_threads.tmp_save
2024-06-01 16:55:12,128 [INFO] CodeEngine:279 - Generated code: D:\STM32F4x\project\FreeRTOS_project\MXTmpFiles\rtos_threads.tmp
2024-06-01 16:55:12,146 [INFO] CodeEngine:255 - oldGeneratedFile, D:\STM32F4x\project\FreeRTOS_project\Core\Inc\FreeRTOSConfig.h_save
2024-06-01 16:55:12,248 [INFO] CodeEngine:279 - Generated code: D:\STM32F4x\project\FreeRTOS_project\Core\Inc\FreeRTOSConfig.h
2024-06-01 16:55:12,266 [INFO] CodeEngine:255 - oldGeneratedFile, D:\STM32F4x\project\FreeRTOS_project\Core\Src\freertos.c_save
2024-06-01 16:55:12,350 [INFO] CodeEngine:279 - Generated code: D:\STM32F4x\project\FreeRTOS_project\Core\Src\freertos.c
2024-06-01 16:55:12,381 [INFO] CodeEngine:255 - oldGeneratedFile, D:\STM32F4x\project\FreeRTOS_project\Core\Src\stm32f4xx_it.c_save
2024-06-01 16:55:12,672 [INFO] CodeEngine:279 - Generated code: D:\STM32F4x\project\FreeRTOS_project\Core\Src\stm32f4xx_it.c
2024-06-01 16:55:12,687 [INFO] CodeEngine:255 - oldGeneratedFile, D:\STM32F4x\project\FreeRTOS_project\Core\Inc\stm32f4xx_it.h_save
2024-06-01 16:55:12,763 [INFO] CodeEngine:279 - Generated code: D:\STM32F4x\project\FreeRTOS_project\Core\Inc\stm32f4xx_it.h
2024-06-01 16:55:12,788 [INFO] CodeEngine:255 - oldGeneratedFile, D:\STM32F4x\project\FreeRTOS_project\Core\Src\stm32f4xx_hal_msp.c_save
2024-06-01 16:55:12,935 [INFO] CodeEngine:279 - Generated code: D:\STM32F4x\project\FreeRTOS_project\Core\Src\stm32f4xx_hal_msp.c
2024-06-01 16:55:12,938 [INFO] CodeEngine:255 - oldGeneratedFile, D:\STM32F4x\project\FreeRTOS_project\MXTmpFiles\system.tmp_save
2024-06-01 16:55:13,007 [INFO] CodeEngine:279 - Generated code: D:\STM32F4x\project\FreeRTOS_project\MXTmpFiles\system.tmp
2024-06-01 16:55:13,029 [INFO] CodeEngine:311 - oldGeneratedFile, D:\STM32F4x\project\FreeRTOS_project\Core\Inc\stm32f4xx_hal_conf.h_save
2024-06-01 16:55:13,133 [INFO] CodeEngine:335 - Generated code: D:\STM32F4x\project\FreeRTOS_project\Core\Inc\stm32f4xx_hal_conf.h
2024-06-01 16:55:13,177 [WARN] IPConfigManager:3431 - IP not found : TIM
2024-06-01 16:55:13,178 [WARN] CodeGenerator:3764 - IP not found : null
2024-06-01 16:55:13,202 [INFO] CodeEngine:255 - oldGeneratedFile, D:\STM32F4x\project\FreeRTOS_project\Core\Inc\main.h_save
2024-06-01 16:55:13,308 [INFO] CodeEngine:279 - Generated code: D:\STM32F4x\project\FreeRTOS_project\Core\Inc\main.h
2024-06-01 16:55:13,324 [INFO] CodeEngine:255 - oldGeneratedFile, D:\STM32F4x\project\FreeRTOS_project\Core\Src\main.c_save
2024-06-01 16:55:13,480 [INFO] CodeEngine:279 - Generated code: D:\STM32F4x\project\FreeRTOS_project\Core\Src\main.c
2024-06-01 16:55:14,286 [INFO] ProjectBuilder:3064 - Time for Copy HAL[1] : 283mS.
2024-06-01 16:55:14,289 [INFO] ProjectBuilder:4404 - Project Generator version: 4.1.0
2024-06-01 16:55:14,599 [INFO] ConfigFileManager:1457 - The Die is : DIE413
2024-06-01 16:55:17,458 [INFO] ProjectBuilder:4626 - Time for Generating toolchain IDE Files: 3134mS.
2024-06-01 16:55:17,461 [INFO] ProjectBuilder:2935 - Time for Copy CMSIS : 1mS.
2024-06-01 16:55:17,478 [INFO] ProjectBuilder:2935 - Time for Copy CMSIS : 5mS.
2024-06-01 16:56:08,041 [INFO] UtilMem:75 - End SaveConfig() Used Memory: 698166728 Bytes (1073741824)
2024-06-01 16:56:09,336 [INFO] BlockDiagram:2759 - set Specific Code input for plugin: FREERTOS
2024-06-01 16:56:09,336 [INFO] BlockDiagram:2759 - set Specific Code input for plugin: TIM1_8
2024-06-01 16:56:09,336 [INFO] BlockDiagram:2759 - set Specific Code input for plugin: SYS
2024-06-01 16:56:09,336 [INFO] BlockDiagram:2759 - set Specific Code input for plugin: RCC
2024-06-01 16:56:09,336 [INFO] BlockDiagram:2759 - set Specific Code input for plugin: NVIC
2024-06-01 16:56:09,337 [INFO] BlockDiagram:2759 - set Specific Code input for plugin: USART
2024-06-01 16:56:09,337 [INFO] BlockDiagram:2759 - set Specific Code input for plugin: GPIO
2024-06-01 16:56:09,337 [INFO] CodeGenerator:799 - code generatio: config db path: C:\ST\STM32CubeIDE_1.13.0\STM32CubeIDE\plugins\com.st.stm32cube.common.mx_6.9.2.202309101412\\db\
2024-06-01 16:56:09,459 [INFO] CodeEngine:255 - oldGeneratedFile, D:\STM32F4x\project\FreeRTOS_project\MXTmpFiles\license.tmp_save
2024-06-01 16:56:09,554 [INFO] CodeEngine:279 - Generated code: D:\STM32F4x\project\FreeRTOS_project\MXTmpFiles\license.tmp
2024-06-01 16:56:09,571 [INFO] CodeEngine:255 - oldGeneratedFile, D:\STM32F4x\project\FreeRTOS_project\MXTmpFiles\gpio.tmp_save
2024-06-01 16:56:09,666 [INFO] CodeEngine:279 - Generated code: D:\STM32F4x\project\FreeRTOS_project\MXTmpFiles\gpio.tmp
2024-06-01 16:56:09,812 [INFO] Middleware:1439 - No code input for Bsp Dependency
2024-06-01 16:56:09,817 [INFO] CodeEngine:255 - oldGeneratedFile, D:\STM32F4x\project\FreeRTOS_project\MXTmpFiles\rtos_inc.tmp_save
2024-06-01 16:56:09,934 [INFO] CodeEngine:279 - Generated code: D:\STM32F4x\project\FreeRTOS_project\MXTmpFiles\rtos_inc.tmp
2024-06-01 16:56:09,941 [INFO] CodeEngine:255 - oldGeneratedFile, D:\STM32F4x\project\FreeRTOS_project\MXTmpFiles\rtos_kernelInit.tmp_save
2024-06-01 16:56:09,993 [INFO] CodeEngine:279 - Generated code: D:\STM32F4x\project\FreeRTOS_project\MXTmpFiles\rtos_kernelInit.tmp
2024-06-01 16:56:09,995 [INFO] CodeEngine:255 - oldGeneratedFile, D:\STM32F4x\project\FreeRTOS_project\MXTmpFiles\rtos_kernelStart.tmp_save
2024-06-01 16:56:10,041 [INFO] CodeEngine:279 - Generated code: D:\STM32F4x\project\FreeRTOS_project\MXTmpFiles\rtos_kernelStart.tmp
2024-06-01 16:56:10,045 [INFO] CodeEngine:255 - oldGeneratedFile, D:\STM32F4x\project\FreeRTOS_project\MXTmpFiles\rtos_typedefs.tmp_save
2024-06-01 16:56:10,096 [INFO] CodeEngine:279 - Generated code: D:\STM32F4x\project\FreeRTOS_project\MXTmpFiles\rtos_typedefs.tmp
2024-06-01 16:56:10,099 [INFO] CodeEngine:255 - oldGeneratedFile, D:\STM32F4x\project\FreeRTOS_project\MXTmpFiles\rtos_vars.tmp_save
2024-06-01 16:56:10,160 [INFO] CodeEngine:279 - Generated code: D:\STM32F4x\project\FreeRTOS_project\MXTmpFiles\rtos_vars.tmp
2024-06-01 16:56:10,162 [INFO] CodeEngine:255 - oldGeneratedFile, D:\STM32F4x\project\FreeRTOS_project\MXTmpFiles\rtos_pfp.tmp_save
2024-06-01 16:56:10,210 [INFO] CodeEngine:279 - Generated code: D:\STM32F4x\project\FreeRTOS_project\MXTmpFiles\rtos_pfp.tmp
2024-06-01 16:56:10,213 [INFO] CodeEngine:255 - oldGeneratedFile, D:\STM32F4x\project\FreeRTOS_project\MXTmpFiles\rtos_obj_creat.tmp_save
2024-06-01 16:56:10,273 [INFO] CodeEngine:279 - Generated code: D:\STM32F4x\project\FreeRTOS_project\MXTmpFiles\rtos_obj_creat.tmp
2024-06-01 16:56:10,277 [INFO] CodeEngine:255 - oldGeneratedFile, D:\STM32F4x\project\FreeRTOS_project\MXTmpFiles\rtos_default_thread.tmp_save
2024-06-01 16:56:10,325 [INFO] CodeEngine:279 - Generated code: D:\STM32F4x\project\FreeRTOS_project\MXTmpFiles\rtos_default_thread.tmp
2024-06-01 16:56:10,327 [INFO] CodeEngine:255 - oldGeneratedFile, D:\STM32F4x\project\FreeRTOS_project\MXTmpFiles\rtos_threads.tmp_save
2024-06-01 16:56:10,383 [INFO] CodeEngine:279 - Generated code: D:\STM32F4x\project\FreeRTOS_project\MXTmpFiles\rtos_threads.tmp
2024-06-01 16:56:10,389 [INFO] Middleware:1439 - No code input for Bsp Dependency
2024-06-01 16:56:10,395 [INFO] CodeEngine:255 - oldGeneratedFile, D:\STM32F4x\project\FreeRTOS_project\MXTmpFiles\rtos_inc.tmp_save
2024-06-01 16:56:10,473 [INFO] CodeEngine:279 - Generated code: D:\STM32F4x\project\FreeRTOS_project\MXTmpFiles\rtos_inc.tmp
2024-06-01 16:56:10,477 [INFO] CodeEngine:255 - oldGeneratedFile, D:\STM32F4x\project\FreeRTOS_project\MXTmpFiles\rtos_kernelInit.tmp_save
2024-06-01 16:56:10,524 [INFO] CodeEngine:279 - Generated code: D:\STM32F4x\project\FreeRTOS_project\MXTmpFiles\rtos_kernelInit.tmp
2024-06-01 16:56:10,527 [INFO] CodeEngine:255 - oldGeneratedFile, D:\STM32F4x\project\FreeRTOS_project\MXTmpFiles\rtos_kernelStart.tmp_save
2024-06-01 16:56:10,573 [INFO] CodeEngine:279 - Generated code: D:\STM32F4x\project\FreeRTOS_project\MXTmpFiles\rtos_kernelStart.tmp
2024-06-01 16:56:10,578 [INFO] CodeEngine:255 - oldGeneratedFile, D:\STM32F4x\project\FreeRTOS_project\MXTmpFiles\rtos_typedefs.tmp_save
2024-06-01 16:56:10,625 [INFO] CodeEngine:279 - Generated code: D:\STM32F4x\project\FreeRTOS_project\MXTmpFiles\rtos_typedefs.tmp
2024-06-01 16:56:10,637 [INFO] CodeEngine:255 - oldGeneratedFile, D:\STM32F4x\project\FreeRTOS_project\MXTmpFiles\rtos_vars.tmp_save
2024-06-01 16:56:10,686 [INFO] CodeEngine:279 - Generated code: D:\STM32F4x\project\FreeRTOS_project\MXTmpFiles\rtos_vars.tmp
2024-06-01 16:56:10,691 [INFO] CodeEngine:255 - oldGeneratedFile, D:\STM32F4x\project\FreeRTOS_project\MXTmpFiles\rtos_pfp.tmp_save
2024-06-01 16:56:10,741 [INFO] CodeEngine:279 - Generated code: D:\STM32F4x\project\FreeRTOS_project\MXTmpFiles\rtos_pfp.tmp
2024-06-01 16:56:10,756 [INFO] CodeEngine:255 - oldGeneratedFile, D:\STM32F4x\project\FreeRTOS_project\MXTmpFiles\rtos_obj_creat.tmp_save
2024-06-01 16:56:10,807 [INFO] CodeEngine:279 - Generated code: D:\STM32F4x\project\FreeRTOS_project\MXTmpFiles\rtos_obj_creat.tmp
2024-06-01 16:56:10,811 [INFO] CodeEngine:255 - oldGeneratedFile, D:\STM32F4x\project\FreeRTOS_project\MXTmpFiles\rtos_default_thread.tmp_save
2024-06-01 16:56:10,857 [INFO] CodeEngine:279 - Generated code: D:\STM32F4x\project\FreeRTOS_project\MXTmpFiles\rtos_default_thread.tmp
2024-06-01 16:56:10,861 [INFO] CodeEngine:255 - oldGeneratedFile, D:\STM32F4x\project\FreeRTOS_project\MXTmpFiles\rtos_threads.tmp_save
2024-06-01 16:56:10,940 [INFO] CodeEngine:279 - Generated code: D:\STM32F4x\project\FreeRTOS_project\MXTmpFiles\rtos_threads.tmp
2024-06-01 16:56:10,956 [INFO] CodeEngine:255 - oldGeneratedFile, D:\STM32F4x\project\FreeRTOS_project\Core\Inc\FreeRTOSConfig.h_save
2024-06-01 16:56:11,031 [INFO] CodeEngine:279 - Generated code: D:\STM32F4x\project\FreeRTOS_project\Core\Inc\FreeRTOSConfig.h
2024-06-01 16:56:11,045 [INFO] CodeEngine:255 - oldGeneratedFile, D:\STM32F4x\project\FreeRTOS_project\Core\Src\freertos.c_save
2024-06-01 16:56:11,117 [INFO] CodeEngine:279 - Generated code: D:\STM32F4x\project\FreeRTOS_project\Core\Src\freertos.c
2024-06-01 16:56:11,143 [INFO] CodeEngine:255 - oldGeneratedFile, D:\STM32F4x\project\FreeRTOS_project\Core\Src\stm32f4xx_it.c_save
2024-06-01 16:56:11,318 [INFO] CodeEngine:279 - Generated code: D:\STM32F4x\project\FreeRTOS_project\Core\Src\stm32f4xx_it.c
2024-06-01 16:56:11,327 [INFO] CodeEngine:255 - oldGeneratedFile, D:\STM32F4x\project\FreeRTOS_project\Core\Inc\stm32f4xx_it.h_save
2024-06-01 16:56:11,386 [INFO] CodeEngine:279 - Generated code: D:\STM32F4x\project\FreeRTOS_project\Core\Inc\stm32f4xx_it.h
2024-06-01 16:56:11,412 [INFO] CodeEngine:255 - oldGeneratedFile, D:\STM32F4x\project\FreeRTOS_project\Core\Src\stm32f4xx_hal_msp.c_save
2024-06-01 16:56:11,544 [INFO] CodeEngine:279 - Generated code: D:\STM32F4x\project\FreeRTOS_project\Core\Src\stm32f4xx_hal_msp.c
2024-06-01 16:56:11,547 [INFO] CodeEngine:255 - oldGeneratedFile, D:\STM32F4x\project\FreeRTOS_project\MXTmpFiles\system.tmp_save
2024-06-01 16:56:11,604 [INFO] CodeEngine:279 - Generated code: D:\STM32F4x\project\FreeRTOS_project\MXTmpFiles\system.tmp
2024-06-01 16:56:11,625 [INFO] CodeEngine:311 - oldGeneratedFile, D:\STM32F4x\project\FreeRTOS_project\Core\Inc\stm32f4xx_hal_conf.h_save
2024-06-01 16:56:11,734 [INFO] CodeEngine:335 - Generated code: D:\STM32F4x\project\FreeRTOS_project\Core\Inc\stm32f4xx_hal_conf.h
2024-06-01 16:56:11,764 [WARN] IPConfigManager:3431 - IP not found : TIM
2024-06-01 16:56:11,765 [WARN] CodeGenerator:3764 - IP not found : null
2024-06-01 16:56:11,783 [INFO] CodeEngine:255 - oldGeneratedFile, D:\STM32F4x\project\FreeRTOS_project\Core\Inc\main.h_save
2024-06-01 16:56:11,867 [INFO] CodeEngine:279 - Generated code: D:\STM32F4x\project\FreeRTOS_project\Core\Inc\main.h
2024-06-01 16:56:11,882 [INFO] CodeEngine:255 - oldGeneratedFile, D:\STM32F4x\project\FreeRTOS_project\Core\Src\main.c_save
2024-06-01 16:56:12,000 [INFO] CodeEngine:279 - Generated code: D:\STM32F4x\project\FreeRTOS_project\Core\Src\main.c
2024-06-01 16:56:12,639 [INFO] ProjectBuilder:3064 - Time for Copy HAL[1] : 241mS.
2024-06-01 16:56:12,647 [INFO] ProjectBuilder:4404 - Project Generator version: 4.1.0
2024-06-01 16:56:13,068 [INFO] ConfigFileManager:1457 - The Die is : DIE413
2024-06-01 16:56:15,654 [INFO] ProjectBuilder:4626 - Time for Generating toolchain IDE Files: 3007mS.
2024-06-01 16:56:15,654 [INFO] ProjectBuilder:2935 - Time for Copy CMSIS : 0mS.
2024-06-01 16:56:15,657 [INFO] ProjectBuilder:2935 - Time for Copy CMSIS : 0mS.
2024-06-01 17:38:49,451 [ERROR] LogOutputStream:75 - [STDERR_REDIRECT] 
