21:01:04 **** Incremental Build of configuration Debug for project projectfreertos ****
make -j8 all 
arm-none-eabi-gcc "../Middlewares/Third_Party/FreeRTOS/org/Source/portable/GCC/ARM_CM4F/port.c" -mcpu=cortex-m4 -std=gnu11 -g3 -DDEBUG -DUSE_HAL_DRIVER -DSTM32F407xx -c -I../Core/Inc -I"D:/STM32F4x/stm32_workspace/projectfreertos/Middlewares/Third_Party/SEGGER/Config" -I"D:/STM32F4x/stm32_workspace/projectfreertos/Middlewares/Third_Party/SEGGER/OS" -I"D:/STM32F4x/stm32_workspace/projectfreertos/Middlewares/Third_Party/SEGGER/SEGGER" -I../Drivers/STM32F4xx_HAL_Driver/Inc -I../Drivers/STM32F4xx_HAL_Driver/Inc/Legacy -I../Drivers/CMSIS/Device/ST/STM32F4xx/Include -I../Drivers/CMSIS/Include -I../Middlewares/Third_Party/FreeRTOS/Source/include -I../Middlewares/Third_Party/FreeRTOS/Source/CMSIS_RTOS_V2 -I../Middlewares/Third_Party/FreeRTOS/Source/portable/GCC/ARM_CM4F -O0 -ffunction-sections -fdata-sections -Wall -fstack-usage -fcyclomatic-complexity -MMD -MP -MF"Middlewares/Third_Party/FreeRTOS/org/Source/portable/GCC/ARM_CM4F/port.d" -MT"Middlewares/Third_Party/FreeRTOS/org/Source/portable/GCC/ARM_CM4F/port.o" --specs=nano.specs -mfpu=fpv4-sp-d16 -mfloat-abi=hard -mthumb -o "Middlewares/Third_Party/FreeRTOS/org/Source/portable/GCC/ARM_CM4F/port.o"
../Middlewares/Third_Party/FreeRTOS/org/Source/portable/GCC/ARM_CM4F/port.c: In function 'xPortSysTickHandler':
../Middlewares/Third_Party/FreeRTOS/org/Source/portable/GCC/ARM_CM4F/port.c:434:3: warning: implicit declaration of function 'traceISR_ENTER' [-Wimplicit-function-declaration]
  434 |   traceISR_ENTER();
      |   ^~~~~~~~~~~~~~
../Middlewares/Third_Party/FreeRTOS/org/Source/portable/GCC/ARM_CM4F/port.c:439:25: warning: implicit declaration of function 'traceISR_EXIT_TO_SCHEDULER' [-Wimplicit-function-declaration]
  439 |                         traceISR_EXIT_TO_SCHEDULER();
      |                         ^~~~~~~~~~~~~~~~~~~~~~~~~~
../Middlewares/Third_Party/FreeRTOS/org/Source/portable/GCC/ARM_CM4F/port.c:446:25: warning: implicit declaration of function 'traceISR_EXIT' [-Wimplicit-function-declaration]
  446 |                         traceISR_EXIT();
      |                         ^~~~~~~~~~~~~
arm-none-eabi-gcc -o "projectfreertos.elf" @"objects.list"   -mcpu=cortex-m4 -T"D:\STM32F4x\stm32_workspace\projectfreertos\STM32F407VGTX_FLASH.ld" --specs=nosys.specs -Wl,-Map="projectfreertos.map" -Wl,--gc-sections -static --specs=nano.specs -mfpu=fpv4-sp-d16 -mfloat-abi=hard -mthumb -Wl,--start-group -lc -lm -Wl,--end-group
C:/ST/STM32CubeIDE_1.13.0/STM32CubeIDE/plugins/com.st.stm32cube.ide.mcu.externaltools.gnu-tools-for-stm32.11.3.rel1.win32_1.1.1.202309131626/tools/bin/../lib/gcc/arm-none-eabi/11.3.1/../../../../arm-none-eabi/bin/ld.exe: ./Middlewares/Third_Party/FreeRTOS/org/Source/tasks.o: in function `xTaskPriorityDisinherit':
D:/STM32F4x/stm32_workspace/projectfreertos/Debug/../Middlewares/Third_Party/FreeRTOS/org/Source/tasks.c:4174: undefined reference to `traceREADDED_TASK_TO_READY_STATE'
C:/ST/STM32CubeIDE_1.13.0/STM32CubeIDE/plugins/com.st.stm32cube.ide.mcu.externaltools.gnu-tools-for-stm32.11.3.rel1.win32_1.1.1.202309131626/tools/bin/../lib/gcc/arm-none-eabi/11.3.1/../../../../arm-none-eabi/bin/ld.exe: ./Middlewares/Third_Party/FreeRTOS/org/Source/tasks.o: in function `prvAddCurrentTaskToDelayedList':
D:/STM32F4x/stm32_workspace/projectfreertos/Debug/../Middlewares/Third_Party/FreeRTOS/org/Source/tasks.c:5236: undefined reference to `traceMOVED_TASK_TO_SUSPENDED_LIST'
C:/ST/STM32CubeIDE_1.13.0/STM32CubeIDE/plugins/com.st.stm32cube.ide.mcu.externaltools.gnu-tools-for-stm32.11.3.rel1.win32_1.1.1.202309131626/tools/bin/../lib/gcc/arm-none-eabi/11.3.1/../../../../arm-none-eabi/bin/ld.exe: D:/STM32F4x/stm32_workspace/projectfreertos/Debug/../Middlewares/Third_Party/FreeRTOS/org/Source/tasks.c:5253: undefined reference to `traceMOVED_TASK_TO_OVERFLOW_DELAYED_LIST'
C:/ST/STM32CubeIDE_1.13.0/STM32CubeIDE/plugins/com.st.stm32cube.ide.mcu.externaltools.gnu-tools-for-stm32.11.3.rel1.win32_1.1.1.202309131626/tools/bin/../lib/gcc/arm-none-eabi/11.3.1/../../../../arm-none-eabi/bin/ld.exe: D:/STM32F4x/stm32_workspace/projectfreertos/Debug/../Middlewares/Third_Party/FreeRTOS/org/Source/tasks.c:5260: undefined reference to `traceMOVED_TASK_TO_DELAYED_LIST'
C:/ST/STM32CubeIDE_1.13.0/STM32CubeIDE/plugins/com.st.stm32cube.ide.mcu.externaltools.gnu-tools-for-stm32.11.3.rel1.win32_1.1.1.202309131626/tools/bin/../lib/gcc/arm-none-eabi/11.3.1/../../../../arm-none-eabi/bin/ld.exe: ./Middlewares/Third_Party/FreeRTOS/org/Source/portable/GCC/ARM_CM4F/port.o: in function `xPortSysTickHandler':
D:/STM32F4x/stm32_workspace/projectfreertos/Debug/../Middlewares/Third_Party/FreeRTOS/org/Source/portable/GCC/ARM_CM4F/port.c:434: undefined reference to `traceISR_ENTER'
C:/ST/STM32CubeIDE_1.13.0/STM32CubeIDE/plugins/com.st.stm32cube.ide.mcu.externaltools.gnu-tools-for-stm32.11.3.rel1.win32_1.1.1.202309131626/tools/bin/../lib/gcc/arm-none-eabi/11.3.1/../../../../arm-none-eabi/bin/ld.exe: D:/STM32F4x/stm32_workspace/projectfreertos/Debug/../Middlewares/Third_Party/FreeRTOS/org/Source/portable/GCC/ARM_CM4F/port.c:439: undefined reference to `traceISR_EXIT_TO_SCHEDULER'
C:/ST/STM32CubeIDE_1.13.0/STM32CubeIDE/plugins/com.st.stm32cube.ide.mcu.externaltools.gnu-tools-for-stm32.11.3.rel1.win32_1.1.1.202309131626/tools/bin/../lib/gcc/arm-none-eabi/11.3.1/../../../../arm-none-eabi/bin/ld.exe: D:/STM32F4x/stm32_workspace/projectfreertos/Debug/../Middlewares/Third_Party/FreeRTOS/org/Source/portable/GCC/ARM_CM4F/port.c:446: undefined reference to `traceISR_EXIT'
collect2.exe: error: ld returned 1 exit status
make: *** [makefile:71: projectfreertos.elf] Error 1
"make -j8 all" terminated with exit code 2. Build might be incomplete.

21:01:04 Build Failed. 11 errors, 3 warnings. (took 621ms)

