2024-06-18 08:54:49,154 [INFO] Activator:176 - 


2024-06-18 08:54:49,160 [INFO] Activator:177 - !SESSION log4j initialized
2024-06-18 08:54:59,167 [INFO] LogOutputStream:77 - [STDOUT_REDIRECT] 
2024-06-18 08:55:06,229 [INFO] ApplicationProperties:184 - Using Application install path: C:\ST\STM32CubeIDE_1.13.0\STM32CubeIDE\plugins\com.st.stm32cube.common.mx_6.9.2.202309101412
2024-06-18 08:55:06,255 [INFO] DbMcusXml:78 - Set database path to: C:\ST\STM32CubeIDE_1.13.0\STM32CubeIDE\plugins\com.st.stm32cube.common.mx_6.9.2.202309101412\\db\/mcu/
2024-06-18 08:55:06,255 [INFO] ApiDb:274 - Set plugin database path to: C:\ST\STM32CubeIDE_1.13.0\STM32CubeIDE\plugins\com.st.stm32cube.common.mx_6.9.2.202309101412\\db\/plugins/boardmanager/
2024-06-18 08:55:06,256 [WARN] ApiDb:259 - Overriding images path with different value:  => C:\ST\STM32CubeIDE_1.13.0\STM32CubeIDE\plugins\com.st.stm32cube.common.mx_6.9.2.202309101412\\db\/plugins/mcufinder/images/
2024-06-18 08:55:06,278 [INFO] ApiDb:250 - Set database path to: C:\Users\OS\.stmcufinder\plugins\mcufinder//mcu/
2024-06-18 08:55:06,280 [INFO] DbMcusAds:125 - Set database path to: C:\Users\OS\.stmcufinder\plugins\mcufinder//mcu/
2024-06-18 08:55:06,284 [INFO] CrossReferenceDbSqlite:203 - Set database path to: C:\Users\OS\.stmcufinder\plugins\mcufinder//mcu/cs/
2024-06-18 08:55:06,443 [INFO] RulesReader:64 - Compatibility file has been processed (293 Rules)
2024-06-18 08:55:06,563 [INFO] DbMcusXml:78 - Set database path to: C:\ST\STM32CubeIDE_1.13.0\STM32CubeIDE\plugins\com.st.stm32cube.common.mx_6.9.2.202309101412\\db\/mcu/
2024-06-18 08:55:06,564 [INFO] ApiDb:274 - Set plugin database path to: C:\ST\STM32CubeIDE_1.13.0\STM32CubeIDE\plugins\com.st.stm32cube.common.mx_6.9.2.202309101412\\db\/plugins/boardmanager/
2024-06-18 08:55:06,565 [INFO] ApiDb:261 - Set plugin images path to: C:\ST\STM32CubeIDE_1.13.0\STM32CubeIDE\plugins\com.st.stm32cube.common.mx_6.9.2.202309101412\\db\/plugins/mcufinder/images/
2024-06-18 08:55:06,569 [WARN] DbFile:41 - Overriding database path with different value: C:\Users\OS\.stmcufinder\plugins\mcufinder/ => C:\Users\OS\.stmcufinder\plugins\mcufinder
2024-06-18 08:55:06,570 [INFO] ApiDb:250 - Set database path to: C:\Users\OS\.stmcufinder\plugins\mcufinder//mcu/
2024-06-18 08:55:06,570 [WARN] DbFile:41 - Overriding database path with different value: C:\Users\OS\.stmcufinder\plugins\mcufinder/ => C:\Users\OS\.stmcufinder\plugins\mcufinder
2024-06-18 08:55:06,570 [INFO] DbMcusAds:125 - Set database path to: C:\Users\OS\.stmcufinder\plugins\mcufinder//mcu/
2024-06-18 08:55:06,570 [WARN] DbFile:41 - Overriding database path with different value: C:\Users\OS\.stmcufinder\plugins\mcufinder/ => C:\Users\OS\.stmcufinder\plugins\mcufinder
2024-06-18 08:55:06,570 [WARN] DbFile:41 - Overriding database path with different value: C:\Users\OS\.stmcufinder\plugins\mcufinder/ => C:\Users\OS\.stmcufinder\plugins\mcufinder
2024-06-18 08:55:06,570 [INFO] CrossReferenceDbSqlite:203 - Set database path to: C:\Users\OS\.stmcufinder\plugins\mcufinder//mcu/cs/
2024-06-18 08:55:06,708 [INFO] MainPanel:262 - HeapMemory: 353370112
2024-06-18 08:55:06,842 [INFO] DbMcusXml:78 - Set database path to: C:\ST\STM32CubeIDE_1.13.0\STM32CubeIDE\plugins\com.st.stm32cube.common.mx_6.9.2.202309101412\\db\/mcu/
2024-06-18 08:55:06,842 [INFO] ApiDb:274 - Set plugin database path to: C:\ST\STM32CubeIDE_1.13.0\STM32CubeIDE\plugins\com.st.stm32cube.common.mx_6.9.2.202309101412\\db\/plugins/boardmanager/
2024-06-18 08:55:06,842 [INFO] ApiDb:261 - Set plugin images path to: C:\ST\STM32CubeIDE_1.13.0\STM32CubeIDE\plugins\com.st.stm32cube.common.mx_6.9.2.202309101412\\db\/plugins/mcufinder/images/
2024-06-18 08:55:06,843 [WARN] DbFile:41 - Overriding database path with different value: C:\Users\OS\.stmcufinder\plugins\mcufinder/ => C:\Users\OS\.stmcufinder\plugins\mcufinder
2024-06-18 08:55:06,843 [INFO] ApiDb:250 - Set database path to: C:\Users\OS\.stmcufinder\plugins\mcufinder//mcu/
2024-06-18 08:55:06,843 [WARN] DbFile:41 - Overriding database path with different value: C:\Users\OS\.stmcufinder\plugins\mcufinder/ => C:\Users\OS\.stmcufinder\plugins\mcufinder
2024-06-18 08:55:06,843 [INFO] DbMcusAds:125 - Set database path to: C:\Users\OS\.stmcufinder\plugins\mcufinder//mcu/
2024-06-18 08:55:06,843 [WARN] DbFile:41 - Overriding database path with different value: C:\Users\OS\.stmcufinder\plugins\mcufinder/ => C:\Users\OS\.stmcufinder\plugins\mcufinder
2024-06-18 08:55:06,843 [WARN] DbFile:41 - Overriding database path with different value: C:\Users\OS\.stmcufinder\plugins\mcufinder/ => C:\Users\OS\.stmcufinder\plugins\mcufinder
2024-06-18 08:55:06,843 [INFO] CrossReferenceDbSqlite:203 - Set database path to: C:\Users\OS\.stmcufinder\plugins\mcufinder//mcu/cs/
2024-06-18 08:55:06,867 [INFO] ApplicationProperties:184 - Using Application install path: C:\ST\STM32CubeIDE_1.13.0\STM32CubeIDE\plugins\com.st.stm32cube.common.mx_6.9.2.202309101412
2024-06-18 08:55:06,869 [INFO] PluginManage:196 - Search for loadable plugins [exclusion list=, ]
2024-06-18 08:55:06,870 [INFO] PluginManage:310 - Check plugin analytics
2024-06-18 08:55:11,968 [INFO] AnalyticsPlugin:253 - Accepted Software Licenses: STM32CubeMX.6.10.0
2024-06-18 08:55:11,968 [INFO] AnalyticsPlugin:255 - Accepted CMSIS Pack Licenses: 
2024-06-18 08:55:11,969 [INFO] AnalyticsPlugin:257 - Accepted Firmware Licenses: 
2024-06-18 08:55:11,971 [INFO] PluginManage:359 - Loaded plugin analytics (category:tool,tabindex:-1)
2024-06-18 08:55:11,972 [INFO] PluginManage:310 - Check plugin cadmodel
2024-06-18 08:55:11,977 [INFO] CADModel:105 - Init CAD model plugin
2024-06-18 08:55:11,977 [INFO] PluginManage:359 - Loaded plugin cadmodel (category:power,tabindex:5)
2024-06-18 08:55:11,978 [INFO] PluginManage:310 - Check plugin clock
2024-06-18 08:55:11,986 [INFO] PluginManage:359 - Loaded plugin clock (category:base,tabindex:2)
2024-06-18 08:55:11,986 [INFO] PluginManage:310 - Check plugin ddr
2024-06-18 08:55:11,989 [INFO] PluginManage:359 - Loaded plugin ddr (category:tool,tabindex:6)
2024-06-18 08:55:11,989 [INFO] PluginManage:310 - Check plugin filemanager
2024-06-18 08:55:12,103 [INFO] PluginManage:359 - Loaded plugin filemanager (category:base,tabindex:10)
2024-06-18 08:55:12,103 [INFO] PluginManage:310 - Check plugin ipmanager
2024-06-18 08:55:12,110 [INFO] PluginManage:359 - Loaded plugin ipmanager (category:base,tabindex:5)
2024-06-18 08:55:12,110 [INFO] PluginManage:310 - Check plugin lpbam
2024-06-18 08:55:12,117 [INFO] PluginManage:359 - Loaded plugin lpbam (category:base,tabindex:0)
2024-06-18 08:55:12,117 [INFO] PluginManage:310 - Check plugin memorymap
2024-06-18 08:55:12,129 [INFO] PluginManage:359 - Loaded plugin memorymap (category:base,tabindex:4)
2024-06-18 08:55:12,130 [INFO] PluginManage:310 - Check plugin pinoutandconfiguration
2024-06-18 08:55:12,136 [INFO] PluginManage:359 - Loaded plugin pinoutandconfiguration (category:base,tabindex:1)
2024-06-18 08:55:12,136 [INFO] PluginManage:310 - Check plugin pinoutconfig
2024-06-18 08:55:12,210 [WARN] SupportedApi:132 - Cannot load RTOS API schema: s4s-elt-must-match.1: The content of 'definitions' must match (annotation?, (simpleType | complexType)?, (unique | key | keyref)*)). A problem was found starting at: attribute.
2024-06-18 08:55:12,327 [INFO] PluginManage:359 - Loaded plugin pinoutconfig (category:base,tabindex:0)
2024-06-18 08:55:12,327 [INFO] PluginManage:310 - Check plugin power
2024-06-18 08:55:12,338 [INFO] PluginManage:359 - Loaded plugin power (category:power,tabindex:4)
2024-06-18 08:55:12,339 [INFO] PluginManage:310 - Check plugin projectmanager
2024-06-18 08:55:12,355 [INFO] PluginManage:359 - Loaded plugin projectmanager (category:projectmanager,tabindex:3)
2024-06-18 08:55:12,356 [INFO] PluginManage:310 - Check plugin thirdparty
2024-06-18 08:55:12,542 [INFO] PluginManage:359 - Loaded plugin thirdparty (category:base,tabindex:-1)
2024-06-18 08:55:12,542 [WARN] IntegrityCheckThread:84 - waiting for thirdparty lock release [integrity check]
2024-06-18 08:55:12,543 [INFO] PluginManage:310 - Check plugin tools
2024-06-18 08:55:12,543 [INFO] IntegrityCheckThread:86 - entering critical section [integrity check]
2024-06-18 08:55:12,544 [INFO] ThirdPartyUpdaterWithRetryManager:70 - Updater plugin not ready yet. [1/15]
2024-06-18 08:55:12,546 [INFO] PluginManage:359 - Loaded plugin tools (category:base,tabindex:7)
2024-06-18 08:55:12,548 [INFO] PluginManage:310 - Check plugin tutovideos
2024-06-18 08:55:12,794 [INFO] PluginManage:359 - Loaded plugin tutovideos (category:base,tabindex:-1)
2024-06-18 08:55:12,795 [INFO] PluginManage:310 - Check plugin updater
2024-06-18 08:55:12,807 [INFO] PluginManage:359 - Loaded plugin updater (category:base,tabindex:12)
2024-06-18 08:55:12,807 [INFO] PluginManage:310 - Check plugin userauth
2024-06-18 08:55:12,813 [INFO] UserAuth:113 - Init User Auth plugin
2024-06-18 08:55:12,813 [INFO] PluginManage:359 - Loaded plugin userauth (category:base,tabindex:14)
2024-06-18 08:55:12,814 [INFO] PluginManage:283 - PluginManage : Loaded plugins [17]
2024-06-18 08:55:13,086 [INFO] PinOutPanel:1499 - setPackage(No Configuration,No Configuration)
2024-06-18 08:55:13,232 [INFO] CADModel:165 - CPN selected for project level
2024-06-18 08:55:13,232 [INFO] CADModel:114 - Register for checkConnection events
2024-06-18 08:55:13,256 [INFO] IPUIPlugin:80 - create IPUIPlugin
2024-06-18 08:55:13,256 [INFO] PluginManager:220 - loadIPPluginJar : add adc
2024-06-18 08:55:13,259 [INFO] IPUIPlugin:80 - create IPUIPlugin
2024-06-18 08:55:13,259 [INFO] PluginManager:220 - loadIPPluginJar : add aes
2024-06-18 08:55:13,262 [INFO] IPUIPlugin:80 - create IPUIPlugin
2024-06-18 08:55:13,262 [INFO] PluginManager:220 - loadIPPluginJar : add can
2024-06-18 08:55:13,263 [INFO] IPUIPlugin:80 - create IPUIPlugin
2024-06-18 08:55:13,264 [INFO] PluginManager:220 - loadIPPluginJar : add comp
2024-06-18 08:55:13,266 [INFO] IPUIPlugin:80 - create IPUIPlugin
2024-06-18 08:55:13,266 [INFO] PluginManager:220 - loadIPPluginJar : add cryp
2024-06-18 08:55:13,270 [INFO] IPUIPlugin:80 - create IPUIPlugin
2024-06-18 08:55:13,270 [INFO] PluginManager:220 - loadIPPluginJar : add dfsdm
2024-06-18 08:55:13,276 [INFO] IPUIPlugin:80 - create IPUIPlugin
2024-06-18 08:55:13,276 [INFO] PluginManager:220 - loadIPPluginJar : add dma
2024-06-18 08:55:13,279 [INFO] IPUIPlugin:80 - create IPUIPlugin
2024-06-18 08:55:13,279 [INFO] PluginManager:220 - loadIPPluginJar : add dma3
2024-06-18 08:55:13,282 [INFO] IPUIPlugin:80 - create IPUIPlugin
2024-06-18 08:55:13,282 [INFO] PluginManager:220 - loadIPPluginJar : add fatfs
2024-06-18 08:55:13,287 [INFO] IPUIPlugin:80 - create IPUIPlugin
2024-06-18 08:55:13,287 [INFO] PluginManager:220 - loadIPPluginJar : add fmc
2024-06-18 08:55:13,293 [INFO] IPUIPlugin:80 - create IPUIPlugin
2024-06-18 08:55:13,293 [INFO] PluginManager:220 - loadIPPluginJar : add freertos
2024-06-18 08:55:13,297 [INFO] IPUIPlugin:80 - create IPUIPlugin
2024-06-18 08:55:13,297 [INFO] PluginManager:220 - loadIPPluginJar : add genericplugin
2024-06-18 08:55:13,300 [INFO] IPUIPlugin:80 - create IPUIPlugin
2024-06-18 08:55:13,300 [INFO] PluginManager:220 - loadIPPluginJar : add gfxmmu
2024-06-18 08:55:13,307 [INFO] IPUIPlugin:80 - create IPUIPlugin
2024-06-18 08:55:13,307 [INFO] PluginManager:220 - loadIPPluginJar : add gic
2024-06-18 08:55:13,312 [INFO] IPUIPlugin:80 - create IPUIPlugin
2024-06-18 08:55:13,312 [INFO] PluginManager:220 - loadIPPluginJar : add gpio
2024-06-18 08:55:13,315 [INFO] IPUIPlugin:80 - create IPUIPlugin
2024-06-18 08:55:13,315 [INFO] PluginManager:220 - loadIPPluginJar : add gtzc
2024-06-18 08:55:13,317 [INFO] IPUIPlugin:80 - create IPUIPlugin
2024-06-18 08:55:13,317 [INFO] PluginManager:220 - loadIPPluginJar : add hash
2024-06-18 08:55:13,320 [INFO] IPUIPlugin:80 - create IPUIPlugin
2024-06-18 08:55:13,320 [INFO] PluginManager:220 - loadIPPluginJar : add i2c
2024-06-18 08:55:13,323 [INFO] IPUIPlugin:80 - create IPUIPlugin
2024-06-18 08:55:13,323 [INFO] PluginManager:220 - loadIPPluginJar : add i2s
2024-06-18 08:55:13,326 [INFO] IPUIPlugin:80 - create IPUIPlugin
2024-06-18 08:55:13,326 [INFO] PluginManager:220 - loadIPPluginJar : add i3c
2024-06-18 08:55:13,329 [INFO] IPUIPlugin:80 - create IPUIPlugin
2024-06-18 08:55:13,329 [INFO] PluginManager:220 - loadIPPluginJar : add ipddr
2024-06-18 08:55:13,337 [INFO] IPUIPlugin:80 - create IPUIPlugin
2024-06-18 08:55:13,337 [INFO] PluginManager:220 - loadIPPluginJar : add linkedlist
2024-06-18 08:55:13,340 [INFO] IPUIPlugin:80 - create IPUIPlugin
2024-06-18 08:55:13,340 [INFO] PluginManager:220 - loadIPPluginJar : add lorawan
2024-06-18 08:55:13,342 [INFO] IPUIPlugin:80 - create IPUIPlugin
2024-06-18 08:55:13,342 [INFO] PluginManager:220 - loadIPPluginJar : add ltdc
2024-06-18 08:55:13,347 [INFO] IPUIPlugin:80 - create IPUIPlugin
2024-06-18 08:55:13,348 [INFO] PluginManager:220 - loadIPPluginJar : add mdma
2024-06-18 08:55:13,351 [INFO] IPUIPlugin:80 - create IPUIPlugin
2024-06-18 08:55:13,351 [INFO] PluginManager:220 - loadIPPluginJar : add nvic
2024-06-18 08:55:13,353 [INFO] IPUIPlugin:80 - create IPUIPlugin
2024-06-18 08:55:13,353 [INFO] PluginManager:220 - loadIPPluginJar : add opamp
2024-06-18 08:55:13,355 [INFO] IPUIPlugin:80 - create IPUIPlugin
2024-06-18 08:55:13,356 [INFO] PluginManager:220 - loadIPPluginJar : add openamp
2024-06-18 08:55:13,358 [INFO] IPUIPlugin:80 - create IPUIPlugin
2024-06-18 08:55:13,359 [INFO] PluginManager:220 - loadIPPluginJar : add pdm2pcm
2024-06-18 08:55:13,364 [INFO] IPUIPlugin:80 - create IPUIPlugin
2024-06-18 08:55:13,366 [INFO] PluginManager:220 - loadIPPluginJar : add plateformsettings
2024-06-18 08:55:13,368 [INFO] IPUIPlugin:80 - create IPUIPlugin
2024-06-18 08:55:13,368 [INFO] PluginManager:220 - loadIPPluginJar : add quadspi
2024-06-18 08:55:13,372 [INFO] IPUIPlugin:80 - create IPUIPlugin
2024-06-18 08:55:13,372 [INFO] PluginManager:220 - loadIPPluginJar : add resmgrutility
2024-06-18 08:55:13,374 [INFO] IPUIPlugin:80 - create IPUIPlugin
2024-06-18 08:55:13,375 [INFO] PluginManager:220 - loadIPPluginJar : add sai
2024-06-18 08:55:13,377 [INFO] IPUIPlugin:80 - create IPUIPlugin
2024-06-18 08:55:13,377 [INFO] PluginManager:220 - loadIPPluginJar : add spi
2024-06-18 08:55:13,381 [INFO] IPUIPlugin:80 - create IPUIPlugin
2024-06-18 08:55:13,381 [INFO] PluginManager:220 - loadIPPluginJar : add stm32_wpan
2024-06-18 08:55:13,383 [INFO] IPUIPlugin:80 - create IPUIPlugin
2024-06-18 08:55:13,383 [INFO] PluginManager:220 - loadIPPluginJar : add tim
2024-06-18 08:55:13,386 [INFO] IPUIPlugin:80 - create IPUIPlugin
2024-06-18 08:55:13,386 [INFO] PluginManager:220 - loadIPPluginJar : add touchsensing
2024-06-18 08:55:13,388 [INFO] IPUIPlugin:80 - create IPUIPlugin
2024-06-18 08:55:13,388 [INFO] PluginManager:220 - loadIPPluginJar : add tracer_emb
2024-06-18 08:55:13,390 [INFO] IPUIPlugin:80 - create IPUIPlugin
2024-06-18 08:55:13,390 [INFO] PluginManager:220 - loadIPPluginJar : add ts
2024-06-18 08:55:13,393 [INFO] IPUIPlugin:80 - create IPUIPlugin
2024-06-18 08:55:13,394 [INFO] PluginManager:220 - loadIPPluginJar : add tsc
2024-06-18 08:55:13,396 [INFO] IPUIPlugin:80 - create IPUIPlugin
2024-06-18 08:55:13,396 [INFO] PluginManager:220 - loadIPPluginJar : add ucpd
2024-06-18 08:55:13,399 [INFO] IPUIPlugin:80 - create IPUIPlugin
2024-06-18 08:55:13,399 [INFO] PluginManager:220 - loadIPPluginJar : add usart
2024-06-18 08:55:13,404 [INFO] IPUIPlugin:80 - create IPUIPlugin
2024-06-18 08:55:13,404 [INFO] PluginManager:220 - loadIPPluginJar : add usbx
2024-06-18 08:55:13,559 [INFO] CADModel:165 - CPN selected for project level
2024-06-18 08:55:13,560 [INFO] CADModel:114 - Register for checkConnection events
2024-06-18 08:55:13,560 [FATAL] Updater:308 - Updater called before beeing initialized
2024-06-18 08:55:13,560 [ERROR] CADModel:125 - Updater not yet initialized, retry later 
2024-06-18 08:55:13,728 [INFO] CADModel:165 - CPN selected for project level
2024-06-18 08:55:13,728 [INFO] CADModel:114 - Register for checkConnection events
2024-06-18 08:55:13,728 [FATAL] Updater:308 - Updater called before beeing initialized
2024-06-18 08:55:13,728 [ERROR] CADModel:125 - Updater not yet initialized, retry later 
2024-06-18 08:55:13,734 [FATAL] Updater:308 - Updater called before beeing initialized
2024-06-18 08:55:13,886 [FATAL] Updater:308 - Updater called before beeing initialized
2024-06-18 08:55:13,891 [INFO] DbMcusAds:53 - JSON generation date=Thu May 16 16:22:00 ICT 2024 (1715851320852)
2024-06-18 08:55:13,892 [FATAL] Updater:308 - Updater called before beeing initialized
2024-06-18 08:55:13,941 [WARN] DetailPanel:346 - Failed to get advertising image, set to default
2024-06-18 08:55:14,101 [FATAL] Updater:308 - Updater called before beeing initialized
2024-06-18 08:55:14,104 [FATAL] Updater:308 - Updater called before beeing initialized
2024-06-18 08:55:14,104 [FATAL] Updater:308 - Updater called before beeing initialized
2024-06-18 08:55:14,105 [WARN] DetailPanel:346 - Failed to get advertising image, set to default
2024-06-18 08:55:14,106 [FATAL] Updater:308 - Updater called before beeing initialized
2024-06-18 08:55:14,175 [ERROR] Updater:1120 - MainUpdater not yet initialized. External WinMGr cannot be set.
2024-06-18 08:55:14,178 [INFO] Updater:1056 - Updater Version found : 6.9.2
2024-06-18 08:55:14,206 [INFO] ApplicationProperties:184 - Using Application install path: C:\ST\STM32CubeIDE_1.13.0\STM32CubeIDE\plugins\com.st.stm32cube.common.mx_6.9.2.202309101412
2024-06-18 08:55:14,856 [INFO] MainUpdater:2868 - connection check result : 10
2024-06-18 08:55:14,857 [INFO] MainUpdater:285 - Updater Check For Update Now.
2024-06-18 08:55:14,858 [INFO] MicroXplorer:498 - Change Database Version : DB.6.0.92
2024-06-18 08:55:14,867 [INFO] McuFinderGlobals:63 - Set McuFinder mode to 2 (CubeIDE integrated)
2024-06-18 08:55:14,867 [INFO] UserAuth:179 - activating auth plugin
2024-06-18 08:55:14,871 [INFO] UserAuth:393 - Internet connection configuration mode: 1
2024-06-18 08:55:14,896 [INFO] JxBrowserEngine:151 - Initiate JxBrowser Engine with user profile folder
2024-06-18 08:55:15,078 [INFO] CheckServerUpdateThread:120 - End of CheckServer Thread
2024-06-18 08:55:15,870 [WARN] PackLoader:240 - Cannot read IP mode file for STMicroelectronics.FP-SNS-MOTENVWB1.1.4.0
2024-06-18 08:55:15,885 [WARN] PackLoader:240 - Cannot read IP mode file for STMicroelectronics.X-CUBE-SMBUS.2.1.0
2024-06-18 08:55:15,909 [WARN] PackLoader:240 - Cannot read IP mode file for STMicroelectronics.X-CUBE-TOUCHGFX.4.23.0
2024-06-18 08:55:15,914 [WARN] PackLoader:240 - Cannot read IP mode file for STMicroelectronics.X-CUBE-TOUCHGFX.4.23.2
2024-06-18 08:55:15,952 [WARN] PackLoader:240 - Cannot read IP mode file for STMicroelectronics.X-CUBE-AZRTOS-F7.1.1.0
2024-06-18 08:55:15,966 [WARN] PackLoader:240 - Cannot read IP mode file for STMicroelectronics.FP-SNS-MOTENV1.4.3.2
2024-06-18 08:55:15,974 [WARN] PackLoader:240 - Cannot read IP mode file for STMicroelectronics.FP-SNS-FLIGHT1.5.0.2
2024-06-18 08:55:15,986 [WARN] PackLoader:240 - Cannot read IP mode file for STMicroelectronics.X-CUBE-DISPLAY.3.0.0
2024-06-18 08:55:16,002 [WARN] PackLoader:240 - Cannot read IP mode file for STMicroelectronics.X-CUBE-BLE1.7.0.0
2024-06-18 08:55:16,008 [WARN] PackLoader:240 - Cannot read IP mode file for emotas.I-CUBE-CANOPEN.1.3.0
2024-06-18 08:55:16,021 [WARN] PackLoader:240 - Cannot read IP mode file for STMicroelectronics.X-CUBE-BLEMGR.3.1.0
2024-06-18 08:55:16,031 [WARN] PackLoader:240 - Cannot read IP mode file for STMicroelectronics.FP-SNS-SMARTAG2.1.2.0
2024-06-18 08:55:16,061 [INFO] LogOutputStream:77 - [STDOUT_REDIRECT] 1 : Invalid condition id : UX_CORESTACK_Condition cause : null
2024-06-18 08:55:16,064 [INFO] LogOutputStream:77 - [STDOUT_REDIRECT] 1 : Invalid condition id : UX_CORESTACK_Condition cause : null
2024-06-18 08:55:16,065 [INFO] LogOutputStream:77 - [STDOUT_REDIRECT] 1 : Invalid condition id : UX_CORESTACK_Condition cause : null
2024-06-18 08:55:16,067 [INFO] LogOutputStream:77 - [STDOUT_REDIRECT] 1 : Invalid condition id : UX_CORESTACK_Condition cause : null
2024-06-18 08:55:16,068 [INFO] LogOutputStream:77 - [STDOUT_REDIRECT] 1 : Invalid condition id : UX_CORESTACK_Condition cause : null
2024-06-18 08:55:16,073 [WARN] PackLoader:240 - Cannot read IP mode file for STMicroelectronics.X-CUBE-AZRTOS-WL.2.0.0
2024-06-18 08:55:16,077 [WARN] PackLoader:240 - Cannot read IP mode file for STMicroelectronics.FP-SNS-MOTENV1.5.0.0
2024-06-18 08:55:16,088 [INFO] WebApp:157 - Instantiating new browser for Auth
2024-06-18 08:55:16,088 [WARN] PackLoader:240 - Cannot read IP mode file for WES.I-CUBE-Cesium.1.3.0
2024-06-18 08:55:16,093 [WARN] PackLoader:240 - Cannot read IP mode file for STMicroelectronics.X-CUBE-BLE2.3.3.0
2024-06-18 08:55:16,100 [WARN] PackLoader:240 - Cannot read IP mode file for STMicroelectronics.X-CUBE-TCPP.4.1.0
2024-06-18 08:55:16,109 [WARN] PackLoader:240 - Cannot read IP mode file for STMicroelectronics.X-CUBE-ALGOBUILD.1.3.0
2024-06-18 08:55:16,132 [WARN] PackLoader:240 - Cannot read IP mode file for STMicroelectronics.X-CUBE-AZRTOS-G0.1.1.0
2024-06-18 08:55:16,142 [WARN] PackLoader:240 - Cannot read IP mode file for STMicroelectronics.X-CUBE-SAFEA1.1.2.2
2024-06-18 08:55:16,151 [WARN] PackLoader:240 - Cannot read IP mode file for STMicroelectronics.X-CUBE-NFC4.3.0.0
2024-06-18 08:55:16,158 [WARN] PackLoader:240 - Cannot read IP mode file for wolfSSL.I-CUBE-wolfMQTT.1.18.0
2024-06-18 08:55:16,163 [WARN] PackLoader:240 - Cannot read IP mode file for STMicroelectronics.FP-ATR-SIGFOX1.3.2.0
2024-06-18 08:55:16,168 [WARN] PackLoader:240 - Cannot read IP mode file for STMicroelectronics.X-CUBE-EEPRMA1.5.1.0
2024-06-18 08:55:16,198 [WARN] PackLoader:240 - Cannot read IP mode file for SEGGER.I-CUBE-embOS.1.3.1
2024-06-18 08:55:16,241 [WARN] PackLoader:240 - Cannot read IP mode file for STMicroelectronics.X-CUBE-ALGOBUILD.1.4.0
2024-06-18 08:55:16,249 [WARN] PackLoader:240 - Cannot read IP mode file for STMicroelectronics.X-CUBE-GNSS1.6.0.0
2024-06-18 08:55:16,276 [WARN] PackLoader:240 - Cannot read IP mode file for STMicroelectronics.X-CUBE-AZRTOS-F4.1.1.0
2024-06-18 08:55:16,286 [WARN] PackLoader:240 - Cannot read IP mode file for STMicroelectronics.X-CUBE-FREERTOS.1.2.0
2024-06-18 08:55:16,292 [WARN] PackLoader:240 - Cannot read IP mode file for wolfSSL.I-CUBE-wolfSSL.5.6.6
2024-06-18 08:55:16,310 [WARN] PackLoader:240 - Cannot read IP mode file for STMicroelectronics.X-CUBE-AZRTOS-L5.2.0.0
2024-06-18 08:55:16,322 [WARN] PackLoader:240 - Cannot read IP mode file for STMicroelectronics.X-CUBE-NFC6.3.1.0
2024-06-18 08:55:16,332 [WARN] PackLoader:240 - Cannot read IP mode file for ITTIA_DB.I-CUBE-ITTIADB.8.8.0
2024-06-18 08:55:16,337 [WARN] PackLoader:240 - Cannot read IP mode file for STMicroelectronics.X-CUBE-AI.9.0.0
2024-06-18 08:55:16,343 [WARN] PackLoader:240 - Cannot read IP mode file for STMicroelectronics.X-CUBE-NFC7.1.0.1
2024-06-18 08:55:16,348 [WARN] PackLoader:240 - Cannot read IP mode file for STMicroelectronics.X-CUBE-AI.8.1.0
2024-06-18 08:55:16,367 [WARN] ConditionMgr:438 - getConditionDescription Invalid condition id : LAN8742 Phy interface Condition cause : null
2024-06-18 08:55:16,368 [WARN] PackLoader:240 - Cannot read IP mode file for STMicroelectronics.X-CUBE-AZRTOS-L4.2.0.0
2024-06-18 08:55:16,369 [WARN] ConditionMgr:1039 - genDependencies : Invalid condition id : LAN8742 Phy interface Condition cause : null
2024-06-18 08:55:16,370 [WARN] ConditionMgr:1039 - genDependencies : Invalid condition id : LAN8742 Phy interface Condition cause : null
2024-06-18 08:55:16,370 [WARN] ConditionMgr:1039 - genDependencies : Invalid condition id : LAN8742 Phy interface Condition cause : null
2024-06-18 08:55:16,379 [WARN] PackLoader:240 - Cannot read IP mode file for STMicroelectronics.X-CUBE-SFXS2LP1.4.0.0
2024-06-18 08:55:16,394 [WARN] ConditionMgr:438 - getConditionDescription Invalid condition id : UX DEVICE CLASS RTOS Condition cause : null
2024-06-18 08:55:16,395 [WARN] ConditionMgr:438 - getConditionDescription Invalid condition id : UX DEVICE CLASS RTOS Condition cause : null
2024-06-18 08:55:16,397 [WARN] PackLoader:240 - Cannot read IP mode file for STMicroelectronics.X-CUBE-AZRTOS-WB.2.0.0
2024-06-18 08:55:16,398 [WARN] ConditionMgr:1039 - genDependencies : Invalid condition id : UX DEVICE CLASS RTOS Condition cause : null
2024-06-18 08:55:16,398 [WARN] ConditionMgr:1039 - genDependencies : Invalid condition id : UX DEVICE CLASS RTOS Condition cause : null
2024-06-18 08:55:16,398 [WARN] ConditionMgr:1039 - genDependencies : Invalid condition id : UX DEVICE CLASS RTOS Condition cause : null
2024-06-18 08:55:16,398 [WARN] ConditionMgr:1039 - genDependencies : Invalid condition id : UX DEVICE CLASS RTOS Condition cause : null
2024-06-18 08:55:16,398 [WARN] ConditionMgr:1039 - genDependencies : Invalid condition id : UX DEVICE CLASS RTOS Condition cause : null
2024-06-18 08:55:16,409 [WARN] PackLoader:240 - Cannot read IP mode file for STMicroelectronics.X-CUBE-SUBG2.5.0.0
2024-06-18 08:55:16,418 [WARN] PackLoader:240 - Cannot read IP mode file for Cesanta.I-CUBE-Mongoose.7.13.0
2024-06-18 08:55:16,431 [WARN] PackLoader:240 - Cannot read IP mode file for STMicroelectronics.X-CUBE-AZRTOS-G4.2.0.0
2024-06-18 08:55:16,529 [WARN] PackLoader:240 - Cannot read IP mode file for Infineon.AIROC-Wi-Fi-Bluetooth-STM32.1.5.1
2024-06-18 08:55:16,551 [WARN] PackLoader:240 - Cannot read IP mode file for STMicroelectronics.FP-SNS-MOTENVWB1.1.3.1
2024-06-18 08:55:16,566 [WARN] PackLoader:240 - Cannot read IP mode file for STMicroelectronics.X-CUBE-ISPU.2.0.0
2024-06-18 08:55:16,602 [WARN] PackLoader:240 - Cannot read IP mode file for STMicroelectronics.X-CUBE-ALS.1.0.2
2024-06-18 08:55:16,741 [WARN] PackLoader:240 - Cannot read IP mode file for STMicroelectronics.X-CUBE-MEMS1.10.0.0
2024-06-18 08:55:17,046 [WARN] PackLoader:240 - Cannot read IP mode file for STMicroelectronics.X-CUBE-FREERTOS.1.1.0
2024-06-18 08:55:17,118 [WARN] PackLoader:240 - Cannot read IP mode file for portGmbH.I-Cube-SoM-uGOAL.1.1.0
2024-06-18 08:55:17,132 [WARN] PackLoader:240 - Cannot read IP mode file for STMicroelectronics.X-CUBE-ALS.1.0.1
2024-06-18 08:55:17,180 [WARN] PackLoader:240 - Cannot read IP mode file for STMicroelectronics.X-CUBE-AZRTOS-H7RS.1.0.0
2024-06-18 08:55:17,192 [WARN] PackLoader:240 - Cannot read IP mode file for STMicroelectronics.FP-ATR-ASTRA1.2.0.0
2024-06-18 08:55:17,208 [WARN] PackLoader:240 - Cannot read IP mode file for STMicroelectronics.X-CUBE-TOF1.3.4.1
2024-06-18 08:55:17,243 [WARN] PackLoader:240 - Cannot read IP mode file for STMicroelectronics.X-CUBE-AZRTOS-H7.3.2.0
2024-06-18 08:55:17,251 [INFO] ThirdParty:978 - Integrity check success = true
2024-06-18 08:55:17,251 [INFO] IntegrityCheckThread:100 - exiting critical section [integrity check]
2024-06-18 08:55:17,251 [INFO] IntegrityCheckThread:103 - End integrity checks thread
2024-06-18 08:55:17,550 [INFO] WebApp:753 - Register for checkConnection events
2024-06-18 08:55:17,551 [INFO] WebApp:390 - Apply proxy settings
2024-06-18 08:55:17,551 [INFO] WebApp:475 - Chromium requires no authentication
2024-06-18 08:55:17,589 [INFO] WebApp:418 - Direct internet connection detected
2024-06-18 08:55:18,266 [INFO] WebApp:188 - Starting web application
2024-06-18 08:55:18,267 [INFO] WebApp:520 - Web application path used C:\ST\STM32CubeIDE_1.13.0\STM32CubeIDE\plugins\com.st.stm32cube.common.mx_6.9.2.202309101412\db\plugins\mcufinder\reactClient1\index.html
2024-06-18 08:55:25,977 [ERROR] LogOutputStream:75 - [STDERR_REDIRECT] SLF4J: Failed to load class "org.slf4j.impl.StaticLoggerBinder".
2024-06-18 08:55:25,978 [ERROR] LogOutputStream:75 - [STDERR_REDIRECT] SLF4J: Defaulting to no-operation (NOP) logger implementation
2024-06-18 08:55:25,980 [ERROR] LogOutputStream:75 - [STDERR_REDIRECT] SLF4J: See http://www.slf4j.org/codes.html#StaticLoggerBinder for further details.
2024-06-18 09:31:24,793 [INFO] McuFinderGlobals:63 - Set McuFinder mode to 2 (CubeIDE integrated)
2024-06-18 09:31:24,817 [INFO] MainUpdater:2868 - connection check result : 10
2024-06-18 09:31:24,824 [INFO] MainUpdater:2868 - connection check result : 10
2024-06-18 09:31:25,004 [INFO] MicroXplorer:468 - Change Database Path : 
2024-06-18 09:31:25,004 [INFO] MicroXplorer:498 - Change Database Version : DB.6.0.92
2024-06-18 09:31:25,010 [WARN] ThirdParty:871 - waiting for thirdparty lock release [close project]
2024-06-18 09:31:25,010 [INFO] ThirdParty:873 - entering critical section [close project]
2024-06-18 09:31:25,015 [INFO] ThirdParty:883 - exiting critical section [close project]
2024-06-18 09:31:25,020 [INFO] PinOutPanel:1499 - setPackage(No Configuration,No Configuration)
2024-06-18 09:31:25,033 [INFO] UtilMem:75 - Begin LoadConfig() Used Memory: 867214000 Bytes (1073741824)
2024-06-18 09:31:25,035 [INFO] MicroXplorer:468 - Change Database Path : 
2024-06-18 09:31:25,035 [INFO] MicroXplorer:498 - Change Database Version : DB.6.0.92
2024-06-18 09:31:25,035 [INFO] OpenFileManager:308 - Change cursor
2024-06-18 09:31:25,101 [INFO] Mcu:1946 - Initializing MCU STM32F407V(E-G)Tx STM32F407VGTx STM32F407VGT6
2024-06-18 09:31:27,036 [INFO] Context:659 - Trying to add GPIOservice into a context  which must be forbidden
2024-06-18 09:31:27,788 [INFO] RtosManager:555 - Registered RTOS mode: class=CMSIS, group=RTOS, mode=CMSIS_V1, owner=FREERTOS
2024-06-18 09:31:27,788 [INFO] RtosManager:555 - Registered RTOS mode: class=CMSIS, group=RTOS2, mode=CMSIS_V2, owner=FREERTOS
2024-06-18 09:31:27,788 [INFO] RtosManager:555 - Registered RTOS mode: class=RTOS, group=Core, mode=CMSIS_V1, owner=FREERTOS
2024-06-18 09:31:27,788 [INFO] RtosManager:555 - Registered RTOS mode: class=RTOS, group=Core, mode=CMSIS_V2, owner=FREERTOS
2024-06-18 09:31:27,789 [WARN] ModelIntegratedComponent:184 - Missing modes for component STMicroelectronics:FreeRTOS:0.0.1:STMicroelectronics:RTOS:FreeRTOS:Core:::10.2.0:
2024-06-18 09:31:27,808 [WARN] ModelIntegratedComponent:63 - No mode defined for component null
2024-06-18 09:31:27,808 [WARN] ModelIntegratedComponent:63 - No mode defined for component null
2024-06-18 09:31:27,808 [WARN] ModelIntegratedComponent:63 - No mode defined for component null
2024-06-18 09:31:27,808 [WARN] ModelIntegratedComponent:63 - No mode defined for component null
2024-06-18 09:31:27,808 [WARN] ModelIntegratedComponent:63 - No mode defined for component null
2024-06-18 09:31:27,808 [WARN] ModelIntegratedComponent:63 - No mode defined for component null
2024-06-18 09:31:27,808 [WARN] ModelIntegratedComponent:63 - No mode defined for component null
2024-06-18 09:31:27,808 [WARN] ModelIntegratedComponent:63 - No mode defined for component null
2024-06-18 09:31:27,808 [WARN] ModelIntegratedComponent:63 - No mode defined for component null
2024-06-18 09:31:27,808 [WARN] ModelIntegratedComponent:63 - No mode defined for component null
2024-06-18 09:31:27,808 [WARN] ModelIntegratedComponent:63 - No mode defined for component null
2024-06-18 09:31:27,809 [WARN] ModelIntegratedComponent:63 - No mode defined for component null
2024-06-18 09:31:27,809 [WARN] ModelIntegratedComponent:63 - No mode defined for component null
2024-06-18 09:31:27,809 [WARN] ModelIntegratedComponent:63 - No mode defined for component null
2024-06-18 09:31:27,809 [WARN] ModelIntegratedComponent:63 - No mode defined for component null
2024-06-18 09:31:27,809 [WARN] ModelIntegratedComponent:63 - No mode defined for component null
2024-06-18 09:31:27,809 [WARN] ModelIntegratedComponent:63 - No mode defined for component null
2024-06-18 09:31:27,809 [WARN] ModelIntegratedComponent:63 - No mode defined for component null
2024-06-18 09:31:27,809 [WARN] ModelIntegratedComponent:63 - No mode defined for component null
2024-06-18 09:31:27,809 [WARN] ModelIntegratedComponent:63 - No mode defined for component null
2024-06-18 09:31:27,809 [WARN] ModelIntegratedComponent:63 - No mode defined for component null
2024-06-18 09:31:27,809 [WARN] ModelIntegratedComponent:63 - No mode defined for component null
2024-06-18 09:31:27,809 [WARN] ModelIntegratedComponent:63 - No mode defined for component null
2024-06-18 09:31:27,809 [WARN] ModelIntegratedComponent:63 - No mode defined for component null
2024-06-18 09:31:27,809 [WARN] ModelIntegratedComponent:63 - No mode defined for component null
2024-06-18 09:31:27,809 [WARN] ModelIntegratedComponent:63 - No mode defined for component null
2024-06-18 09:31:27,809 [WARN] ModelIntegratedComponent:63 - No mode defined for component null
2024-06-18 09:31:27,810 [WARN] ModelIntegratedComponent:63 - No mode defined for component null
2024-06-18 09:31:27,810 [WARN] ModelIntegratedComponent:63 - No mode defined for component null
2024-06-18 09:31:27,810 [WARN] ModelIntegratedComponent:63 - No mode defined for component null
2024-06-18 09:31:27,810 [WARN] ModelIntegratedComponent:63 - No mode defined for component null
2024-06-18 09:31:27,810 [WARN] ModelIntegratedComponent:63 - No mode defined for component null
2024-06-18 09:31:27,810 [WARN] ModelIntegratedComponent:63 - No mode defined for component null
2024-06-18 09:31:28,020 [INFO] ThirdPartyModel:298 - Start build external matchings
2024-06-18 09:31:28,480 [INFO] ThirdPartyModel:316 - End build external matchings
2024-06-18 09:31:28,492 [INFO] RtosManager:919 - Current active RTOS is FREERTOS [Cortex-M4NS]
2024-06-18 09:31:28,503 [INFO] ImportTextPane:194 - (OptionalMessage_ERROR) IP (RCC) : Parameter (RTCHSEDivFreq_Value) has invalid value (12500000)
2024-06-18 09:31:28,782 [INFO] UtilMem:75 - End LoadConfig() Used Memory: 930103152 Bytes (1073741824)
2024-06-18 09:31:28,982 [INFO] ApiDb:581 - Connected to CubeFinder SQLite database (C:\Users\OS\.stmcufinder\plugins\mcufinder\mcu\cube-finder-db.db)
2024-06-18 09:31:29,052 [INFO] ApiDb:668 - CubeFinder database Data Model version=2.1
2024-06-18 09:31:29,053 [INFO] ApiDb:669 - CubeFinder database Configuration version=3.0.39
2024-06-18 09:31:29,054 [INFO] ApiDb:670 - CubeFinder database generation date=2024-06-06 (1717689626)
2024-06-18 09:31:29,054 [INFO] ApiDb:671 - CubeFinder database FW Pack versions=[FP-ATR-ASTRA1_V2.0.0, FP-SNS-FLIGHT1_V5.0.2, FP-SNS-MOTENV1_V5.0.0, FP-SNS-MOTENVWB1_V1.4.0, FP-SNS-SMARTAG2_V1.2.0, STM32Cube_FW_C0_V1.2.0, STM32Cube_FW_F4_V1.28.0, STM32Cube_FW_F7_V1.17.2, STM32Cube_FW_G0_V1.6.2, STM32Cube_FW_G4_V1.6.0, STM32Cube_FW_H5_V1.3.0, STM32Cube_FW_H7RS_V1.1.0, STM32Cube_FW_H7_V1.11.2, STM32Cube_FW_L0_V1.12.2, STM32Cube_FW_L5_V1.5.1, STM32Cube_FW_U0_V1.1.0, STM32Cube_FW_U5_V1.6.0, STM32Cube_FW_WB0_V1.0.0, STM32Cube_FW_WBA_V1.4.0, STM32Cube_FW_WB_V1.20.0, STM32Cube_FW_WL_V1.3.0, X-CUBE-ALGOBUILD_V1.4.0, X-CUBE-ALS_V1.0.2, X-CUBE-AZRTOS-F4_V1.1.0, X-CUBE-AZRTOS-F7_V1.1.0, X-CUBE-AZRTOS-G0_V1.1.0, X-CUBE-AZRTOS-G4_V2.0.0, X-CUBE-AZRTOS-H7RS_V1.0.0, X-CUBE-AZRTOS-H7_V3.2.0, X-CUBE-AZRTOS-L4_V2.0.0, X-CUBE-AZRTOS-L5_V1.1.0, X-CUBE-AZRTOS-WB_V2.0.0, X-CUBE-AZRTOS-WL_V2.0.0, X-CUBE-BLE1_V7.0.0, X-CUBE-BLE2_V3.3.0, X-CUBE-BLEMGR_V3.1.0, X-CUBE-EEPRMA1_V5.1.0, X-CUBE-FREERTOS_V1.2.0, X-CUBE-GNSS1_V6.0.0, X-CUBE-MEMS1_V10.0.0, X-CUBE-NFC4_V3.0.0, X-CUBE-NFC7_V1.0.1, X-CUBE-SFXS2LP1_V4.0.0, X-CUBE-SUBG2_V5.0.0, X-CUBE-TOF1_V3.4.1]
2024-06-18 09:31:31,333 [INFO] ApiDb:240 - Found 323 in-development CPN: [B-G473E-ZEST1S, B-WB1M-WPAN1, B-WL5M-SUBG1, NUCLEO-C031C6, NUCLEO-H503RB, NUCLEO-H563ZI, NUCLEO-U545RE-Q, NUCLEO-U5A5ZJ-Q, NUCLEO-WBA52CG, STEVAL-PROTEUS1, STEVAL-SMARTAG2, STEVAL-STWINBX1, STM320518-EVAL, STM32C0116-DK, STM32C011D6Y3TR, STM32C011D6Y6TR, STM32C011F4P3, STM32C011F4P6, STM32C011F4U3, STM32C011F4U6TR, STM32C011F6P3, STM32C011F6P6, STM32C011F6U3, STM32C011F6U6TR, STM32C011J4M3, STM32C011J4M6, STM32C011J6M3, STM32C011J6M6, STM32C0316-DK, STM32C031C4T3, STM32C031C4T6, STM32C031C4U3, STM32C031C4U6, STM32C031C6T3, STM32C031C6T6, STM32C031C6U3, STM32C031C6U6, STM32C031F4P3, STM32C031F4P6, STM32C031F6P3, STM32C031F6P6, STM32C031G4U3, STM32C031G4U6, STM32C031G6U3, STM32C031G6U6, STM32C031K4T3, STM32C031K4T6, STM32C031K4U3, STM32C031K4U6, STM32C031K6T3, STM32C031K6T6, STM32C031K6U3, STM32C031K6U6, STM32G071K8TXN, STM32G071K8UXN, STM32G081GBU6N, STM32G081KBT6N, STM32G081KBUXN, STM32G0B1CCT6N, STM32G0B1KCT6, STM32G0B1NEY6TR, STM32G0B1RCT6N, STM32G0C1CCT6, STM32G0C1CCT6N, STM32G0C1CCU6N, STM32G0C1CET6N, STM32G0C1CEU6N, STM32G0C1KCT6, STM32G0C1NEY6TR, STM32G0C1RCI6N, STM32G0C1RCT6N, STM32G0C1REI6N, STM32G0C1RET6N, STM32G0C1VCI6, STM32G0C1VEI6, STM32G471CCT6, STM32G471CCU6, STM32G471CET3, STM32G471CET6, STM32G471CEU3, STM32G471CEU6, STM32G471MCT6, STM32G471MET3, STM32G471MET6, STM32G471MEY6TR, STM32G471QCT6, STM32G471QET3, STM32G471RCT6, STM32G471RET3, STM32G471RET6, STM32G471VCH6, STM32G471VCI6, STM32G471VCT6, STM32G471VEH3, STM32G471VEH6, STM32G471VEI3, STM32G471VEI6, STM32G471VET3, STM32G471VET6, STM32G474CCT6, STM32H503CBT6, STM32H503CBU6, STM32H503EBY6TR, STM32H503KBU6, STM32H503RBT6, STM32H562AGI6, STM32H562AII6, STM32H562IGK6, STM32H562IGT6, STM32H562IIK6, STM32H562IIT6, STM32H562RGT6, STM32H562RGV6, STM32H562RIT6, STM32H562RIV6, STM32H562VGT6, STM32H562VIT6, STM32H562ZGT6, STM32H562ZIT6, STM32H563AGI6, STM32H563AII3Q, STM32H563AII6, STM32H563IGK6, STM32H563IGT6, STM32H563IIK3Q, STM32H563IIK6, STM32H563IIT3Q, STM32H563IIT6, STM32H563MIY3QTR, STM32H563RGT6, STM32H563RGV6, STM32H563RIT6, STM32H563RIV6, STM32H563VGT6, STM32H563VIT3Q, STM32H563VIT6, STM32H563ZGT6, STM32H563ZIT3Q, STM32H563ZIT6, STM32H573AII3Q, STM32H573AII6, STM32H573I-DK, STM32H573IIK3Q, STM32H573IIK6, STM32H573IIT3Q, STM32H573IIT6, STM32H573MIY3QTR, STM32H573RIT6, STM32H573RIV6, STM32H573VIT3Q, STM32H573VIT6, STM32H573ZIT3Q, STM32H573ZIT6, STM32L4R5QGI6STR, STM32MP131AAE3, STM32MP131AAF3, STM32MP131AAG3, STM32MP131CAE3, STM32MP131CAF3, STM32MP131CAG3, STM32MP131DAE7, STM32MP131DAF7, STM32MP131DAG7, STM32MP131FAE7, STM32MP131FAF7, STM32MP131FAG7, STM32MP133AAE3, STM32MP133AAF3, STM32MP133AAG3, STM32MP133CAE3, STM32MP133CAF3, STM32MP133CAG3, STM32MP133DAE7, STM32MP133DAF7, STM32MP133DAG7, STM32MP133FAE7, STM32MP133FAF7, STM32MP133FAG7, STM32MP135AAE3, STM32MP135AAF3, STM32MP135AAG3, STM32MP135CAE3, STM32MP135CAF3, STM32MP135CAG3, STM32MP135DAE7, STM32MP135DAF7, STM32MP135DAG7, STM32MP135F-DK, STM32MP135FAE7, STM32MP135FAF7, STM32MP135FAF7T, STM32MP135FAF7U, STM32MP135FAG7, STM32U535CBT6, STM32U535CBT6Q, STM32U535CBU6, STM32U535CBU6Q, STM32U535CCT6, STM32U535CCT6Q, STM32U535CCU6, STM32U535CCU6Q, STM32U535CET6, STM32U535CET6Q, STM32U535CEU6, STM32U535CEU6Q, STM32U535JEY6QTR, STM32U535NCY6QTR, STM32U535NEY6QTR, STM32U535RBI6, STM32U535RBI6Q, STM32U535RBT6, STM32U535RBT6Q, STM32U535RCI6, STM32U535RCI6Q, STM32U535RCT6, STM32U535RCT6Q, STM32U535REI6, STM32U535REI6Q, STM32U535RET6, STM32U535RET6Q, STM32U535VCI6, STM32U535VCI6Q, STM32U535VCT6, STM32U535VCT6Q, STM32U535VEI6, STM32U535VEI6Q, STM32U535VET6, STM32U535VET6Q, STM32U545CET6, STM32U545CET6Q, STM32U545CEU6, STM32U545CEU6Q, STM32U545JEY6QTR, STM32U545NEY6QTR, STM32U545REI6, STM32U545REI6Q, STM32U545RET6, STM32U545RET6Q, STM32U545VEI6, STM32U545VEI6Q, STM32U545VET6, STM32U545VET6Q, STM32U595AIH6, STM32U595AIH6Q, STM32U595AJH6, STM32U595AJH6Q, STM32U595QII6, STM32U595QII6Q, STM32U595QJI6, STM32U595QJI6Q, STM32U595RIT6, STM32U595RIT6Q, STM32U595RJT6, STM32U595RJT6Q, STM32U595VIT6, STM32U595VIT6Q, STM32U595VJT6, STM32U595VJT6Q, STM32U595ZIT6, STM32U595ZIT6Q, STM32U595ZIY6QTR, STM32U595ZJT6, STM32U595ZJT6Q, STM32U595ZJY6QTR, STM32U599BJY6QTR, STM32U599NIH6Q, STM32U599NJH6Q, STM32U599VIT6Q, STM32U599VJT6, STM32U599VJT6Q, STM32U599ZIT6Q, STM32U599ZIY6QTR, STM32U599ZJT6Q, STM32U599ZJY6QTR, STM32U5A5AJH6, STM32U5A5AJH6Q, STM32U5A5QJI6, STM32U5A5QJI6Q, STM32U5A5RJT6, STM32U5A5RJT6Q, STM32U5A5VJT6, STM32U5A5VJT6Q, STM32U5A5ZJT6, STM32U5A5ZJT6Q, STM32U5A5ZJY6QTR, STM32U5A9BJY6QTR, STM32U5A9J-DK, STM32U5A9NJH6Q, STM32U5A9VJT6Q, STM32U5A9ZJT6Q, STM32U5A9ZJY6QTR, STM32U5F7VIT6, STM32U5F7VIT6Q, STM32U5F7VJT6, STM32U5F7VJT6Q, STM32U5F9BJY6QTR, STM32U5F9NJH6Q, STM32U5F9VIT6Q, STM32U5F9VJT6Q, STM32U5F9ZIJ6QTR, STM32U5F9ZIT6Q, STM32U5F9ZJJ6QTR, STM32U5F9ZJT6Q, STM32U5G7VJT6, STM32U5G7VJT6Q, STM32U5G9BJY6QTR, STM32U5G9J-DK1, STM32U5G9J-DK2, STM32U5G9NJH6Q, STM32U5G9VJT6Q, STM32U5G9ZJJ6QTR, STM32U5G9ZJT6Q, STM32WB1MMCH6, STM32WBA52CEU6, STM32WBA52CEU6T, STM32WBA52CGU6, STM32WBA52CGU6T, STM32WBA52KEU6, STM32WBA52KEU6T, STM32WBA52KGU6, STM32WBA52KGU6T, STM32WL5MOCH6, STM32WL5MOCH6TR]
2024-06-18 09:31:31,338 [INFO] DbMcus:217 - Found 4212 MCUs, 4212 are supported
2024-06-18 09:31:31,339 [INFO] ApiDb:423 - Load user favorites file C:\Users\OS/.stm32cubeide/favorites.mcus.txt: 0 item(s)
2024-06-18 09:31:31,339 [INFO] ApiDb:427 - User favorites MCUs=[]
2024-06-18 09:31:31,339 [INFO] DbMcus:223 - Set 0 / 0 favorites MCUs
2024-06-18 09:31:31,795 [WARN] ThirdParty:833 - waiting for thirdparty lock release [change project]
2024-06-18 09:31:31,795 [INFO] ThirdParty:835 - entering critical section [change project]
2024-06-18 09:31:31,795 [INFO] ThirdParty:1030 - CMSIS Pack Vendor :STMicroelectronics USBPD 4.1
2024-06-18 09:31:31,795 [INFO] ThirdParty:1030 - CMSIS Pack Vendor :STMicroelectronics X-CUBE-GNSS1 6.0.0
2024-06-18 09:31:31,795 [INFO] ThirdParty:1030 - CMSIS Pack Vendor :STMicroelectronics USB_HOST 2.0.0
2024-06-18 09:31:31,795 [INFO] ThirdParty:1030 - CMSIS Pack Vendor :STMicroelectronics FP-SNS-MOTENVWB1 1.4.0
2024-06-18 09:31:31,795 [INFO] ThirdParty:1030 - CMSIS Pack Vendor :STMicroelectronics X-CUBE-AZRTOS-F4 1.1.0
2024-06-18 09:31:31,795 [INFO] ThirdParty:1030 - CMSIS Pack Vendor :STMicroelectronics LIBJPEG 8.0.0
2024-06-18 09:31:31,795 [INFO] ThirdParty:1030 - CMSIS Pack Vendor :STMicroelectronics X-CUBE-SMBUS 2.1.0
2024-06-18 09:31:31,795 [INFO] ThirdParty:1030 - CMSIS Pack Vendor :STMicroelectronics USB_DEVICE 3.0.0
2024-06-18 09:31:31,795 [INFO] ThirdParty:1030 - CMSIS Pack Vendor :STMicroelectronics X-CUBE-TCPP 4.1.0
2024-06-18 09:31:31,795 [INFO] ThirdParty:1030 - CMSIS Pack Vendor :STMicroelectronics X-CUBE-FREERTOS 1.2.0
2024-06-18 09:31:31,796 [INFO] ThirdParty:1030 - CMSIS Pack Vendor :STMicroelectronics X-CUBE-AZRTOS-WB 2.0.0
2024-06-18 09:31:31,796 [INFO] ThirdParty:1030 - CMSIS Pack Vendor :wolfSSL I-CUBE-wolfSSL 5.6.6
2024-06-18 09:31:31,796 [INFO] ThirdParty:1030 - CMSIS Pack Vendor :STMicroelectronics X-CUBE-TOUCHGFX 4.23.0
2024-06-18 09:31:31,796 [INFO] ThirdParty:1030 - CMSIS Pack Vendor :STMicroelectronics X-CUBE-TOUCHGFX 4.23.2
2024-06-18 09:31:31,796 [INFO] ThirdParty:1030 - CMSIS Pack Vendor :STMicroelectronics X-CUBE-AZRTOS-F7 1.1.0
2024-06-18 09:31:31,796 [INFO] ThirdParty:1030 - CMSIS Pack Vendor :STMicroelectronics X-CUBE-AZRTOS-L5 2.0.0
2024-06-18 09:31:31,796 [INFO] ThirdParty:1030 - CMSIS Pack Vendor :STMicroelectronics USB_DEVICE 2.0.0
2024-06-18 09:31:31,796 [INFO] ThirdParty:1030 - CMSIS Pack Vendor :STMicroelectronics X-CUBE-NFC6 3.1.0
2024-06-18 09:31:31,796 [INFO] ThirdParty:1030 - CMSIS Pack Vendor :ITTIA_DB I-CUBE-ITTIADB 8.8.0
2024-06-18 09:31:31,796 [INFO] ThirdParty:1030 - CMSIS Pack Vendor :STMicroelectronics FP-SNS-MOTENV1 4.3.2
2024-06-18 09:31:31,796 [INFO] ThirdParty:1030 - CMSIS Pack Vendor :STMicroelectronics X-CUBE-ALGOBUILD 1.3.0
2024-06-18 09:31:31,796 [INFO] ThirdParty:1030 - CMSIS Pack Vendor :STMicroelectronics FreeRTOS 0.0.1
2024-06-18 09:31:31,796 [INFO] ThirdParty:1030 - CMSIS Pack Vendor :STMicroelectronics X-CUBE-AZRTOS-G0 1.1.0
2024-06-18 09:31:31,796 [INFO] ThirdParty:1030 - CMSIS Pack Vendor :STMicroelectronics X-CUBE-SAFEA1 1.2.2
2024-06-18 09:31:31,796 [INFO] ThirdParty:1030 - CMSIS Pack Vendor :STMicroelectronics X-CUBE-NFC4 3.0.0
2024-06-18 09:31:31,796 [INFO] ThirdParty:1030 - CMSIS Pack Vendor :STMicroelectronics X-CUBE-SUBG2 5.0.0
2024-06-18 09:31:31,796 [INFO] ThirdParty:1030 - CMSIS Pack Vendor :STMicroelectronics STM32_WPAN 1.0.0
2024-06-18 09:31:31,796 [INFO] ThirdParty:1030 - CMSIS Pack Vendor :wolfSSL I-CUBE-wolfMQTT 1.18.0
2024-06-18 09:31:31,796 [INFO] ThirdParty:1030 - CMSIS Pack Vendor :STMicroelectronics lwIP 2.0.3
2024-06-18 09:31:31,796 [INFO] ThirdParty:1030 - CMSIS Pack Vendor :STMicroelectronics FP-SNS-FLIGHT1 5.0.2
2024-06-18 09:31:31,796 [INFO] ThirdParty:1030 - CMSIS Pack Vendor :Cesanta I-CUBE-Mongoose 7.13.0
2024-06-18 09:31:31,796 [INFO] ThirdParty:1030 - CMSIS Pack Vendor :STMicroelectronics USB_HOST 1.0.0
2024-06-18 09:31:31,796 [INFO] ThirdParty:1030 - CMSIS Pack Vendor :STMicroelectronics X-CUBE-AI 9.0.0
2024-06-18 09:31:31,796 [INFO] ThirdParty:1030 - CMSIS Pack Vendor :STMicroelectronics X-CUBE-AZRTOS-G4 2.0.0
2024-06-18 09:31:31,796 [INFO] ThirdParty:1030 - CMSIS Pack Vendor :STMicroelectronics PDM2PCM 3.1.0
2024-06-18 09:31:31,796 [INFO] ThirdParty:1030 - CMSIS Pack Vendor :Infineon AIROC-Wi-Fi-Bluetooth-STM32 1.5.1
2024-06-18 09:31:31,797 [INFO] ThirdParty:1030 - CMSIS Pack Vendor :STMicroelectronics PDM2PCM 3.3.0
2024-06-18 09:31:31,797 [INFO] ThirdParty:1030 - CMSIS Pack Vendor :STMicroelectronics X-CUBE-DISPLAY 3.0.0
2024-06-18 09:31:31,797 [INFO] ThirdParty:1030 - CMSIS Pack Vendor :STMicroelectronics FP-SNS-MOTENVWB1 1.3.1
2024-06-18 09:31:31,797 [INFO] ThirdParty:1030 - CMSIS Pack Vendor :STMicroelectronics X-CUBE-BLE1 7.0.0
2024-06-18 09:31:31,797 [INFO] ThirdParty:1030 - CMSIS Pack Vendor :STMicroelectronics FP-ATR-SIGFOX1 3.2.0
2024-06-18 09:31:31,797 [INFO] ThirdParty:1030 - CMSIS Pack Vendor :STMicroelectronics X-CUBE-ISPU 2.0.0
2024-06-18 09:31:31,797 [INFO] ThirdParty:1030 - CMSIS Pack Vendor :STMicroelectronics X-CUBE-EEPRMA1 5.1.0
2024-06-18 09:31:31,797 [INFO] ThirdParty:1030 - CMSIS Pack Vendor :STMicroelectronics HAL Drivers 0.0.0
2024-06-18 09:31:31,797 [INFO] ThirdParty:1030 - CMSIS Pack Vendor :STMicroelectronics MBEDTLS 2.16.2
2024-06-18 09:31:31,797 [INFO] ThirdParty:1030 - CMSIS Pack Vendor :STMicroelectronics X-CUBE-ALS 1.0.2
2024-06-18 09:31:31,797 [INFO] ThirdParty:1030 - CMSIS Pack Vendor :emotas I-CUBE-CANOPEN 1.3.0
2024-06-18 09:31:31,797 [INFO] ThirdParty:1030 - CMSIS Pack Vendor :STMicroelectronics X-CUBE-MEMS1 10.0.0
2024-06-18 09:31:31,797 [INFO] ThirdParty:1030 - CMSIS Pack Vendor :STMicroelectronics X-CUBE-FREERTOS 1.1.0
2024-06-18 09:31:31,797 [INFO] ThirdParty:1030 - CMSIS Pack Vendor :STMicroelectronics X-CUBE-NFC7 1.0.1
2024-06-18 09:31:31,797 [INFO] ThirdParty:1030 - CMSIS Pack Vendor :STMicroelectronics MBEDTLS 2.14.1
2024-06-18 09:31:31,797 [INFO] ThirdParty:1030 - CMSIS Pack Vendor :portGmbH I-Cube-SoM-uGOAL 1.1.0
2024-06-18 09:31:31,797 [INFO] ThirdParty:1030 - CMSIS Pack Vendor :STMicroelectronics X-CUBE-ALS 1.0.1
2024-06-18 09:31:31,797 [INFO] ThirdParty:1030 - CMSIS Pack Vendor :STMicroelectronics X-CUBE-BLEMGR 3.1.0
2024-06-18 09:31:31,797 [INFO] ThirdParty:1030 - CMSIS Pack Vendor :STMicroelectronics ThreadX 1.0.0
2024-06-18 09:31:31,797 [INFO] ThirdParty:1030 - CMSIS Pack Vendor :STMicroelectronics FP-SNS-SMARTAG2 1.2.0
2024-06-18 09:31:31,797 [INFO] ThirdParty:1030 - CMSIS Pack Vendor :STMicroelectronics X-CUBE-AZRTOS-WL 2.0.0
2024-06-18 09:31:31,797 [INFO] ThirdParty:1030 - CMSIS Pack Vendor :SEGGER I-CUBE-embOS 1.3.1
2024-06-18 09:31:31,797 [INFO] ThirdParty:1030 - CMSIS Pack Vendor :STMicroelectronics X-CUBE-ALGOBUILD 1.4.0
2024-06-18 09:31:31,797 [INFO] ThirdParty:1030 - CMSIS Pack Vendor :STMicroelectronics FP-SNS-MOTENV1 5.0.0
2024-06-18 09:31:31,797 [INFO] ThirdParty:1030 - CMSIS Pack Vendor :STMicroelectronics USB_DEVICE 1.0.0
2024-06-18 09:31:31,798 [INFO] ThirdParty:1030 - CMSIS Pack Vendor :STMicroelectronics X-CUBE-AI 8.1.0
2024-06-18 09:31:31,798 [INFO] ThirdParty:1030 - CMSIS Pack Vendor :STMicroelectronics X-CUBE-AZRTOS-H7RS 1.0.0
2024-06-18 09:31:31,798 [INFO] ThirdParty:1030 - CMSIS Pack Vendor :STMicroelectronics X-CUBE-AZRTOS-L4 2.0.0
2024-06-18 09:31:31,798 [INFO] ThirdParty:1030 - CMSIS Pack Vendor :STMicroelectronics ThreadX 0.0.2
2024-06-18 09:31:31,798 [INFO] ThirdParty:1030 - CMSIS Pack Vendor :WES I-CUBE-Cesium 1.3.0
2024-06-18 09:31:31,798 [INFO] ThirdParty:1030 - CMSIS Pack Vendor :STMicroelectronics FP-ATR-ASTRA1 2.0.0
2024-06-18 09:31:31,798 [INFO] ThirdParty:1030 - CMSIS Pack Vendor :STMicroelectronics lwIP 2.1.2
2024-06-18 09:31:31,798 [INFO] ThirdParty:1030 - CMSIS Pack Vendor :STMicroelectronics X-CUBE-SFXS2LP1 4.0.0
2024-06-18 09:31:31,798 [INFO] ThirdParty:1030 - CMSIS Pack Vendor :STMicroelectronics X-CUBE-BLE2 3.3.0
2024-06-18 09:31:31,798 [INFO] ThirdParty:1030 - CMSIS Pack Vendor :STMicroelectronics X-CUBE-TOF1 3.4.1
2024-06-18 09:31:31,798 [INFO] ThirdParty:1030 - CMSIS Pack Vendor :STMicroelectronics X-CUBE-AZRTOS-H7 3.2.0
2024-06-18 09:31:31,798 [INFO] ThirdParty:1030 - CMSIS Pack Vendor :STMicroelectronics PDM2PCM 3.2.0
2024-06-18 09:31:31,798 [INFO] ThirdParty:841 - exiting critical section [change project]
2024-06-18 09:31:32,269 [INFO] PinOutPanel:1499 - setPackage(No Configuration,No Configuration)
2024-06-18 09:31:32,272 [INFO] PinOutPanel:1499 - setPackage(STM32F407VGTx,LQFP100)
2024-06-18 09:31:32,689 [INFO] UtilMem:75 - Before build in PCC Used Memory: 890842536 Bytes (1073741824)
2024-06-18 09:31:33,638 [INFO] UtilMem:75 - After build in PCC Used Memory: 633436560 Bytes (1073741824)
2024-06-18 09:31:33,767 [INFO] ApiDbMcu:507 - Load IP Config File for FREERTOS
2024-06-18 09:31:33,805 [INFO] IPUIPlugin:80 - create IPUIPlugin
2024-06-18 09:31:33,806 [INFO] IPUIPlugin:80 - create IPUIPlugin
2024-06-18 09:31:33,806 [INFO] IPUIPlugin:80 - create IPUIPlugin
2024-06-18 09:31:33,806 [INFO] IPUIPlugin:80 - create IPUIPlugin
2024-06-18 09:31:33,806 [INFO] IPUIPlugin:80 - create IPUIPlugin
2024-06-18 09:31:33,806 [INFO] IPUIPlugin:80 - create IPUIPlugin
2024-06-18 09:31:33,807 [INFO] IPUIPlugin:80 - create IPUIPlugin
2024-06-18 09:31:33,807 [INFO] IPUIPlugin:80 - create IPUIPlugin
2024-06-18 09:31:33,807 [INFO] IPUIPlugin:80 - create IPUIPlugin
2024-06-18 09:31:33,808 [INFO] IPUIPlugin:80 - create IPUIPlugin
2024-06-18 09:31:33,808 [INFO] IPUIPlugin:80 - create IPUIPlugin
2024-06-18 09:31:33,808 [INFO] IPUIPlugin:80 - create IPUIPlugin
2024-06-18 09:31:33,808 [INFO] IPUIPlugin:80 - create IPUIPlugin
2024-06-18 09:31:33,808 [INFO] IPUIPlugin:80 - create IPUIPlugin
2024-06-18 09:31:33,808 [INFO] IPUIPlugin:80 - create IPUIPlugin
2024-06-18 09:31:33,808 [INFO] IPUIPlugin:80 - create IPUIPlugin
2024-06-18 09:31:33,809 [INFO] IPUIPlugin:80 - create IPUIPlugin
2024-06-18 09:31:33,809 [INFO] IPUIPlugin:80 - create IPUIPlugin
2024-06-18 09:31:33,809 [INFO] IPUIPlugin:80 - create IPUIPlugin
2024-06-18 09:31:33,809 [INFO] IPUIPlugin:80 - create IPUIPlugin
2024-06-18 09:31:33,809 [INFO] IPUIPlugin:80 - create IPUIPlugin
2024-06-18 09:31:33,810 [INFO] IPUIPlugin:80 - create IPUIPlugin
2024-06-18 09:31:33,810 [INFO] IPUIPlugin:80 - create IPUIPlugin
2024-06-18 09:31:33,810 [INFO] IPUIPlugin:80 - create IPUIPlugin
2024-06-18 09:31:33,810 [INFO] IPUIPlugin:80 - create IPUIPlugin
2024-06-18 09:31:33,810 [INFO] IPUIPlugin:80 - create IPUIPlugin
2024-06-18 09:31:33,810 [INFO] IPUIPlugin:80 - create IPUIPlugin
2024-06-18 09:31:33,811 [INFO] IPUIPlugin:80 - create IPUIPlugin
2024-06-18 09:31:33,811 [INFO] IPUIPlugin:80 - create IPUIPlugin
2024-06-18 09:31:33,811 [INFO] IPUIPlugin:80 - create IPUIPlugin
2024-06-18 09:31:33,811 [INFO] IPUIPlugin:80 - create IPUIPlugin
2024-06-18 09:31:33,811 [INFO] IPUIPlugin:80 - create IPUIPlugin
2024-06-18 09:31:33,811 [INFO] IPUIPlugin:80 - create IPUIPlugin
2024-06-18 09:31:33,812 [INFO] IPUIPlugin:80 - create IPUIPlugin
2024-06-18 09:31:33,812 [INFO] IPUIPlugin:80 - create IPUIPlugin
2024-06-18 09:31:33,812 [INFO] IPUIPlugin:80 - create IPUIPlugin
2024-06-18 09:31:33,812 [INFO] IPUIPlugin:80 - create IPUIPlugin
2024-06-18 09:31:33,813 [INFO] IPUIPlugin:80 - create IPUIPlugin
2024-06-18 09:31:33,813 [INFO] IPUIPlugin:80 - create IPUIPlugin
2024-06-18 09:31:33,813 [INFO] IPUIPlugin:80 - create IPUIPlugin
2024-06-18 09:31:33,814 [INFO] IPUIPlugin:80 - create IPUIPlugin
2024-06-18 09:31:33,814 [INFO] IPUIPlugin:80 - create IPUIPlugin
2024-06-18 09:31:33,814 [INFO] IPUIPlugin:80 - create IPUIPlugin
2024-06-18 09:31:33,815 [INFO] IPUIPlugin:80 - create IPUIPlugin
2024-06-18 09:31:33,815 [INFO] IPUIPlugin:80 - create IPUIPlugin
2024-06-18 09:31:33,815 [INFO] IPUIPlugin:80 - create IPUIPlugin
2024-06-18 09:31:33,816 [INFO] IPUIPlugin:80 - create IPUIPlugin
2024-06-18 09:31:33,816 [INFO] IPUIPlugin:80 - create IPUIPlugin
2024-06-18 09:31:33,816 [INFO] IPUIPlugin:80 - create IPUIPlugin
2024-06-18 09:31:33,817 [INFO] IPUIPlugin:80 - create IPUIPlugin
2024-06-18 09:31:33,817 [INFO] IPUIPlugin:80 - create IPUIPlugin
2024-06-18 09:31:33,817 [INFO] IPUIPlugin:80 - create IPUIPlugin
2024-06-18 09:31:33,818 [INFO] IPUIPlugin:80 - create IPUIPlugin
2024-06-18 09:31:33,818 [INFO] IPUIPlugin:80 - create IPUIPlugin
2024-06-18 09:31:33,819 [INFO] IPUIPlugin:80 - create IPUIPlugin
2024-06-18 09:31:33,820 [INFO] IPUIPlugin:80 - create IPUIPlugin
2024-06-18 09:31:33,820 [INFO] IPUIPlugin:80 - create IPUIPlugin
2024-06-18 09:31:33,821 [INFO] IPUIPlugin:80 - create IPUIPlugin
2024-06-18 09:31:33,838 [INFO] ApiDbMcu:507 - Load IP Config File for PDM2PCM
2024-06-18 09:31:33,883 [WARN] FreeRTOS:1023 - Null or empty value: should not occur! (nothing added to the table)
2024-06-18 09:31:34,135 [INFO] CADModel:165 - CPN selected for project levelSTM32F407VGT6
2024-06-18 09:31:34,135 [INFO] CADModel:114 - Register for checkConnection events
2024-06-18 09:31:34,139 [INFO] RtosManager:697 - Active RTOS found at IOC load: FREERTOS [Cortex-M4NS]
2024-06-18 09:31:34,202 [INFO] OpenFileManager:328 - Restore cursor
2024-06-18 11:17:01,327 [ERROR] LogOutputStream:75 - [STDERR_REDIRECT] 
