2024-06-07 16:47:19,510 [INFO] Activator:176 - 


2024-06-07 16:47:19,518 [INFO] Activator:177 - !SESSION log4j initialized
2024-06-07 16:47:29,080 [INFO] LogOutputStream:77 - [STDOUT_REDIRECT] 
2024-06-07 16:47:33,269 [INFO] ApplicationProperties:184 - Using Application install path: C:\ST\STM32CubeIDE_1.13.0\STM32CubeIDE\plugins\com.st.stm32cube.common.mx_6.9.2.202309101412
2024-06-07 16:47:33,287 [INFO] DbMcusXml:78 - Set database path to: C:\ST\STM32CubeIDE_1.13.0\STM32CubeIDE\plugins\com.st.stm32cube.common.mx_6.9.2.202309101412\\db\/mcu/
2024-06-07 16:47:33,287 [INFO] ApiDb:274 - Set plugin database path to: C:\ST\STM32CubeIDE_1.13.0\STM32CubeIDE\plugins\com.st.stm32cube.common.mx_6.9.2.202309101412\\db\/plugins/boardmanager/
2024-06-07 16:47:33,288 [WARN] ApiDb:259 - Overriding images path with different value:  => C:\ST\STM32CubeIDE_1.13.0\STM32CubeIDE\plugins\com.st.stm32cube.common.mx_6.9.2.202309101412\\db\/plugins/mcufinder/images/
2024-06-07 16:47:33,306 [INFO] ApiDb:250 - Set database path to: C:\Users\OS\.stmcufinder\plugins\mcufinder//mcu/
2024-06-07 16:47:33,308 [INFO] DbMcusAds:125 - Set database path to: C:\Users\OS\.stmcufinder\plugins\mcufinder//mcu/
2024-06-07 16:47:34,151 [INFO] CrossReferenceDbSqlite:203 - Set database path to: C:\Users\OS\.stmcufinder\plugins\mcufinder//mcu/cs/
2024-06-07 16:47:34,276 [INFO] RulesReader:64 - Compatibility file has been processed (293 Rules)
2024-06-07 16:47:34,368 [INFO] DbMcusXml:78 - Set database path to: C:\ST\STM32CubeIDE_1.13.0\STM32CubeIDE\plugins\com.st.stm32cube.common.mx_6.9.2.202309101412\\db\/mcu/
2024-06-07 16:47:34,369 [INFO] ApiDb:274 - Set plugin database path to: C:\ST\STM32CubeIDE_1.13.0\STM32CubeIDE\plugins\com.st.stm32cube.common.mx_6.9.2.202309101412\\db\/plugins/boardmanager/
2024-06-07 16:47:34,369 [INFO] ApiDb:261 - Set plugin images path to: C:\ST\STM32CubeIDE_1.13.0\STM32CubeIDE\plugins\com.st.stm32cube.common.mx_6.9.2.202309101412\\db\/plugins/mcufinder/images/
2024-06-07 16:47:34,369 [WARN] DbFile:41 - Overriding database path with different value: C:\Users\OS\.stmcufinder\plugins\mcufinder/ => C:\Users\OS\.stmcufinder\plugins\mcufinder
2024-06-07 16:47:34,369 [INFO] ApiDb:250 - Set database path to: C:\Users\OS\.stmcufinder\plugins\mcufinder//mcu/
2024-06-07 16:47:34,369 [WARN] DbFile:41 - Overriding database path with different value: C:\Users\OS\.stmcufinder\plugins\mcufinder/ => C:\Users\OS\.stmcufinder\plugins\mcufinder
2024-06-07 16:47:34,369 [INFO] DbMcusAds:125 - Set database path to: C:\Users\OS\.stmcufinder\plugins\mcufinder//mcu/
2024-06-07 16:47:34,369 [WARN] DbFile:41 - Overriding database path with different value: C:\Users\OS\.stmcufinder\plugins\mcufinder/ => C:\Users\OS\.stmcufinder\plugins\mcufinder
2024-06-07 16:47:34,369 [WARN] DbFile:41 - Overriding database path with different value: C:\Users\OS\.stmcufinder\plugins\mcufinder/ => C:\Users\OS\.stmcufinder\plugins\mcufinder
2024-06-07 16:47:35,150 [INFO] CrossReferenceDbSqlite:203 - Set database path to: C:\Users\OS\.stmcufinder\plugins\mcufinder//mcu/cs/
2024-06-07 16:47:35,230 [INFO] MainPanel:262 - HeapMemory: 268435456
2024-06-07 16:47:35,328 [INFO] DbMcusXml:78 - Set database path to: C:\ST\STM32CubeIDE_1.13.0\STM32CubeIDE\plugins\com.st.stm32cube.common.mx_6.9.2.202309101412\\db\/mcu/
2024-06-07 16:47:35,328 [INFO] ApiDb:274 - Set plugin database path to: C:\ST\STM32CubeIDE_1.13.0\STM32CubeIDE\plugins\com.st.stm32cube.common.mx_6.9.2.202309101412\\db\/plugins/boardmanager/
2024-06-07 16:47:35,328 [INFO] ApiDb:261 - Set plugin images path to: C:\ST\STM32CubeIDE_1.13.0\STM32CubeIDE\plugins\com.st.stm32cube.common.mx_6.9.2.202309101412\\db\/plugins/mcufinder/images/
2024-06-07 16:47:35,328 [WARN] DbFile:41 - Overriding database path with different value: C:\Users\OS\.stmcufinder\plugins\mcufinder/ => C:\Users\OS\.stmcufinder\plugins\mcufinder
2024-06-07 16:47:35,329 [INFO] ApiDb:250 - Set database path to: C:\Users\OS\.stmcufinder\plugins\mcufinder//mcu/
2024-06-07 16:47:35,329 [WARN] DbFile:41 - Overriding database path with different value: C:\Users\OS\.stmcufinder\plugins\mcufinder/ => C:\Users\OS\.stmcufinder\plugins\mcufinder
2024-06-07 16:47:35,329 [INFO] DbMcusAds:125 - Set database path to: C:\Users\OS\.stmcufinder\plugins\mcufinder//mcu/
2024-06-07 16:47:35,329 [WARN] DbFile:41 - Overriding database path with different value: C:\Users\OS\.stmcufinder\plugins\mcufinder/ => C:\Users\OS\.stmcufinder\plugins\mcufinder
2024-06-07 16:47:35,329 [WARN] DbFile:41 - Overriding database path with different value: C:\Users\OS\.stmcufinder\plugins\mcufinder/ => C:\Users\OS\.stmcufinder\plugins\mcufinder
2024-06-07 16:47:36,150 [INFO] CrossReferenceDbSqlite:203 - Set database path to: C:\Users\OS\.stmcufinder\plugins\mcufinder//mcu/cs/
2024-06-07 16:47:36,174 [INFO] ApplicationProperties:184 - Using Application install path: C:\ST\STM32CubeIDE_1.13.0\STM32CubeIDE\plugins\com.st.stm32cube.common.mx_6.9.2.202309101412
2024-06-07 16:47:36,176 [INFO] PluginManage:196 - Search for loadable plugins [exclusion list=, ]
2024-06-07 16:47:36,178 [INFO] PluginManage:310 - Check plugin analytics
2024-06-07 16:47:37,255 [INFO] AnalyticsPlugin:253 - Accepted Software Licenses: STM32CubeMX.6.10.0
2024-06-07 16:47:37,255 [INFO] AnalyticsPlugin:255 - Accepted CMSIS Pack Licenses: 
2024-06-07 16:47:37,255 [INFO] AnalyticsPlugin:257 - Accepted Firmware Licenses: 
2024-06-07 16:47:37,257 [INFO] PluginManage:359 - Loaded plugin analytics (category:tool,tabindex:-1)
2024-06-07 16:47:37,257 [INFO] PluginManage:310 - Check plugin cadmodel
2024-06-07 16:47:37,270 [INFO] CADModel:105 - Init CAD model plugin
2024-06-07 16:47:37,270 [INFO] PluginManage:359 - Loaded plugin cadmodel (category:power,tabindex:5)
2024-06-07 16:47:37,271 [INFO] PluginManage:310 - Check plugin clock
2024-06-07 16:47:37,287 [INFO] PluginManage:359 - Loaded plugin clock (category:base,tabindex:2)
2024-06-07 16:47:37,287 [INFO] PluginManage:310 - Check plugin ddr
2024-06-07 16:47:37,289 [INFO] PluginManage:359 - Loaded plugin ddr (category:tool,tabindex:6)
2024-06-07 16:47:37,289 [INFO] PluginManage:310 - Check plugin filemanager
2024-06-07 16:47:37,428 [INFO] PluginManage:359 - Loaded plugin filemanager (category:base,tabindex:10)
2024-06-07 16:47:37,429 [INFO] PluginManage:310 - Check plugin ipmanager
2024-06-07 16:47:37,436 [INFO] PluginManage:359 - Loaded plugin ipmanager (category:base,tabindex:5)
2024-06-07 16:47:37,436 [INFO] PluginManage:310 - Check plugin lpbam
2024-06-07 16:47:37,450 [INFO] PluginManage:359 - Loaded plugin lpbam (category:base,tabindex:0)
2024-06-07 16:47:37,450 [INFO] PluginManage:310 - Check plugin memorymap
2024-06-07 16:47:37,468 [INFO] PluginManage:359 - Loaded plugin memorymap (category:base,tabindex:4)
2024-06-07 16:47:37,468 [INFO] PluginManage:310 - Check plugin pinoutandconfiguration
2024-06-07 16:47:37,484 [INFO] PluginManage:359 - Loaded plugin pinoutandconfiguration (category:base,tabindex:1)
2024-06-07 16:47:37,484 [INFO] PluginManage:310 - Check plugin pinoutconfig
2024-06-07 16:47:37,568 [WARN] SupportedApi:132 - Cannot load RTOS API schema: s4s-elt-must-match.1: The content of 'definitions' must match (annotation?, (simpleType | complexType)?, (unique | key | keyref)*)). A problem was found starting at: attribute.
2024-06-07 16:47:37,696 [INFO] PluginManage:359 - Loaded plugin pinoutconfig (category:base,tabindex:0)
2024-06-07 16:47:37,697 [INFO] PluginManage:310 - Check plugin power
2024-06-07 16:47:37,716 [INFO] PluginManage:359 - Loaded plugin power (category:power,tabindex:4)
2024-06-07 16:47:37,716 [INFO] PluginManage:310 - Check plugin projectmanager
2024-06-07 16:47:37,728 [INFO] PluginManage:359 - Loaded plugin projectmanager (category:projectmanager,tabindex:3)
2024-06-07 16:47:37,729 [INFO] PluginManage:310 - Check plugin thirdparty
2024-06-07 16:47:37,979 [INFO] PluginManage:359 - Loaded plugin thirdparty (category:base,tabindex:-1)
2024-06-07 16:47:37,979 [WARN] IntegrityCheckThread:84 - waiting for thirdparty lock release [integrity check]
2024-06-07 16:47:37,979 [INFO] PluginManage:310 - Check plugin tools
2024-06-07 16:47:37,979 [INFO] IntegrityCheckThread:86 - entering critical section [integrity check]
2024-06-07 16:47:37,979 [INFO] ThirdPartyUpdaterWithRetryManager:70 - Updater plugin not ready yet. [1/15]
2024-06-07 16:47:38,009 [INFO] PluginManage:359 - Loaded plugin tools (category:base,tabindex:7)
2024-06-07 16:47:38,009 [INFO] PluginManage:310 - Check plugin tutovideos
2024-06-07 16:47:38,177 [INFO] PluginManage:359 - Loaded plugin tutovideos (category:base,tabindex:-1)
2024-06-07 16:47:38,178 [INFO] PluginManage:310 - Check plugin updater
2024-06-07 16:47:38,186 [INFO] PluginManage:359 - Loaded plugin updater (category:base,tabindex:12)
2024-06-07 16:47:38,187 [INFO] PluginManage:310 - Check plugin userauth
2024-06-07 16:47:38,192 [INFO] UserAuth:113 - Init User Auth plugin
2024-06-07 16:47:38,192 [INFO] PluginManage:359 - Loaded plugin userauth (category:base,tabindex:14)
2024-06-07 16:47:38,193 [INFO] PluginManage:283 - PluginManage : Loaded plugins [17]
2024-06-07 16:47:38,402 [INFO] PinOutPanel:1499 - setPackage(No Configuration,No Configuration)
2024-06-07 16:47:38,516 [INFO] CADModel:165 - CPN selected for project level
2024-06-07 16:47:38,517 [INFO] CADModel:114 - Register for checkConnection events
2024-06-07 16:47:38,541 [INFO] IPUIPlugin:80 - create IPUIPlugin
2024-06-07 16:47:38,541 [INFO] PluginManager:220 - loadIPPluginJar : add adc
2024-06-07 16:47:38,574 [INFO] IPUIPlugin:80 - create IPUIPlugin
2024-06-07 16:47:38,574 [INFO] PluginManager:220 - loadIPPluginJar : add aes
2024-06-07 16:47:38,612 [INFO] IPUIPlugin:80 - create IPUIPlugin
2024-06-07 16:47:38,613 [INFO] PluginManager:220 - loadIPPluginJar : add can
2024-06-07 16:47:38,637 [INFO] IPUIPlugin:80 - create IPUIPlugin
2024-06-07 16:47:38,637 [INFO] PluginManager:220 - loadIPPluginJar : add comp
2024-06-07 16:47:38,673 [INFO] IPUIPlugin:80 - create IPUIPlugin
2024-06-07 16:47:38,673 [INFO] PluginManager:220 - loadIPPluginJar : add cryp
2024-06-07 16:47:38,702 [INFO] IPUIPlugin:80 - create IPUIPlugin
2024-06-07 16:47:38,702 [INFO] PluginManager:220 - loadIPPluginJar : add dfsdm
2024-06-07 16:47:38,716 [INFO] IPUIPlugin:80 - create IPUIPlugin
2024-06-07 16:47:38,716 [INFO] PluginManager:220 - loadIPPluginJar : add dma
2024-06-07 16:47:38,760 [INFO] IPUIPlugin:80 - create IPUIPlugin
2024-06-07 16:47:38,761 [INFO] PluginManager:220 - loadIPPluginJar : add dma3
2024-06-07 16:47:38,780 [INFO] IPUIPlugin:80 - create IPUIPlugin
2024-06-07 16:47:38,781 [INFO] PluginManager:220 - loadIPPluginJar : add fatfs
2024-06-07 16:47:38,828 [INFO] IPUIPlugin:80 - create IPUIPlugin
2024-06-07 16:47:38,828 [INFO] PluginManager:220 - loadIPPluginJar : add fmc
2024-06-07 16:47:38,842 [INFO] IPUIPlugin:80 - create IPUIPlugin
2024-06-07 16:47:38,844 [INFO] PluginManager:220 - loadIPPluginJar : add freertos
2024-06-07 16:47:38,862 [INFO] IPUIPlugin:80 - create IPUIPlugin
2024-06-07 16:47:38,862 [INFO] PluginManager:220 - loadIPPluginJar : add genericplugin
2024-06-07 16:47:38,955 [INFO] IPUIPlugin:80 - create IPUIPlugin
2024-06-07 16:47:38,955 [INFO] PluginManager:220 - loadIPPluginJar : add gfxmmu
2024-06-07 16:47:39,075 [INFO] IPUIPlugin:80 - create IPUIPlugin
2024-06-07 16:47:39,075 [INFO] PluginManager:220 - loadIPPluginJar : add gic
2024-06-07 16:47:39,086 [INFO] IPUIPlugin:80 - create IPUIPlugin
2024-06-07 16:47:39,086 [INFO] PluginManager:220 - loadIPPluginJar : add gpio
2024-06-07 16:47:39,173 [INFO] IPUIPlugin:80 - create IPUIPlugin
2024-06-07 16:47:39,173 [INFO] PluginManager:220 - loadIPPluginJar : add gtzc
2024-06-07 16:47:39,202 [INFO] IPUIPlugin:80 - create IPUIPlugin
2024-06-07 16:47:39,202 [INFO] PluginManager:220 - loadIPPluginJar : add hash
2024-06-07 16:47:39,246 [INFO] IPUIPlugin:80 - create IPUIPlugin
2024-06-07 16:47:39,246 [INFO] PluginManager:220 - loadIPPluginJar : add i2c
2024-06-07 16:47:39,283 [INFO] IPUIPlugin:80 - create IPUIPlugin
2024-06-07 16:47:39,283 [INFO] PluginManager:220 - loadIPPluginJar : add i2s
2024-06-07 16:47:39,321 [INFO] IPUIPlugin:80 - create IPUIPlugin
2024-06-07 16:47:39,321 [INFO] PluginManager:220 - loadIPPluginJar : add i3c
2024-06-07 16:47:39,415 [INFO] IPUIPlugin:80 - create IPUIPlugin
2024-06-07 16:47:39,415 [INFO] PluginManager:220 - loadIPPluginJar : add ipddr
2024-06-07 16:47:39,498 [INFO] IPUIPlugin:80 - create IPUIPlugin
2024-06-07 16:47:39,498 [INFO] PluginManager:220 - loadIPPluginJar : add linkedlist
2024-06-07 16:47:39,528 [INFO] IPUIPlugin:80 - create IPUIPlugin
2024-06-07 16:47:39,528 [INFO] PluginManager:220 - loadIPPluginJar : add lorawan
2024-06-07 16:47:39,560 [INFO] IPUIPlugin:80 - create IPUIPlugin
2024-06-07 16:47:39,560 [INFO] PluginManager:220 - loadIPPluginJar : add ltdc
2024-06-07 16:47:39,572 [INFO] IPUIPlugin:80 - create IPUIPlugin
2024-06-07 16:47:39,572 [INFO] PluginManager:220 - loadIPPluginJar : add mdma
2024-06-07 16:47:39,583 [INFO] IPUIPlugin:80 - create IPUIPlugin
2024-06-07 16:47:39,583 [INFO] PluginManager:220 - loadIPPluginJar : add nvic
2024-06-07 16:47:39,619 [INFO] IPUIPlugin:80 - create IPUIPlugin
2024-06-07 16:47:39,619 [INFO] PluginManager:220 - loadIPPluginJar : add opamp
2024-06-07 16:47:39,684 [INFO] IPUIPlugin:80 - create IPUIPlugin
2024-06-07 16:47:39,684 [INFO] PluginManager:220 - loadIPPluginJar : add openamp
2024-06-07 16:47:39,728 [INFO] IPUIPlugin:80 - create IPUIPlugin
2024-06-07 16:47:39,728 [INFO] PluginManager:220 - loadIPPluginJar : add pdm2pcm
2024-06-07 16:47:39,741 [INFO] IPUIPlugin:80 - create IPUIPlugin
2024-06-07 16:47:39,742 [INFO] PluginManager:220 - loadIPPluginJar : add plateformsettings
2024-06-07 16:47:39,763 [INFO] IPUIPlugin:80 - create IPUIPlugin
2024-06-07 16:47:39,763 [INFO] PluginManager:220 - loadIPPluginJar : add quadspi
2024-06-07 16:47:39,775 [INFO] IPUIPlugin:80 - create IPUIPlugin
2024-06-07 16:47:39,775 [INFO] PluginManager:220 - loadIPPluginJar : add resmgrutility
2024-06-07 16:47:39,819 [INFO] IPUIPlugin:80 - create IPUIPlugin
2024-06-07 16:47:39,819 [INFO] PluginManager:220 - loadIPPluginJar : add sai
2024-06-07 16:47:39,854 [INFO] IPUIPlugin:80 - create IPUIPlugin
2024-06-07 16:47:39,854 [INFO] PluginManager:220 - loadIPPluginJar : add spi
2024-06-07 16:47:39,906 [INFO] IPUIPlugin:80 - create IPUIPlugin
2024-06-07 16:47:39,906 [INFO] PluginManager:220 - loadIPPluginJar : add stm32_wpan
2024-06-07 16:47:39,927 [INFO] IPUIPlugin:80 - create IPUIPlugin
2024-06-07 16:47:39,928 [INFO] PluginManager:220 - loadIPPluginJar : add tim
2024-06-07 16:47:39,976 [INFO] IPUIPlugin:80 - create IPUIPlugin
2024-06-07 16:47:39,976 [INFO] PluginManager:220 - loadIPPluginJar : add touchsensing
2024-06-07 16:47:39,998 [INFO] IPUIPlugin:80 - create IPUIPlugin
2024-06-07 16:47:39,998 [INFO] PluginManager:220 - loadIPPluginJar : add tracer_emb
2024-06-07 16:47:40,019 [INFO] IPUIPlugin:80 - create IPUIPlugin
2024-06-07 16:47:40,019 [INFO] PluginManager:220 - loadIPPluginJar : add ts
2024-06-07 16:47:40,038 [INFO] IPUIPlugin:80 - create IPUIPlugin
2024-06-07 16:47:40,038 [INFO] PluginManager:220 - loadIPPluginJar : add tsc
2024-06-07 16:47:40,058 [INFO] IPUIPlugin:80 - create IPUIPlugin
2024-06-07 16:47:40,058 [INFO] PluginManager:220 - loadIPPluginJar : add ucpd
2024-06-07 16:47:40,096 [INFO] IPUIPlugin:80 - create IPUIPlugin
2024-06-07 16:47:40,096 [INFO] PluginManager:220 - loadIPPluginJar : add usart
2024-06-07 16:47:40,139 [INFO] IPUIPlugin:80 - create IPUIPlugin
2024-06-07 16:47:40,139 [INFO] PluginManager:220 - loadIPPluginJar : add usbx
2024-06-07 16:47:40,262 [INFO] CADModel:165 - CPN selected for project level
2024-06-07 16:47:40,262 [INFO] CADModel:114 - Register for checkConnection events
2024-06-07 16:47:40,262 [FATAL] Updater:308 - Updater called before beeing initialized
2024-06-07 16:47:40,262 [ERROR] CADModel:125 - Updater not yet initialized, retry later 
2024-06-07 16:47:40,426 [INFO] CADModel:165 - CPN selected for project level
2024-06-07 16:47:40,426 [INFO] CADModel:114 - Register for checkConnection events
2024-06-07 16:47:40,426 [FATAL] Updater:308 - Updater called before beeing initialized
2024-06-07 16:47:40,427 [ERROR] CADModel:125 - Updater not yet initialized, retry later 
2024-06-07 16:47:40,431 [FATAL] Updater:308 - Updater called before beeing initialized
2024-06-07 16:47:40,528 [FATAL] Updater:308 - Updater called before beeing initialized
2024-06-07 16:47:40,537 [INFO] DbMcusAds:53 - JSON generation date=Thu May 16 16:22:01 ICT 2024 (1715851321456)
2024-06-07 16:47:40,537 [FATAL] Updater:308 - Updater called before beeing initialized
2024-06-07 16:47:40,571 [WARN] DetailPanel:346 - Failed to get advertising image, set to default
2024-06-07 16:47:40,652 [FATAL] Updater:308 - Updater called before beeing initialized
2024-06-07 16:47:40,654 [FATAL] Updater:308 - Updater called before beeing initialized
2024-06-07 16:47:40,654 [FATAL] Updater:308 - Updater called before beeing initialized
2024-06-07 16:47:40,654 [WARN] DetailPanel:346 - Failed to get advertising image, set to default
2024-06-07 16:47:40,655 [FATAL] Updater:308 - Updater called before beeing initialized
2024-06-07 16:47:40,706 [ERROR] Updater:1120 - MainUpdater not yet initialized. External WinMGr cannot be set.
2024-06-07 16:47:40,718 [INFO] Updater:1056 - Updater Version found : 6.9.2
2024-06-07 16:47:40,732 [INFO] ApplicationProperties:184 - Using Application install path: C:\ST\STM32CubeIDE_1.13.0\STM32CubeIDE\plugins\com.st.stm32cube.common.mx_6.9.2.202309101412
2024-06-07 16:47:40,981 [INFO] ThirdPartyUpdaterWithRetryManager:70 - Updater plugin not ready yet. [2/15]
2024-06-07 16:47:41,098 [INFO] MainUpdater:2868 - connection check result : 10
2024-06-07 16:47:41,098 [INFO] MainUpdater:285 - Updater Check For Update Now.
2024-06-07 16:47:41,099 [INFO] MicroXplorer:498 - Change Database Version : DB.6.0.92
2024-06-07 16:47:41,113 [INFO] McuFinderGlobals:63 - Set McuFinder mode to 2 (CubeIDE integrated)
2024-06-07 16:47:41,113 [INFO] UserAuth:179 - activating auth plugin
2024-06-07 16:47:41,115 [INFO] UserAuth:393 - Internet connection configuration mode: 1
2024-06-07 16:47:41,138 [INFO] JxBrowserEngine:151 - Initiate JxBrowser Engine with user profile folder
2024-06-07 16:47:41,298 [INFO] CheckServerUpdateThread:120 - End of CheckServer Thread
2024-06-07 16:47:43,194 [INFO] WebApp:157 - Instantiating new browser for Auth
2024-06-07 16:47:43,797 [INFO] WebApp:753 - Register for checkConnection events
2024-06-07 16:47:43,799 [INFO] WebApp:390 - Apply proxy settings
2024-06-07 16:47:43,799 [INFO] WebApp:475 - Chromium requires no authentication
2024-06-07 16:47:43,807 [INFO] WebApp:418 - Direct internet connection detected
2024-06-07 16:47:43,955 [INFO] WebApp:188 - Starting web application
2024-06-07 16:47:43,956 [INFO] WebApp:520 - Web application path used C:\ST\STM32CubeIDE_1.13.0\STM32CubeIDE\plugins\com.st.stm32cube.common.mx_6.9.2.202309101412\db\plugins\mcufinder\reactClient1\index.html
2024-06-07 16:47:44,214 [WARN] PackLoader:240 - Cannot read IP mode file for STMicroelectronics.FP-SNS-MOTENVWB1.1.4.0
2024-06-07 16:47:44,231 [WARN] PackLoader:240 - Cannot read IP mode file for STMicroelectronics.X-CUBE-SMBUS.2.1.0
2024-06-07 16:47:44,243 [WARN] PackLoader:240 - Cannot read IP mode file for STMicroelectronics.X-CUBE-TOUCHGFX.4.23.0
2024-06-07 16:47:44,252 [WARN] PackLoader:240 - Cannot read IP mode file for STMicroelectronics.X-CUBE-TOUCHGFX.4.23.2
2024-06-07 16:47:44,284 [WARN] PackLoader:240 - Cannot read IP mode file for STMicroelectronics.X-CUBE-AZRTOS-F7.1.1.0
2024-06-07 16:47:44,300 [WARN] PackLoader:240 - Cannot read IP mode file for STMicroelectronics.FP-SNS-MOTENV1.4.3.2
2024-06-07 16:47:44,313 [WARN] PackLoader:240 - Cannot read IP mode file for STMicroelectronics.FP-SNS-FLIGHT1.5.0.2
2024-06-07 16:47:44,334 [WARN] PackLoader:240 - Cannot read IP mode file for STMicroelectronics.X-CUBE-DISPLAY.3.0.0
2024-06-07 16:47:44,358 [WARN] PackLoader:240 - Cannot read IP mode file for STMicroelectronics.X-CUBE-BLE1.7.0.0
2024-06-07 16:47:44,373 [WARN] PackLoader:240 - Cannot read IP mode file for emotas.I-CUBE-CANOPEN.1.3.0
2024-06-07 16:47:44,396 [WARN] PackLoader:240 - Cannot read IP mode file for STMicroelectronics.X-CUBE-BLEMGR.3.1.0
2024-06-07 16:47:44,414 [WARN] PackLoader:240 - Cannot read IP mode file for STMicroelectronics.FP-SNS-SMARTAG2.1.2.0
2024-06-07 16:47:44,442 [INFO] LogOutputStream:77 - [STDOUT_REDIRECT] 1 : Invalid condition id : UX_CORESTACK_Condition cause : null
2024-06-07 16:47:44,446 [INFO] LogOutputStream:77 - [STDOUT_REDIRECT] 1 : Invalid condition id : UX_CORESTACK_Condition cause : null
2024-06-07 16:47:44,447 [INFO] LogOutputStream:77 - [STDOUT_REDIRECT] 1 : Invalid condition id : UX_CORESTACK_Condition cause : null
2024-06-07 16:47:44,448 [INFO] LogOutputStream:77 - [STDOUT_REDIRECT] 1 : Invalid condition id : UX_CORESTACK_Condition cause : null
2024-06-07 16:47:44,449 [INFO] LogOutputStream:77 - [STDOUT_REDIRECT] 1 : Invalid condition id : UX_CORESTACK_Condition cause : null
2024-06-07 16:47:44,454 [WARN] PackLoader:240 - Cannot read IP mode file for STMicroelectronics.X-CUBE-AZRTOS-WL.2.0.0
2024-06-07 16:47:44,466 [WARN] PackLoader:240 - Cannot read IP mode file for STMicroelectronics.FP-SNS-MOTENV1.5.0.0
2024-06-07 16:47:44,481 [WARN] PackLoader:240 - Cannot read IP mode file for WES.I-CUBE-Cesium.1.3.0
2024-06-07 16:47:44,491 [WARN] PackLoader:240 - Cannot read IP mode file for STMicroelectronics.X-CUBE-BLE2.3.3.0
2024-06-07 16:47:44,503 [WARN] PackLoader:240 - Cannot read IP mode file for STMicroelectronics.X-CUBE-TCPP.4.1.0
2024-06-07 16:47:44,514 [WARN] PackLoader:240 - Cannot read IP mode file for STMicroelectronics.X-CUBE-ALGOBUILD.1.3.0
2024-06-07 16:47:44,539 [WARN] PackLoader:240 - Cannot read IP mode file for STMicroelectronics.X-CUBE-AZRTOS-G0.1.1.0
2024-06-07 16:47:44,552 [WARN] PackLoader:240 - Cannot read IP mode file for STMicroelectronics.X-CUBE-SAFEA1.1.2.2
2024-06-07 16:47:44,563 [WARN] PackLoader:240 - Cannot read IP mode file for STMicroelectronics.X-CUBE-NFC4.3.0.0
2024-06-07 16:47:44,573 [WARN] PackLoader:240 - Cannot read IP mode file for wolfSSL.I-CUBE-wolfMQTT.1.18.0
2024-06-07 16:47:44,583 [WARN] PackLoader:240 - Cannot read IP mode file for STMicroelectronics.FP-ATR-SIGFOX1.3.2.0
2024-06-07 16:47:44,595 [WARN] PackLoader:240 - Cannot read IP mode file for STMicroelectronics.X-CUBE-EEPRMA1.5.1.0
2024-06-07 16:47:44,630 [WARN] PackLoader:240 - Cannot read IP mode file for SEGGER.I-CUBE-embOS.1.3.1
2024-06-07 16:47:44,672 [WARN] PackLoader:240 - Cannot read IP mode file for STMicroelectronics.X-CUBE-ALGOBUILD.1.4.0
2024-06-07 16:47:44,686 [WARN] PackLoader:240 - Cannot read IP mode file for STMicroelectronics.X-CUBE-GNSS1.6.0.0
2024-06-07 16:47:44,719 [WARN] PackLoader:240 - Cannot read IP mode file for STMicroelectronics.X-CUBE-AZRTOS-F4.1.1.0
2024-06-07 16:47:44,842 [WARN] PackLoader:240 - Cannot read IP mode file for STMicroelectronics.X-CUBE-FREERTOS.1.2.0
2024-06-07 16:47:44,855 [WARN] PackLoader:240 - Cannot read IP mode file for wolfSSL.I-CUBE-wolfSSL.5.6.6
2024-06-07 16:47:44,887 [WARN] PackLoader:240 - Cannot read IP mode file for STMicroelectronics.X-CUBE-AZRTOS-L5.2.0.0
2024-06-07 16:47:44,902 [WARN] PackLoader:240 - Cannot read IP mode file for STMicroelectronics.X-CUBE-NFC6.3.1.0
2024-06-07 16:47:44,915 [WARN] PackLoader:240 - Cannot read IP mode file for ITTIA_DB.I-CUBE-ITTIADB.8.8.0
2024-06-07 16:47:44,927 [WARN] PackLoader:240 - Cannot read IP mode file for STMicroelectronics.X-CUBE-AI.9.0.0
2024-06-07 16:47:44,941 [WARN] PackLoader:240 - Cannot read IP mode file for STMicroelectronics.X-CUBE-NFC7.1.0.1
2024-06-07 16:47:44,954 [WARN] PackLoader:240 - Cannot read IP mode file for STMicroelectronics.X-CUBE-AI.8.1.0
2024-06-07 16:47:44,980 [WARN] ConditionMgr:438 - getConditionDescription Invalid condition id : LAN8742 Phy interface Condition cause : null
2024-06-07 16:47:44,981 [WARN] PackLoader:240 - Cannot read IP mode file for STMicroelectronics.X-CUBE-AZRTOS-L4.2.0.0
2024-06-07 16:47:44,981 [WARN] ConditionMgr:1039 - genDependencies : Invalid condition id : LAN8742 Phy interface Condition cause : null
2024-06-07 16:47:44,981 [WARN] ConditionMgr:1039 - genDependencies : Invalid condition id : LAN8742 Phy interface Condition cause : null
2024-06-07 16:47:44,982 [WARN] ConditionMgr:1039 - genDependencies : Invalid condition id : LAN8742 Phy interface Condition cause : null
2024-06-07 16:47:44,997 [WARN] PackLoader:240 - Cannot read IP mode file for STMicroelectronics.X-CUBE-SFXS2LP1.4.0.0
2024-06-07 16:47:45,021 [WARN] ConditionMgr:438 - getConditionDescription Invalid condition id : UX DEVICE CLASS RTOS Condition cause : null
2024-06-07 16:47:45,021 [WARN] ConditionMgr:438 - getConditionDescription Invalid condition id : UX DEVICE CLASS RTOS Condition cause : null
2024-06-07 16:47:45,022 [WARN] PackLoader:240 - Cannot read IP mode file for STMicroelectronics.X-CUBE-AZRTOS-WB.2.0.0
2024-06-07 16:47:45,023 [WARN] ConditionMgr:1039 - genDependencies : Invalid condition id : UX DEVICE CLASS RTOS Condition cause : null
2024-06-07 16:47:45,023 [WARN] ConditionMgr:1039 - genDependencies : Invalid condition id : UX DEVICE CLASS RTOS Condition cause : null
2024-06-07 16:47:45,023 [WARN] ConditionMgr:1039 - genDependencies : Invalid condition id : UX DEVICE CLASS RTOS Condition cause : null
2024-06-07 16:47:45,024 [WARN] ConditionMgr:1039 - genDependencies : Invalid condition id : UX DEVICE CLASS RTOS Condition cause : null
2024-06-07 16:47:45,024 [WARN] ConditionMgr:1039 - genDependencies : Invalid condition id : UX DEVICE CLASS RTOS Condition cause : null
2024-06-07 16:47:45,041 [WARN] PackLoader:240 - Cannot read IP mode file for STMicroelectronics.X-CUBE-SUBG2.5.0.0
2024-06-07 16:47:45,055 [WARN] PackLoader:240 - Cannot read IP mode file for Cesanta.I-CUBE-Mongoose.7.13.0
2024-06-07 16:47:45,077 [WARN] PackLoader:240 - Cannot read IP mode file for STMicroelectronics.X-CUBE-AZRTOS-G4.2.0.0
2024-06-07 16:47:45,099 [WARN] PackLoader:240 - Cannot read IP mode file for Infineon.AIROC-Wi-Fi-Bluetooth-STM32.1.5.1
2024-06-07 16:47:45,113 [WARN] PackLoader:240 - Cannot read IP mode file for STMicroelectronics.FP-SNS-MOTENVWB1.1.3.1
2024-06-07 16:47:45,124 [WARN] PackLoader:240 - Cannot read IP mode file for STMicroelectronics.X-CUBE-ISPU.2.0.0
2024-06-07 16:47:45,137 [WARN] PackLoader:240 - Cannot read IP mode file for STMicroelectronics.X-CUBE-ALS.1.0.2
2024-06-07 16:47:45,182 [WARN] PackLoader:240 - Cannot read IP mode file for STMicroelectronics.X-CUBE-MEMS1.10.0.0
2024-06-07 16:47:45,310 [WARN] PackLoader:240 - Cannot read IP mode file for STMicroelectronics.X-CUBE-FREERTOS.1.1.0
2024-06-07 16:47:45,323 [WARN] PackLoader:240 - Cannot read IP mode file for portGmbH.I-Cube-SoM-uGOAL.1.1.0
2024-06-07 16:47:45,335 [WARN] PackLoader:240 - Cannot read IP mode file for STMicroelectronics.X-CUBE-ALS.1.0.1
2024-06-07 16:47:45,363 [WARN] PackLoader:240 - Cannot read IP mode file for STMicroelectronics.X-CUBE-AZRTOS-H7RS.1.0.0
2024-06-07 16:47:45,382 [WARN] PackLoader:240 - Cannot read IP mode file for STMicroelectronics.FP-ATR-ASTRA1.2.0.0
2024-06-07 16:47:45,401 [WARN] PackLoader:240 - Cannot read IP mode file for STMicroelectronics.X-CUBE-TOF1.3.4.1
2024-06-07 16:47:45,437 [WARN] PackLoader:240 - Cannot read IP mode file for STMicroelectronics.X-CUBE-AZRTOS-H7.3.2.0
2024-06-07 16:47:45,440 [INFO] ThirdParty:978 - Integrity check success = true
2024-06-07 16:47:45,440 [INFO] IntegrityCheckThread:100 - exiting critical section [integrity check]
2024-06-07 16:47:45,440 [INFO] IntegrityCheckThread:103 - End integrity checks thread
2024-06-07 16:47:52,714 [ERROR] LogOutputStream:75 - [STDERR_REDIRECT] SLF4J: Failed to load class "org.slf4j.impl.StaticLoggerBinder".
2024-06-07 16:47:52,714 [ERROR] LogOutputStream:75 - [STDERR_REDIRECT] SLF4J: Defaulting to no-operation (NOP) logger implementation
2024-06-07 16:47:52,715 [ERROR] LogOutputStream:75 - [STDERR_REDIRECT] SLF4J: See http://www.slf4j.org/codes.html#StaticLoggerBinder for further details.
2024-06-07 17:01:38,083 [ERROR] LogOutputStream:75 - [STDERR_REDIRECT] 
